^XA
^PRC
^LH0,0^FS
^LL4636
^MD0
^MNY
^LH0,0^FS
^FO541,1923^A0R,31,25^CI13^FR^FDSUPPLIER^FS
^FO508,1923^A0R,31,25^CI13^FR^FD(V)^FS
^FO456,2102^A0R,127,103^CI13^FR^FD084668367^FS
^FO791,47^A0R,31,25^CI13^FR^FD(2P)^FS
^FO233,54^A0R,31,25^CI13^FR^FDSERIAL:^FS
^FO200,54^A0R,31,25^CI13^FR^FD(S)^FS
^FO536,943^A0R,31,25^CI13^FR^FDDATES^FS
^BY3,3.0^FO936,82^B3R,N,152,N,Y^FR^FDP%PNBR%^FS
^FO1073,188^A0R,127,103^CI13^FR^FD%PNBR%^FS
^FO769,2102^A0R,127,103^CI13^FR^FD%ECL%^FS
^BY3,3.0^FO1077,3008^B3R,N,152,N,Y^FR^FDQ%QTY%^FS
^FO806,1903^A0R,31,25^CI13^FR^FD(2P)^FS
^FO937,3142^A0R,127,103^CI13^FR^FD%QTY%^FS
^FO1093,2042^A0R,127,103^CI13^FR^FD%PNBR%^FS
^FO937,1273^A0R,127,103^CI13^FR^FD%QTY%^FS
^BY3,3.0^FO941,1943^B3R,N,152,N,Y^FR^FDP%PNBR%^FS
^FO861,2794^A0R,31,25^CI13^FR^FDWEIGHT^FS
^FO842,1909^A0R,31,25^CI13^FR^FDECL^FS
^FO998,2804^A0R,31,25^CI13^FR^FDQUANTITY:^FS
^FO965,2804^A0R,31,25^CI13^FR^FD(Q)^FS
^FO1163,1909^A0R,31,25^CI13^FR^FDPART NO:^FS
^FO1130,1909^A0R,31,25^CI13^FR^FD(P)^FS
^FO534,3664^A0R,52,42^CI13^FR^FDS^FS
^FO479,3664^A0R,52,42^CI13^FR^FDT^FS
^FO424,3662^A0R,52,42^CI13^FR^FDG^FS
^BY3,3.0^FO634,1945^B3R,N,152,N,Y^FR^FD2P%ECL%^FS
^BY3,3.0^FO332,3757^B3B,N,62,N,Y^FR^FD%SERNBR%%CS% ^FS
^BY3,3.0^FO1077,1139^B3R,N,152,N,Y^FR^FDQ%QTY%^FS
^FO462,4312^A0R,47,47^CI13^FR^FD%DEPT%^FS
^BY3,3.0^FO621,149^B3R,N,152,N,Y^FR^FD2P%ECL%^FS
^FO575,4007^A0R,27,23^CI13^FR^FDQTY^FS
^FO498,4259^A0R,27,23^CI13^FR^FDDEPT^FS
^FO537,3757^A0R,67,33^CI13^FR^FD%PNBR%^FS
^FO399,2959^A0R,127,103^CI13^FR^FDMASTER^FS
^FO539,4064^A0R,63,28^CI13^FR^FD %QTY%^FS
^FO549,4382^A0R,47,28^CI13^FR^FD%PCD%^FS
^FO458,3765^A0R,47,33^CI13^FR^FD%END_DATE%^FS
^FO398,3776^AHR,31,23^CI0^FR^FDN%SERNBR% %CS%^FS
^FO453,4060^A0R,47,33^CI13^FR^FD%GWM%^FS
^FO160,168^A0R,127,103^CI13^FR^FD%SER8%^FS
^FO496,4007^A0R,27,23^CI13^FR^FDWT^FS
^FO578,4263^A0R,27,32^CI13^FR^FDPKG^FS
^FO396,3635^FR^GB216,0,84^FS
^BY3,3.0^FO14,35^B3R,N,152,N,Y^FR^FDS%SER8%^FS
^FO422,1081^A0R,127,103^CI13^FR^FDMASTER^FS
^FO512,2821^A0R,31,25^CI13^FR^FDDATES^FS
^FO159,2799^A0R,55,63^CI13^FR^FD%DESC%^FS
^FO57,2809^A0R,31,35^CI13^FR^FDMFG/QC INFO^FS
^FO257,943^A0R,31,35^CI13^FR^FDDESCRIPTION^FS
^FO174,933^A0R,55,63^CI13^FR^FD%DESC%^FS
^FO83,943^A0R,31,35^CI13^FR^FDMFG/QC INFO^FS
^FO244,2806^A0R,31,35^CI13^FR^FDDESCRIPTION^FS
^BY3,3.0^FO323,94^B3R,N,152,N,Y^FR^FDV084668367^FS
^FO459,233^A0R,127,103^CI13^FR^FD084668367^FS
^FO544,55^A0R,31,25^CI13^FR^FDSUPPLIER^FS
^FO511,55^A0R,31,25^CI13^FR^FD(V)^FS
^BY3,3.0^FO14,1865^B3R,N,152,N,Y^FR^FDS%SER8%^FS
^FO233,1913^A0R,31,25^CI13^FR^FDSERIAL:^FS
^FO200,1913^A0R,31,25^CI13^FR^FD(S)^FS
^FO156,2030^A0R,127,103^CI13^FR^FD%SER8%^FS
^FO770,182^A0R,127,103^CI13^FR^FD%ECL%^FS
^FO861,957^A0R,31,25^CI13^FR^FDWEIGHT^FS
^BY3,3.0^FO320,1963^B3R,N,152,N,Y^FR^FDV084668367^FS
^FO837,48^A0R,31,25^CI13^FR^FDECL^FS
^FO986,971^A0R,31,25^CI13^FR^FDQUANTITY:^FS
^FO953,971^A0R,31,25^CI13^FR^FD(Q)^FS
^FO1158,48^A0R,31,25^CI13^FR^FDPART NO:^FS
^FO1125,48^A0R,31,25^CI13^FR^FD(P)^FS
^FO842,3657^A0R,52,42^CI13^FR^FDW^FS
^FO787,3662^A0R,52,42^CI13^FR^FDH^FS
^FO732,3664^A0R,52,42^CI13^FR^FDS^FS
^BY3,3.0^FO628,3769^B3B,N,62,N,Y^FR^FD%SERNBR%%CS% ^FS
^FO771,4312^A0R,47,47^CI13^FR^FD%DEPT%^FS
^FO886,4007^A0R,27,23^CI13^FR^FDQTY^FS
^FO807,4259^A0R,27,23^CI13^FR^FDDEPT^FS
^FO845,3757^A0R,67,33^CI13^FR^FD%PNBR%^FS
^FO847,4064^A0R,63,28^CI13^FR^FD %QTY%^FS
^FO857,4382^A0R,47,28^CI13^FR^FD%PCD%^FS
^FO766,3765^A0R,47,33^CI13^FR^FD%END_DATE%^FS
^FO706,3776^AHR,31,23^CI0^FR^FDN%SERNBR% %CS%^FS
^FO761,4060^A0R,47,33^CI13^FR^FD%GWM%^FS
^FO807,4007^A0R,27,23^CI13^FR^FDWT^FS
^FO886,4263^A0R,27,32^CI13^FR^FDPKG^FS
^FO704,3635^FR^GB216,0,84^FS
^FO1159,3667^A0R,52,42^CI13^FR^FDS^FS
^FO1104,3665^A0R,52,42^CI13^FR^FDH^FS
^FO1049,3666^A0R,52,42^CI13^FR^FDP^FS
^BY3,3.0^FO957,3761^B3B,N,62,N,Y^FR^FD%SERNBR%%CS% ^FS
^FO1087,4315^A0R,47,47^CI13^FR^FD%DEPT%^FS
^FO1203,4009^A0R,27,23^CI13^FR^FDQTY^FS
^FO1123,4261^A0R,27,23^CI13^FR^FDDEPT^FS
^FO1162,3759^A0R,67,33^CI13^FR^FD%PNBR%^FS
^FO1164,4066^A0R,63,28^CI13^FR^FD %QTY%^FS
^FO1174,4384^A0R,47,28^CI13^FR^FD%PCD%^FS
^FO1083,3768^A0R,47,33^CI13^FR^FD%END_DATE%^FS
^FO1023,3779^AHR,31,23^CI0^FR^FDN%SERNBR% %CS%^FS
^FO1078,4063^A0R,47,33^CI13^FR^FD%GWM%^FS
^FO1123,4009^A0R,27,23^CI13^FR^FDWT^FS
^FO1203,4266^A0R,27,32^CI13^FR^FDPKG^FS
^FO1021,3637^FR^GB216,0,84^FS
^BY3,3.0^FO120,3817^B3B,N,62,N,Y^FR^FD%PCD%^FS
^FO208,3763^A0R,59,103^CI13^FR^FDPKG^FS
^FO705,2918^A0R,127,123^CI13^FR^FD%GW% KG^FS
^FO705,1097^A0R,127,123^CI13^FR^FD%GW% KG^FS
^FO915,4^GB0,3508,4^FS
^FO985,540^GB0,0,0^FS
^FO598,0^GB0,3508,4^FS
^FO294,0^GB0,3508,4^FS
^FO12,915^GB1282,0,4^FS
^FO4,2748^GB1282,0,4^FS
^FO990,2402^GB0,0,0^FS
^FO533,3719^GB0,824,2^FS
^FO434,3716^GB0,824,2^FS
^FO437,3995^GB183,0,2^FS
^FO437,4254^GB183,0,2^FS
^FO841,3719^GB0,824,2^FS
^FO743,3716^GB0,824,2^FS
^FO745,3997^GB189,0,2^FS
^FO745,4254^GB189,0,2^FS
^FO1158,3721^GB0,824,2^FS
^FO1059,3719^GB0,824,2^FS
^FO1062,3999^GB189,0,2^FS
^FO1062,4256^GB189,0,2^FS
^PQ1,0,0,N
^XZ
^FX End of job
^XA
^IDR:ID*.*
^XZ
