^XA
^PRC
^LH0,0^FS
^LL9212
^MD0
^MNY
^LH0,0^FS
^FO807,4230^A0R,28,23^CI13^FR^FDDEPT^FS
^FO883,3978^A0R,28,23^CI13^FR^FDQTY^FS
^FO769,4028^A0R,55,33^CI13^FR^FD%GWM%^FS
^BY3,3.0^FO634,3730^B3B,N,62,N,Y^FR^FD%SERNBR%%CS% ^FS
^FO774,4271^A0R,47,47^CI13^FR^FD%DEPT%^FS
^FO707,3605^FR^GB216,0,84^FS
^FO885,4242^A0R,27,28^CI13^FR^FDPKG^FS
^FO847,3728^A0R,67,33^CI13^FR^FD%PNBR%^FS
^FO846,3637^A0R,52,42^CI13^FR^FDQ^FS
^FO791,3638^A0R,52,42^CI13^FR^FDT^FS
^FO736,3637^A0R,52,42^CI13^FR^FDY^FS
^FO807,3978^A0R,28,23^CI13^FR^FDWT^FS
^FO707,3750^AHR,31,23^CI0^FR^FDN%SERNBR% %CS%^FS
^FO767,3739^A0R,47,33^CI13^FR^FD%END_DATE%^FS
^FO845,4330^A0R,55,28^CI13^FR^FD%PCD%^FS
^FO850,4035^A0R,55,28^CI13^FR^FD %QTY%^FS
^FO1131,4234^A0R,28,23^CI13^FR^FDDEPT^FS
^FO1207,3982^A0R,28,23^CI13^FR^FDQTY^FS
^FO1093,4032^A0R,55,33^CI13^FR^FD%GWM%^FS
^BY3,3.0^FO959,3734^B3B,N,62,N,Y^FR^FD%SERNBR%%CS% ^FS
^FO1098,4275^A0R,47,47^CI13^FR^FD%DEPT%^FS
^FO1031,3608^FR^GB216,0,84^FS
^FO1209,4246^A0R,27,28^CI13^FR^FDPKG^FS
^FO1171,3732^A0R,67,33^CI13^FR^FD%PNBR%^FS
^FO1170,3641^A0R,52,42^CI13^FR^FDP^FS
^FO1115,3640^A0R,52,42^CI13^FR^FDR^FS
^FO1060,3640^A0R,52,42^CI13^FR^FDD^FS
^FO1131,3982^A0R,28,23^CI13^FR^FDWT^FS
^FO1031,3754^AHR,31,23^CI0^FR^FDN%SERNBR% %CS%^FS
^FO1091,3743^A0R,47,33^CI13^FR^FD%END_DATE%^FS
^FO1169,4334^A0R,55,28^CI13^FR^FD%PCD%^FS
^FO1174,4039^A0R,55,28^CI13^FR^FD %QTY%^FS
^FO747,3965^GB201,0,2^FS
^FO747,4225^GB201,0,2^FS
^FO743,3689^GB0,824,2^FS
^FO843,3689^GB0,824,2^FS
^FO1071,3968^GB201,0,2^FS
^FO1071,4228^GB201,0,2^FS
^FO1067,3692^GB0,824,2^FS
^FO1167,3692^GB0,824,2^FS
^PQ1,0,0,N
^XZ
^FX End of job
^XA
^IDR:ID*.*
^XZ
