^XA
^PRC 
^LH0,0^FS
^LL4636
^MD0
^MNY
^LH0,0^FS
^BY3,3.0^FO262,230^CVY^B7R,10,5,7,21,N^FR^FH_^FD[)><Char30>06<Char29>P%PNBR%%SEP%7Q%QTY%PL%SEP%7Q%BC%PK%SEP%Q%QTYPAC%%SEP%6JUN%SD%%SER9%%SEP%21L%P12Z%%SEP%7Q%GW%GT<Char30><Char4>^FS
^FO1067,555^A0R,47,39^CI13^FR^FD%CCITY%, %CSTATE% %CZIP%^FS
^FO840,3644^A0R,52,42^CI13^FR^FDW^FS
^FO785,3649^A0R,52,42^CI13^FR^FDH^FS
^FO730,3651^A0R,52,42^CI13^FR^FDS^FS
^FO886,4247^A0R,27,32^CI13^FR^FDPKG^FS
^FO806,3991^A0R,27,23^CI13^FR^FDWT^FS
^FO757,4044^A0R,47,33^CI13^FR^FD%GWM%^FS
^FO701,3759^AHR,31,23^CI0^FR^FDN%SERNBR% %CS%^FS
^FO765,3748^A0R,47,33^CI13^FR^FD%END_DATE%^FS
^FO853,4368^A0R,47,28^CI13^FR^FD%PCD%^FS
^FO704,1851^A0R,23,19^CI13^FR^FDLICENSE PLATE (6J):^FS
^FO823,1851^A0R,23,19^CI13^FR^FDPART #:^FS
^FO713,1954^A0R,139,142^CI13^FR^FD%PNBR%^FS
^FO949,2419^A0R,23,19^CI13^FR^FDMATERIAL HANDLING CODE^FS
^BY3,3.0^FO262,2076^CVY^B7R,10,5,7,21,N^FR^FH_^FD[)><Char30>06<Char29>P%PNBR%%SEP%7Q%QTY%PL%SEP%7Q%BC%PK%SEP%Q%QTYPAC%%SEP%6JUN%SD%%SER9%%SEP%21L%P12Z%%SEP%7Q%GW%GT<Char30><Char4>^FS
^FO841,2481^A0R,103,116^CI13^FR^FD%DLN%^FS
^FO485,1870^A0R,91,77^CI13^FR^FD  UN %SD%  %SER9%^FS
^BY4,3.0^FO578,1860^BCR,122,N,Y,N^FR^FD>:6JUN%SD%%SER9%^FS
^FO600,3309^A0R,63,58^CI13^FR^FD%QTY%^FS
^FO546,3309^A0R,63,53^CI13^FR^FD%BC%^FS
^FO1067,2377^A0R,47,39^CI13^FR^FD%CCITY%, %CSTATE% %CZIP%^FS
^FO845,4049^A0R,63,28^CI13^FR^FD %QTY%^FS
^FO880,3991^A0R,28,23^CI13^FR^FDQTY^FS
^FO769,4296^A0R,47,47^CI13^FR^FD%DEPT%^FS
^BY3,3.0^FO628,3753^B3B,N,62,N,Y^FR^FD%SERNBR%%CS% ^FS
^FO705,3617^FR^GB216,0,84^FS
^FO840,3741^A0R,67,33^CI13^FR^FD%PNBR%^FS
^FO564,3997^A0R,28,23^CI13^FR^FDQTY^FS
^FO440,4030^A0R,47,33^CI13^FR^FD%GWM%^FS
^FO805,4243^A0R,27,23^CI13^FR^FDDEPT^FS
^BY3,3.0^FO312,3759^B3B,N,62,N,Y^FR^FD%SERNBR%%CS% ^FS
^FO448,4302^A0R,47,47^CI13^FR^FD%DEPT%^FS
^FO580,4245^A0R,31,28^CI13^FR^FDPKG^FS
^BY3,3.0^FO168,4045^B3B,N,62,N,Y^FR^FD%PCD%^FS
^FO245,4095^A0R,27,32^CI13^FR^FDPKG^FS
^FO488,4249^A0R,28,23^CI13^FR^FDDEPT^FS
^FO524,3747^A0R,67,33^CI13^FR^FD%PNBR%^FS
^FO532,4059^A0R,63,28^CI13^FR^FD %QTY%^FS
^FO548,4330^A0R,47,28^CI13^FR^FD%PCD%^FS
^FO444,3750^A0R,47,33^CI13^FR^FD%END_DATE%^FS
^FO380,3761^AHR,31,23^CI0^FR^FDN%SERNBR% %CS%^FS
^FO1160,3647^A0R,52,42^CI13^FR^FDS^FS
^FO1105,3645^A0R,52,42^CI13^FR^FDH^FS
^FO1050,3646^A0R,52,42^CI13^FR^FDP^FS
^BY3,3.0^FO949,3750^B3B,N,62,N,Y^FR^FD%SERNBR%%CS% ^FS
^FO1089,4292^A0R,47,47^CI13^FR^FD%DEPT%^FS
^FO1202,3987^A0R,27,23^CI13^FR^FDQTY^FS
^FO1126,4239^A0R,27,23^CI13^FR^FDDEPT^FS
^FO1161,3737^A0R,67,33^CI13^FR^FD%PNBR%^FS
^FO523,3649^A0R,52,42^CI13^FR^FDS^FS
^FO468,3649^A0R,52,42^CI13^FR^FDT^FS
^FO413,3647^A0R,52,42^CI13^FR^FDG^FS
^FO1165,4045^A0R,63,28^CI13^FR^FD %QTY%^FS
^FO1173,4364^A0R,47,28^CI13^FR^FD%PCD%^FS
^FO1085,3744^A0R,47,33^CI13^FR^FD%END_DATE%^FS
^FO1021,3755^AHR,31,23^CI0^FR^FDN%SERNBR% %CS%^FS
^FO1077,4040^A0R,47,33^CI13^FR^FD%GWM%^FS
^FO484,3993^A0R,28,23^CI13^FR^FDWT^FS
^FO50,3854^A0R,79,63^CI13^FR^FD%CNTRS%^FS
^FO1126,3987^A0R,27,23^CI13^FR^FDWT^FS
^FO1206,4243^A0R,27,32^CI13^FR^FDPKG^FS
^FO1025,3614^FR^GB216,0,84^FS
^FO384,3621^FR^GB216,0,84^FS
^FO636,3112^A0R,23,19^CI13^FR^FDTOTAL QTY:^FS
^FO587,3118^A0R,23,19^CI13^FR^FD# PACKS:^FS
^FO520,3118^A0R,23,19^CI13^FR^FDQTY/PACK:^FS
^FO547,1479^A0R,63,53^CI13^FR^FD%BC%^FS
^FO602,1481^A0R,63,58^CI13^FR^FD%QTY%^FS
^FO658,3309^A0R,63,58^CI13^FR^FD%GW%^FS
^BY4,3.0^FO576,61^BCR,122,N,Y,N^FR^FD>:6JUN%SD%%SER9%^FS
^FO478,48^A0R,91,77^CI13^FR^FD  UN %SD%  %SER9%^FS
^FO660,1479^A0R,63,58^CI13^FR^FD%GW%^FS
^FO841,637^A0R,103,116^CI13^FR^FD%DLN%^FS
^FO490,1479^A0R,63,53^CI13^FR^FD%QTYPAC%^FS
^FO518,1290^A0R,23,19^CI13^FR^FDQTY/PACK:^FS
^FO949,602^A0R,23,19^CI13^FR^FDMATERIAL HANDLING CODE^FS
^FO711,132^A0R,139,142^CI13^FR^FD%PNBR%^FS
^FO821,30^A0R,23,19^CI13^FR^FDPART #:^FS
^FO585,1290^A0R,23,19^CI13^FR^FD# PACKS:^FS
^FO704,32^A0R,23,19^CI13^FR^FDLICENSE PLATE (6J):^FS
^FO702,3112^A0R,23,19^CI13^FR^FDGROSS WEIGHT KG:^FS
^FO636,1284^A0R,23,19^CI13^FR^FDTOTAL QTY:^FS
^FO702,1284^A0R,23,19^CI13^FR^FDGROSS WEIGHT KG:^FS
^FO488,3309^A0R,63,53^CI13^FR^FD%QTYPAC%^FS
^BY3,2.7^FO118,37^B3R,N,91,N,Y^FR^FDP%PNBR%^FS
^BY3,2.7^FO18,1512^B3R,N,91,N,Y^FR^FD2P%ECL%^FS
^FO59,73^A0R,47,39^CI13^FR^FDP/N^FS
^FO9,73^A0R,47,39^CI13^FR^FD(P)^FS
^FO13,167^A0R,79,77^CI13^FR^FD%PNBR%^FS
^BY3,2.7^FO18,565^B3R,N,91,N,Y^FR^FD4S%SER8%^FS
^FO172,591^A0R,47,39^CI13^FR^FDS/N^FS
^FO122,591^A0R,47,39^CI13^FR^FD(4S)^FS
^FO1004,512^A0R,31,19^CI13^FR^FDPLANT/DOCK:^FS
^FO122,677^A0R,79,77^CI13^FR^FD%SER8%^FS
^FO1119,559^A0R,47,39^CI13^FR^FD%CADDR%^FS
^FO1175,559^A0R,47,39^CI13^FR^FD%CNAME%^FS
^FO960,643^A0R,111,89^CI13^FR^FD%P12Z%^FS
^FO1142,27^A0R,39,32^CI13^FR^FDDelphi Packard^FS
^FO1100,27^A0R,39,32^CI13^FR^FD925 Industrial Park^FS
^FO1058,27^A0R,39,32^CI13^FR^FDBrookhaven %SSTATE% 39601^FS
^FO1016,27^A0R,39,32^CI13^FR^FD^FS
^FO974,27^A0R,39,32^CI13^FR^FDMADE IN %SCOUNTRY%^FS
^FO1099,1385^A0R,123,105^CI13^FR^FDMASTER^FS
^FO960,1438^A0R,123,105^CI13^FR^FDLABEL^FS
^FO1197,50^A0R,23,19^CI13^FR^FDFROM:^FS
^FO1188,514^A0R,23,19^CI13^FR^FDTO:^FS
^BY3,2.7^FO118,1128^B3R,N,91,N,Y^FR^FDQ%QTY%^FS
^FO54,1153^A0R,47,39^CI13^FR^FDQTY^FS
^FO4,1153^A0R,47,39^CI13^FR^FD(Q)^FS
^FO174,1533^A0R,47,39^CI13^FR^FDECL^FS
^FO124,1533^A0R,47,39^CI13^FR^FD(2P)^FS
^FO122,1614^A0R,79,63^CI13^FR^FD%ECL%^FS
^FO13,1231^A0R,79,77^CI13^FR^FD%QTY%^FS
^FO13,3084^A0R,79,77^CI13^FR^FD%QTY%^FS
^FO122,2518^A0R,79,77^CI13^FR^FD%SER8%^FS
^FO122,3443^A0R,79,77^CI13^FR^FD%ECL%^FS
^BY3,2.7^FO118,2989^B3R,N,91,N,Y^FR^FDQ%QTY%^FS
^FO62,3005^A0R,47,39^CI13^FR^FDQTY^FS
^FO12,3005^A0R,47,39^CI13^FR^FD(Q)^FS
^BY3,2.7^FO118,1830^B3R,N,91,N,Y^FR^FDP%PNBR%^FS
^FO165,2424^A0R,47,39^CI13^FR^FDS/N^FS
^FO115,2424^A0R,47,39^CI13^FR^FD(4S)^FS
^BY3,2.7^FO18,2359^B3R,N,91,N,Y^FR^FD4S%SER8%^FS
^FO13,1971^A0R,79,77^CI13^FR^FD%PNBR%^FS
^FO59,1898^A0R,47,39^CI13^FR^FDP/N^FS
^FO9,1898^A0R,47,39^CI13^FR^FD(P)^FS
^BY3,2.7^FO18,3303^B3R,N,91,N,Y^FR^FD2P%ECL%^FS
^FO165,3327^A0R,47,39^CI13^FR^FDECL^FS
^FO115,3327^A0R,47,39^CI13^FR^FD(2P)^FS
^FO1189,2335^A0R,23,21^CI13^FR^FDTO:^FS
^FO1205,1825^A0R,23,19^CI13^FR^FDFROM:^FS
^FO1101,3213^A0R,123,91^CI13^FR^FDMASTER^FS
^FO962,3258^A0R,123,91^CI13^FR^FDLABEL^FS
^FO1154,1828^A0R,39,32^CI13^FR^FDDelphi Packard^FS
^FO1112,1828^A0R,39,32^CI13^FR^FD925 Industrial Park^FS
^FO1070,1828^A0R,39,32^CI13^FR^FDBrookhaven %SSTATE% 39601^FS
^FO1028,1828^A0R,39,32^CI13^FR^FD^FS
^FO986,1828^A0R,39,32^CI13^FR^FDMADE IN %SCOUNTRY%^FS
^FO960,2466^A0R,111,89^CI13^FR^FD%P12Z%^FS
^FO1179,2381^A0R,47,39^CI13^FR^FD%CNAME%^FS
^FO1123,2381^A0R,47,39^CI13^FR^FD%CADDR%^FS
^FO1007,2335^A0R,31,19^CI13^FR^FDPLANT/DOCK:^FS
^FO745,4237^GB183,0,2^FS
^FO981,3162^GB244,0,6^FS
^FO981,2284^GB244,0,6^FS
^FO854,2395^GB122,0,6^FS
^FO854,3043^GB122,0,6^FS
^FO488,3095^GB244,0,6^FS
^FO745,3977^GB183,0,2^FS
^FO741,3701^GB0,824,2^FS
^FO420,4233^GB183,0,2^FS
^FO837,3701^GB0,824,2^FS
^FO420,3981^GB183,0,2^FS
^FO1157,3698^GB0,824,2^FS
^FO1065,4234^GB201,0,2^FS
^FO1065,3974^GB201,0,2^FS
^FO1061,3698^GB0,824,2^FS
^FO528,3705^GB0,824,2^FS
^FO488,1270^GB244,0,6^FS
^FO420,3705^GB0,824,2^FS
^FO852,28^GB0,3508,4^FS
^FO242,28^GB0,3508,4^FS
^FO854,1218^GB122,0,6^FS
^FO854,571^GB122,0,6^FS
^FO976,453^GB244,0,6^FS
^FO976,1361^GB244,0,6^FS
^FO486,28^GB0,3508,4^FS
^FO731,28^GB0,3508,4^FS
^FO974,28^GB0,3508,4^FS
^PQ1,0,0,N
^XZ
^FX End of job
^XA
^IDR:ID*.*
^XZ
