^XA
^PRC 
^LH0,0^FS
^LL4636
^MD0
^MNY
^LH0,3^FS
^FO767,1972^A0R,144,77^CI13^FR^FD%QTY%^FS
^FO1149,50^A0R,23,19^CI13^FR^FDFROM:^FS
^FO1141,1847^A0R,23,19^CI13^FR^FDFROM:^FS
^FO48,695^A0R,31,23^CI13^FR^FDECL^FS
^FO12,761^A0R,67,53^CI13^FR^FD%ECL%^FS
^FO747,3015^A0R,143,82^CI13^FR^FD%RSN%^FS
^FO338,3641^A0R,27,23^CI13^FR^FDR^FS
^FO1153,482^A0R,23,19^CI13^FR^FDTO:^FS
^FO736,50^A0R,23,19^CI13^FR^FDPART^FS
^FO711,50^A0R,23,19^CI13^FR^FDNUMBER:^FS
^BY3,3.0^FO91,662^B3R,N,61,N,Y^FR^FD%BCL%^FS
^FO21,695^A0R,27,23^CI13^FR^FD(2P)^FS
^FO264,1083^A0R,31,23^CI13^FR^FDCTR TYPE^FS
^FO168,973^A0R,67,53^CI13^FR^FD%CNTR%^FS
^FO588,53^A0R,23,19^CI13^FR^FDLICENSE PLATE (1J):^FS
^FO751,1212^A0R,143,82^CI13^FR^FD%RSN%^FS
^BY3,3.0^FO176,3871^B3B,N,62,N,Y^FR^FD%PCD%^FS
^FO253,3891^A0R,27,32^CI13^FR^FDPKG^FS
^FO901,1219^A0R,23,19^CI13^FR^FDREFERENCE^FS
^FO588,1467^A0R,23,19^CI13^FR^FDMANUFACTURING DATE:^FS
^FO897,3022^A0R,23,19^CI13^FR^FDREFERENCE^FS
^FO899,614^A0R,23,19^CI13^FR^FDMATERIAL HANDLING CODE^FS
^FO747,605^A0R,143,86^CI13^FR^FD%DLN%^FS
^FO508,1467^A0R,23,19^CI13^FR^FDCONTAINER TYPE:^FS
^FO68,3672^A0R,47,39^CI13^FR^FD%CNTRS%^FS
^FO428,1467^A0R,23,19^CI13^FR^FDGROSS WEIGHT:^FS
^FO831,3650^A0R,52,42^CI13^FR^FDW^FS
^FO776,3655^A0R,52,42^CI13^FR^FDH^FS
^FO721,3657^A0R,52,42^CI13^FR^FDS^FS
^FO877,4253^A0R,27,32^CI13^FR^FDPKG^FS
^FO797,3997^A0R,27,23^CI13^FR^FDWT^FS
^FO748,4050^A0R,47,33^CI13^FR^FD%GWM%^FS
^FO650,3623^FR^GB0,48,44^FS
^FO1097,50^A0R,31,26^CI13^FR^FDDelphi Packard^FS
^FO1063,50^A0R,31,26^CI13^FR^FD925 Industrial Park^FS
^FO1029,50^A0R,31,26^CI13^FR^FDBrookhaven %SSTATE% 39601^FS
^FO995,50^A0R,31,26^CI13^FR^FD^FS
^FO961,50^A0R,31,26^CI13^FR^FDMADE IN %SCOUNTRY%^FS
^FO660,3641^A0R,27,23^CI13^FR^FDR^FS
^FO692,3765^AHR,31,23^CI0^FR^FDN%SERNBR% %CS%^FS
^FO756,3754^A0R,47,33^CI13^FR^FD%END_DATE%^FS
^FO844,4374^A0R,47,28^CI13^FR^FD%PCD%^FS
^FO836,4055^A0R,63,28^CI13^FR^FD %QTY%^FS
^FO832,3747^A0R,67,33^CI13^FR^FD%PNBR%^FS
^FO797,4249^A0R,27,23^CI13^FR^FDDEPT^FS
^FO871,3997^A0R,28,23^CI13^FR^FDQTY^FS
^FO760,4302^A0R,47,47^CI13^FR^FD%DEPT%^FS
^BY3,3.0^FO624,3743^B3B,N,62,N,Y^FR^FD%SERNBR%%CS% ^FS
^FO906,536^A0R,127,103^CI13^FR^FD%P12Z%^FS
^FO697,3623^FR^GB216,0,84^FS
^FO515,3649^A0R,52,42^CI13^FR^FDS^FS
^FO460,3649^A0R,52,42^CI13^FR^FDT^FS
^FO405,3647^A0R,52,42^CI13^FR^FDG^FS
^FO556,3997^A0R,28,23^CI13^FR^FDQTY^FS
^FO1137,520^A0R,55,46^CI13^FR^FD%CNAME%^FS
^FO433,4030^A0R,47,33^CI13^FR^FD%GWM%^FS
^BY3,3.0^FO304,3741^B3B,N,62,N,Y^FR^FD%SERNBR%%CS% ^FS
^FO440,4302^A0R,47,47^CI13^FR^FD%DEPT%^FS
^FO572,4245^A0R,31,28^CI13^FR^FDPKG^FS
^FO480,4249^A0R,28,23^CI13^FR^FDDEPT^FS
^FO516,3747^A0R,67,33^CI13^FR^FD%PNBR%^FS
^FO524,4059^A0R,63,28^CI13^FR^FD %QTY%^FS
^FO540,4330^A0R,47,28^CI13^FR^FD%PCD%^FS
^FO1081,464^A0R,55,46^CI13^FR^FD%CADDR%^FS
^FO436,3750^A0R,47,33^CI13^FR^FD%END_DATE%^FS
^FO372,3761^AHR,31,23^CI0^FR^FDN%SERNBR% %CS%^FS
^FO476,3993^A0R,28,23^CI13^FR^FDWT^FS
^FO376,3621^FR^GB216,0,84^FS
^FO1152,3657^A0R,52,42^CI13^FR^FDS^FS
^FO1097,3655^A0R,52,42^CI13^FR^FDH^FS
^FO1042,3656^A0R,52,42^CI13^FR^FDP^FS
^BY3,3.0^FO945,3747^B3B,N,62,N,Y^FR^FD%SERNBR%%CS% ^FS
^FO1081,4302^A0R,47,47^CI13^FR^FD%DEPT%^FS
^FO1194,3997^A0R,27,23^CI13^FR^FDQTY^FS
^FO1002,474^A0R,23,19^CI13^FR^FDPLANT ^FS
^FO977,474^A0R,23,19^CI13^FR^FDDOCK^FS
^FO1118,4249^A0R,27,23^CI13^FR^FDDEPT^FS
^FO1153,3747^A0R,67,33^CI13^FR^FD%PNBR%^FS
^FO1157,4055^A0R,63,28^CI13^FR^FD %QTY%^FS
^FO1165,4374^A0R,47,28^CI13^FR^FD%PCD%^FS
^FO1077,3754^A0R,47,33^CI13^FR^FD%END_DATE%^FS
^FO1013,3765^AHR,31,23^CI0^FR^FDN%SERNBR% %CS%^FS
^FO1029,464^A0R,55,46^CI13^FR^FD%CCITY% %CSTATE% %CZIP%^FS
^FO1069,4050^A0R,47,33^CI13^FR^FD%GWM%^FS
^FO1118,3997^A0R,27,23^CI13^FR^FDWT^FS
^FO1198,4253^A0R,27,32^CI13^FR^FDPKG^FS
^FO1017,3625^FR^GB216,0,84^FS
^FO967,3627^FR^GB0,48,44^FS
^FO977,3645^A0R,27,23^CI13^FR^FDR^FS
^BY3,3.0^FO961,1177^CVY^B7R,10,5,7,21,N^FR^FH_^FD[)><Char30>06<Char29>P%PNBR%%SEP%Q%QTY%%SEP%1JUN%SD%%SER9%%SEP%20L%DLN%%SEP%21L%P12Z%%SEP%B%CNTRP%%SEP%7Q%GW%GT<Char30><Char4>^FS
^FO591,144^A0R,175,142^CI13^FR^FD%PNBR%^FS
^BY4,3.0^FO436,176^BCR,152,N,Y,N^FR^FD>:1JUN%SD%%SER9%^FS
^FO325,54^A0R,95,77^CI13^FR^FD  UN %SD% %SER9%^FS
^FO757,197^A0R,143,77^CI13^FR^FD%QTY%^FS
^FO524,1477^A0R,63,51^CI13^FR^FD%SHIP_DATE%^FS
^FO444,1477^A0R,63,51^CI13^FR^FD%CNTRP%^FS
^FO360,1477^A0R,63,51^CI13^FR^FD%GWM%^FS
^FO252,1233^A0R,55,46^CI13^FR^FD%P13Z%^FS
^FO192,1233^A0R,55,46^CI13^FR^FD%P14Z%^FS
^FO132,1233^A0R,55,46^CI13^FR^FD%P15Z%^FS
^FO72,1233^A0R,55,46^CI13^FR^FD%P16Z%^FS
^FO12,1233^A0R,55,46^CI13^FR^FD%P17Z%^FS
^FO232,116^A0R,67,53^CI13^FR^FD%PNBR%^FS
^FO1129,2322^A0R,55,46^CI13^FR^FD%CNAME%^FS
^BY4,3.0^FO432,1969^BCR,152,N,Y,N^FR^FD>:1JUN%SD%%SER9%^FS
^BY3,3.0^FO965,2974^CVY^B7R,10,5,7,21,N^FR^FH_^FD[)><Char30>06<Char29>P%PNBR%%SEP%Q%QTY%%SEP%1JUN%SD%%SER9%%SEP%20L%DLN%%SEP%21L%P12Z%%SEP%B%CNTRP%%SEP%7Q%GW%GT<Char30><Char4>^FS
^FO516,3282^A0R,63,51^CI13^FR^FD%SHIP_DATE%^FS
^BY3,3.0^FO232,2402^B3R,N,61,N,Y^FR^FDQ%QTY%^FS
^FO156,2546^A0R,67,53^CI13^FR^FD%QTY%^FS
^FO161,2500^A0R,27,23^CI13^FR^FD(Q)^FS
^FO192,2488^A0R,31,25^CI13^FR^FDQTY^FS
^FO98,1839^A0R,27,23^CI13^FR^FD(S)^FS
^FO128,1835^A0R,31,25^CI13^FR^FDS/N^FS
^FO229,1843^A0R,27,23^CI13^FR^FD(P)^FS
^FO260,1839^A0R,31,25^CI13^FR^FDP/N^FS
^BY3,3.0^FO26,1881^B3R,N,62,N,Y^FR^FDS%SER8%^FS
^BY3,3.0^FO164,1882^B3R,N,62,N,Y^FR^FDP%PNBR%^FS
^FO88,1913^A0R,67,53^CI13^FR^FD%SER8%^FS
^FO228,1921^A0R,67,53^CI13^FR^FD%PNBR%^FS
^FO8,3038^A0R,55,46^CI13^FR^FD%P17Z%^FS
^FO68,3038^A0R,55,46^CI13^FR^FD%P16Z%^FS
^FO128,3038^A0R,55,46^CI13^FR^FD%P15Z%^FS
^FO188,3038^A0R,55,46^CI13^FR^FD%P14Z%^FS
^FO248,3038^A0R,55,46^CI13^FR^FD%P13Z%^FS
^FO356,3278^A0R,63,51^CI13^FR^FD%GWM%^FS
^FO440,3278^A0R,63,51^CI13^FR^FD%CNTRP%^FS
^FO853,53^A0R,71,58^CI13^FR^FDQTY:^FS
^FO753,2405^A0R,143,86^CI13^FR^FD%DLN%^FS
^FO845,1826^A0R,71,58^CI13^FR^FDQTY:^FS
^FO321,1859^A0R,95,77^CI13^FR^FD  UN %SD% %SER9%^FS
^FO588,1938^A0R,175,142^CI13^FR^FD%PNBR%^FS
^FO1021,2266^A0R,55,46^CI13^FR^FD%CCITY% %CSTATE% %CZIP%^FS
^FO998,2280^A0R,23,19^CI13^FR^FDPLANT ^FS
^FO973,2280^A0R,23,19^CI13^FR^FDDOCK^FS
^FO1077,2266^A0R,55,46^CI13^FR^FD%CADDR%^FS
^FO902,2342^A0R,127,103^CI13^FR^FD%P12Z%^FS
^FO1093,1848^A0R,31,26^CI13^FR^FDDelphi Packard^FS
^FO1059,1848^A0R,31,26^CI13^FR^FD925 Industrial Park^FS
^FO1025,1848^A0R,31,26^CI13^FR^FDBrookhaven %SSTATE% 39601^FS
^FO991,1848^A0R,31,26^CI13^FR^FD^FS
^FO957,1848^A0R,31,26^CI13^FR^FDMADE IN %SCOUNTRY%^FS
^FO420,3272^A0R,23,19^CI13^FR^FDGROSS WEIGHT:^FS
^FO504,3272^A0R,23,19^CI13^FR^FDCONTAINER TYPE:^FS
^FO584,3272^A0R,23,19^CI13^FR^FDMANUFACTURING DATE:^FS
^FO900,2416^A0R,23,19^CI13^FR^FDMATERIAL HANDLING CODE^FS
^FO584,1847^A0R,23,19^CI13^FR^FDLICENSE PLATE (1J):^FS
^FO328,3623^FR^GB0,48,44^FS
^FO92,128^A0R,67,53^CI13^FR^FD%SER8%^FS
^BY3,3.0^FO168,76^B3R,N,62,N,Y^FR^FDP%PNBR%^FS
^BY3,3.0^FO26,76^B3R,N,62,N,Y^FR^FDS%SER8%^FS
^FO264,50^A0R,31,25^CI13^FR^FDP/N^FS
^FO233,52^A0R,27,23^CI13^FR^FD(P)^FS
^FO132,50^A0R,31,25^CI13^FR^FDS/N^FS
^FO101,52^A0R,27,23^CI13^FR^FD(S)^FS
^FO164,2778^A0R,67,53^CI13^FR^FD%CNTR%^FS
^FO260,2888^A0R,31,23^CI13^FR^FDCTR TYPE^FS
^FO13,2496^A0R,27,23^CI13^FR^FD(2P)^FS
^BY3,3.0^FO91,2434^B3R,N,61,N,Y^FR^FD%BCL%^FS
^FO729,1845^A0R,23,19^CI13^FR^FDPART^FS
^FO704,1845^A0R,23,19^CI13^FR^FDNUMBER:^FS
^FO1149,2288^A0R,23,19^CI13^FR^FDTO:^FS
^FO200,683^A0R,31,25^CI13^FR^FDQTY^FS
^FO165,695^A0R,27,23^CI13^FR^FD(Q)^FS
^FO8,2562^A0R,67,53^CI13^FR^FD%ECL%^FS
^FO160,745^A0R,67,53^CI13^FR^FD%QTY%^FS
^BY3,3.0^FO236,596^B3R,N,61,N,Y^FR^FDQ%QTY%^FS
^FO48,2500^A0R,31,23^CI13^FR^FDECL^FS
^FO925,20^GB0,3508,4^FS
^FO773,20^GB0,3508,4^FS
^FO620,20^GB0,3508,4^FS
^FO308,20^GB0,3508,4^FS
^FO925,1105^GB292,0,6^FS
^FO933,448^GB260,0,6^FS
^FO316,1449^GB305,0,6^FS
^FO8,1213^GB304,0,6^FS
^FO4,3018^GB304,0,6^FS
^FO312,3254^GB305,0,6^FS
^FO929,2254^GB260,0,6^FS
^FO925,2906^GB299,0,6^FS
^FO776,2998^GB140,0,6^FS
^FO776,588^GB152,0,6^FS
^FO780,1193^GB140,0,6^FS
^FO772,2390^GB152,0,6^FS
^FO737,4243^GB183,0,2^FS
^FO737,3983^GB183,0,2^FS
^FO733,3707^GB0,824,2^FS
^FO829,3707^GB0,824,2^FS
^FO520,3705^GB0,824,2^FS
^FO412,3705^GB0,824,2^FS
^FO412,4233^GB183,0,2^FS
^FO412,3981^GB183,0,2^FS
^FO1149,3709^GB0,824,2^FS
^FO1057,4245^GB201,0,2^FS
^FO1057,3985^GB201,0,2^FS
^FO1053,3709^GB0,824,2^FS
^PQ1,0,0,N
^XZ
^FX End of job
^XA
^IDR:ID*.*
^XZ
^XA
^PRE
^LH0,0^FS
^LL9212
^MD0
^MNY
^LH0,0^FS
^FO807,4230^A0R,28,23^CI13^FR^FDDEPT^FS
^FO883,3978^A0R,28,23^CI13^FR^FDQTY^FS
^FO769,4028^A0R,55,33^CI13^FR^FD%GWM%^FS
^BY3,3.0^FO634,3730^B3B,N,62,N,Y^FR^FD%SERNBR%%CS% ^FS
^FO774,4271^A0R,47,47^CI13^FR^FD%DEPT%^FS
^FO707,3605^FR^GB216,0,84^FS
^FO885,4242^A0R,27,28^CI13^FR^FDPKG^FS
^FO847,3728^A0R,67,33^CI13^FR^FD%PNBR%^FS
^FO846,3637^A0R,52,42^CI13^FR^FDQ^FS
^FO791,3638^A0R,52,42^CI13^FR^FDT^FS
^FO736,3637^A0R,52,42^CI13^FR^FDY^FS
^FO807,3978^A0R,28,23^CI13^FR^FDWT^FS
^FO707,3750^AHR,31,23^CI0^FR^FDN%SERNBR% %CS%^FS
^FO767,3739^A0R,47,33^CI13^FR^FD%END_DATE%^FS
^FO845,4330^A0R,55,28^CI13^FR^FD%PCD%^FS
^FO850,4035^A0R,55,28^CI13^FR^FD %QTY%^FS
^FO1131,4234^A0R,28,23^CI13^FR^FDDEPT^FS
^FO1207,3982^A0R,28,23^CI13^FR^FDQTY^FS
^FO1093,4032^A0R,55,33^CI13^FR^FD%GWM%^FS
^BY3,3.0^FO959,3734^B3B,N,62,N,Y^FR^FD%SERNBR%%CS% ^FS
^FO1098,4275^A0R,47,47^CI13^FR^FD%DEPT%^FS
^FO1031,3608^FR^GB216,0,84^FS
^FO1209,4246^A0R,27,28^CI13^FR^FDPKG^FS
^FO1171,3732^A0R,67,33^CI13^FR^FD%PNBR%^FS
^FO1170,3641^A0R,52,42^CI13^FR^FDP^FS
^FO1115,3640^A0R,52,42^CI13^FR^FDR^FS
^FO1060,3640^A0R,52,42^CI13^FR^FDD^FS
^FO1131,3982^A0R,28,23^CI13^FR^FDWT^FS
^FO1031,3754^AHR,31,23^CI0^FR^FDN%SERNBR% %CS%^FS
^FO1091,3743^A0R,47,33^CI13^FR^FD%END_DATE%^FS
^FO1169,4334^A0R,55,28^CI13^FR^FD%PCD%^FS
^FO1174,4039^A0R,55,28^CI13^FR^FD %QTY%^FS
^FO747,3965^GB201,0,2^FS
^FO747,4225^GB201,0,2^FS
^FO743,3689^GB0,824,2^FS
^FO843,3689^GB0,824,2^FS
^FO1071,3968^GB201,0,2^FS
^FO1071,4228^GB201,0,2^FS
^FO1067,3692^GB0,824,2^FS
^FO1167,3692^GB0,824,2^FS
^PQ1,0,0,N
^XZ
^FX End of job
^XA
^IDR:ID*.*
^XZ