^XA
^PRC 
^LH0,0^FS
^LL4575
^MD10
^MNY
^LH0,0^FS
^FO969,872^A0R,47,39^CI13^FR^FD%TIME%^FS
^FO1073,936^A0R,107,308^CI13^FR^FDERROR^FS
^FO1057,733^FR^GB0,1573,152^FS
^FO892,1576^A0R,47,39^CI13^FR^FDCNTR:^FS
^FO892,870^A0R,47,39^CI13^FR^FD%PART%^FS
^FO735,896^A0R,43,39^CI13^FR^FD%ERR%^FS
^FO983,1186^A0R,47,39^CI13^FR^FDDATE:^FS
^FO354,934^A0R,47,39^CI13^FR^FD%MESSAGE%^FS
^FO971,746^A0R,47,39^CI13^FR^FDTIME:^FS
^FO977,1300^A0R,47,39^CI13^FR^FD%DT%^FS
^FO892,1692^A0R,47,39^CI13^FR^FD%CNTR%^FS
^FO897,754^A0R,47,39^CI13^FR^FDPART:^FS
^FO364,676^A0R,47,39^CI13^FR^FDInstructions^FS
^FO735,684^A0R,43,39^CI13^FR^FDERR DESC:^FS
^FO892,1184^A0R,47,39^CI13^FR^FDPKG:^FS
^FO892,1300^A0R,47,39^CI13^FR^FD%PKG%^FS
^FO892,2101^A0R,47,39^CI13^FR^FD%MATID%^FS
^FO892,1948^A0R,47,39^CI13^FR^FDMAT ID:^FS
^FO979,1802^A0R,47,39^CI13^FR^FD%M%^FS
^FO985,1688^A0R,47,39^CI13^FR^FDLINE:^FS
^PQ1,0,0,N
^XZ
^FX End of job
^XA
^IDR:ID*.*
^XZ
