^XA
^PRC
^LH0,0^FS
^LL4636
^MD0
^MNY
^LH0,0^FS
^FO541,1923^A0R,31,25^CI13^FR^FDSUPPLIER^FS
^FO508,1923^A0R,31,25^CI13^FR^FD(V)^FS
^FO456,2102^A0R,127,103^CI13^FR^FD084668367^FS
^FO791,47^A0R,31,25^CI13^FR^FD(2P)^FS
^FO233,54^A0R,31,25^CI13^FR^FDSERIAL:^FS
^FO200,54^A0R,31,25^CI13^FR^FD(S)^FS
^FO536,943^A0R,31,25^CI13^FR^FDDATES^FS
^FO1139,4053^A0R,27,23^CI13^FR^FDWT^FS
^FO1219,4310^A0R,27,32^CI13^FR^FDPKG^FS
^FO1037,3679^FR^GB216,0,84^FS
^BY3,3.0^FO936,82^B3R,N,152,N,Y^FR^FDP%PARTNBR%^FS
^FO1073,188^A0R,127,103^CI13^FR^FD%PNBR%^FS
^FO769,2102^A0R,127,103^CI13^FR^FD%ECL%^FS
^BY3,3.0^FO1077,3008^B3R,N,152,N,Y^FR^FDQ%QTY%^FS
^FO806,1903^A0R,31,25^CI13^FR^FD(2P)^FS
^FO937,3142^A0R,127,103^CI13^FR^FD%QTY%^FS
^FO1093,2042^A0R,127,103^CI13^FR^FD%PNBR%^FS
^FO937,1273^A0R,127,103^CI13^FR^FD%QTY%^FS
^BY3,3.0^FO941,1943^B3R,N,152,N,Y^FR^FDP%PARTNBR%^FS
^FO861,2794^A0R,31,25^CI13^FR^FDWEIGHT^FS
^FO842,1909^A0R,31,25^CI13^FR^FDECL^FS
^FO998,2804^A0R,31,25^CI13^FR^FDQUANTITY:^FS
^FO965,2804^A0R,31,25^CI13^FR^FD(Q)^FS
^FO1163,1909^A0R,31,25^CI13^FR^FDPART NO:^FS
^FO1130,1909^A0R,31,25^CI13^FR^FD(P)^FS
^FO214,3701^A0R,52,42^CI13^FR^FDW^FS
^FO159,3706^A0R,52,42^CI13^FR^FDH^FS
^FO104,3708^A0R,52,42^CI13^FR^FDS^FS
^BY3,3.0^FO633,1945^B3R,N,152,N,Y^FR^FD2P%ECL%^FS
^BY3,3.0^FO16,3803^B3B,N,62,N,Y^FR^FD%SERIALNBR%^FS
^BY3,3.0^FO1077,1139^B3R,N,152,N,Y^FR^FDQ%QTY%^FS
^FO142,4356^A0R,47,47^CI13^FR^FD%DEPT%^FS
^BY3,3.0^FO621,149^B3R,N,152,N,Y^FR^FD2P%ECL%^FS
^FO255,4051^A0R,27,23^CI13^FR^FDQTY^FS
^FO178,4303^A0R,27,23^CI13^FR^FDDEPT^FS
^FO217,3801^A0R,67,33^CI13^FR^FD%PNBR%^FS
^FO399,2959^A0R,127,103^CI13^FR^FDMASTER^FS
^FO219,4108^A0R,63,28^CI13^FR^FD %QTY%^FS
^FO229,4426^A0R,47,28^CI13^FR^FD%PCD%^FS
^FO138,3809^A0R,47,33^CI13^FR^FD%END_DATE%^FS
^FO78,3820^AHR,31,23^CI0^FR^FDN%SERNBR% %CHECK_SUM%^FS
^FO133,4104^A0R,47,33^CI13^FR^FD%GWM%^FS
^FO160,168^A0R,127,103^CI13^FR^FD%SER8%^FS
^FO176,4051^A0R,27,23^CI13^FR^FDWT^FS
^FO258,4307^A0R,27,32^CI13^FR^FDPKG^FS
^FO76,3677^FR^GB216,0,84^FS
^BY3,3.0^FO14,35^B3R,N,152,N,Y^FR^FDS%SER8%^FS
^FO422,1081^A0R,127,103^CI13^FR^FDMASTER^FS
^FO512,2821^A0R,31,25^CI13^FR^FDDATES^FS
^FO159,2799^A0R,55,63^CI13^FR^FD%DESC%^FS
^FO57,2809^A0R,31,35^CI13^FR^FDMFG/QC INFO^FS
^FO257,943^A0R,31,35^CI13^FR^FDDESCRIPTION^FS
^FO174,933^A0R,55,63^CI13^FR^FD%DESC%^FS
^FO83,943^A0R,31,35^CI13^FR^FDMFG/QC INFO^FS
^FO244,2806^A0R,31,35^CI13^FR^FDDESCRIPTION^FS
^BY3,3.0^FO323,94^B3R,N,152,N,Y^FR^FD084668367^FS
^FO459,233^A0R,127,103^CI13^FR^FD084668367^FS
^FO544,55^A0R,31,25^CI13^FR^FDSUPPLIER^FS
^FO511,55^A0R,31,25^CI13^FR^FD(V)^FS
^BY3,3.0^FO14,1864^B3R,N,152,N,Y^FR^FDS%SER8%^FS
^FO233,1913^A0R,31,25^CI13^FR^FDSERIAL:^FS
^FO200,1913^A0R,31,25^CI13^FR^FD(S)^FS
^FO156,2030^A0R,127,103^CI13^FR^FD%SER8%^FS
^FO770,182^A0R,127,103^CI13^FR^FD%ECL%^FS
^FO861,957^A0R,31,25^CI13^FR^FDWEIGHT^FS
^BY3,3.0^FO320,1963^B3R,N,152,N,Y^FR^FD084668367^FS
^FO837,48^A0R,31,25^CI13^FR^FDECL^FS
^FO986,971^A0R,31,25^CI13^FR^FDQUANTITY:^FS
^FO953,971^A0R,31,25^CI13^FR^FD(Q)^FS
^FO1158,48^A0R,31,25^CI13^FR^FDPART NO:^FS
^FO1125,48^A0R,31,25^CI13^FR^FD(P)^FS
^FO521,3708^A0R,52,42^CI13^FR^FDS^FS
^FO466,3708^A0R,52,42^CI13^FR^FDT^FS
^FO411,3706^A0R,52,42^CI13^FR^FDG^FS
^BY3,3.0^FO320,3803^B3B,N,62,N,Y^FR^FD%SERIALNBR%^FS
^FO450,4356^A0R,47,47^CI13^FR^FD%DEPT%^FS
^FO565,4051^A0R,27,23^CI13^FR^FDQTY^FS
^FO486,4303^A0R,27,23^CI13^FR^FDDEPT^FS
^FO524,3801^A0R,67,33^CI13^FR^FD%PNBR%^FS
^FO526,4108^A0R,63,28^CI13^FR^FD %QTY%^FS
^FO536,4426^A0R,47,28^CI13^FR^FD%PCD%^FS
^FO445,3809^A0R,47,33^CI13^FR^FD%END_DATE%^FS
^FO385,3820^AHR,31,23^CI0^FR^FDN%SERNBR% %CHECK_SUM%^FS
^FO440,4104^A0R,47,33^CI13^FR^FD%GWM%^FS
^FO486,4051^A0R,27,23^CI13^FR^FDWT^FS
^FO565,4307^A0R,27,32^CI13^FR^FDPKG^FS
^FO383,3677^FR^GB216,0,84^FS
^FO839,3711^A0R,52,42^CI13^FR^FDC^FS
^FO784,3711^A0R,52,42^CI13^FR^FDT^FS
^FO729,3709^A0R,52,42^CI13^FR^FDN^FS
^BY3,3.0^FO640,3805^B3B,N,62,N,Y^FR^FD%SERIALNBR%^FS
^FO767,4359^A0R,47,47^CI13^FR^FD%DEPT%^FS
^FO883,4053^A0R,27,23^CI13^FR^FDQTY^FS
^FO803,4305^A0R,27,23^CI13^FR^FDDEPT^FS
^FO842,3803^A0R,67,33^CI13^FR^FD%PNBR%^FS
^FO844,4110^A0R,63,28^CI13^FR^FD %QTY%^FS
^FO854,4428^A0R,47,28^CI13^FR^FD%PCD%^FS
^FO763,3812^A0R,47,33^CI13^FR^FD%END_DATE%^FS
^FO703,3823^AHR,31,23^CI0^FR^FDN%SERNBR% %CHECK_SUM%^FS
^FO758,4107^A0R,47,33^CI13^FR^FD%GWM%^FS
^FO803,4053^A0R,27,23^CI13^FR^FDWT^FS
^FO883,4310^A0R,27,32^CI13^FR^FDPKG^FS
^FO701,3679^FR^GB216,0,84^FS
^FO1175,3710^A0R,52,42^CI13^FR^FDP^FS
^FO1120,3709^A0R,52,42^CI13^FR^FDR^FS
^FO1065,3709^A0R,52,42^CI13^FR^FDD^FS
^BY3,3.0^FO972,3807^B3B,N,62,N,Y^FR^FD%SERIALNBR%^FS
^FO1103,4359^A0R,47,47^CI13^FR^FD%DEPT%^FS
^FO1216,4053^A0R,27,23^CI13^FR^FDQTY^FS
^FO705,2918^A0R,127,123^CI13^FR^FD%GW% KG^FS
^FO1139,4305^A0R,27,23^CI13^FR^FDDEPT^FS
^FO705,1097^A0R,127,123^CI13^FR^FD%GW% KG^FS
^FO1178,3803^A0R,67,33^CI13^FR^FD%PNBR%^FS
^FO1180,4110^A0R,63,28^CI13^FR^FD %QTY%^FS
^FO1190,4428^A0R,47,28^CI13^FR^FD%PCD%^FS
^FO1099,3812^A0R,47,33^CI13^FR^FD%END_DATE%^FS
^FO1039,3823^AHR,31,23^CI0^FR^FDN%SERNBR% %CHECK_SUM%^FS
^FO1094,4107^A0R,47,33^CI13^FR^FD%GWM%^FS
^FO915,4^GB0,3508,4^FS
^FO985,540^GB0,0,0^FS
^FO598,0^GB0,3508,4^FS
^FO294,0^GB0,3508,4^FS
^FO12,915^GB1282,0,4^FS
^FO4,2748^GB1282,0,4^FS
^FO1174,3763^GB0,824,2^FS
^FO1075,3761^GB0,824,2^FS
^FO1078,4041^GB189,0,2^FS
^FO1078,4298^GB189,0,2^FS
^FO990,2402^GB0,0,0^FS
^FO213,3761^GB0,824,2^FS
^FO114,3758^GB0,824,2^FS
^FO117,4037^GB189,0,2^FS
^FO117,4296^GB189,0,2^FS
^FO520,3761^GB0,824,2^FS
^FO422,3758^GB0,824,2^FS
^FO424,4039^GB189,0,2^FS
^FO424,4296^GB189,0,2^FS
^FO838,3763^GB0,824,2^FS
^FO739,3761^GB0,824,2^FS
^FO742,4041^GB189,0,2^FS
^FO742,4298^GB189,0,2^FS
^PQ1,0,0,N
^XZ
^FX End of job
^XA
^IDR:ID*.*
^XZ
