^XA
^PRC
^LH0,0^FS
^LL4636
^MD0
^MNY
^LH0,0^FS
^FO537,1919^A0R,31,25^CI13^FR^FDSUPPLIER^FS
^FO504,1919^A0R,31,25^CI13^FR^FD(V)^FS
^FO452,2098^A0R,127,103^CI13^FR^FD084668367^FS
^FO787,43^A0R,31,25^CI13^FR^FD(2P)^FS
^FO229,50^A0R,31,25^CI13^FR^FDSERIAL:^FS
^FO196,50^A0R,31,25^CI13^FR^FD(S)^FS
^FO532,939^A0R,31,25^CI13^FR^FDDATES^FS
^FO1125,4013^A0R,27,23^CI13^FR^FDWT^FS
^FO1205,4269^A0R,27,32^CI13^FR^FDPKG^FS
^FO1021,3639^FR^GB216,0,84^FS
^BY3,3.0^FO932,78^B3R,N,152,N,Y^FR^FDP%PNBR%^FS
^FO1069,184^A0R,127,103^CI13^FR^FD%PNBR%^FS
^FO765,2098^A0R,127,103^CI13^FR^FD%ECL%^FS
^BY3,3.0^FO1073,3004^B3R,N,152,N,Y^FR^FDQ%QTY%^FS
^FO802,1899^A0R,31,25^CI13^FR^FD(2P)^FS
^FO933,3138^A0R,127,103^CI13^FR^FD%QTY%^FS
^FO1089,2038^A0R,127,103^CI13^FR^FD%PNBR%^FS
^FO933,1269^A0R,127,103^CI13^FR^FD%QTY%^FS
^BY3,3.0^FO937,1939^B3R,N,152,N,Y^FR^FDP%PNBR%^FS
^FO857,2790^A0R,31,25^CI13^FR^FDWEIGHT^FS
^FO838,1905^A0R,31,25^CI13^FR^FDECL^FS
^FO994,2800^A0R,31,25^CI13^FR^FDQUANTITY:^FS
^FO961,2800^A0R,31,25^CI13^FR^FD(Q)^FS
^FO1159,1905^A0R,31,25^CI13^FR^FDPART NO:^FS
^FO1126,1905^A0R,31,25^CI13^FR^FD(P)^FS
^BY3,3.0^FO629,1941^B3R,N,152,N,Y^FR^FD2P%ECL%^FS
^BY3,3.0^FO1073,1135^B3R,N,152,N,Y^FR^FDQ%QTY%^FS
^BY3,3.0^FO617,145^B3R,N,152,N,Y^FR^FD2P%ECL%^FS
^FO379,1082^A0R,127,103^CI13^FR^FD%BC%^FS
^FO356,2890^A0R,127,103^CI13^FR^FD%BC%^FS
^FO156,164^A0R,127,103^CI13^FR^FD%SER8%^FS
^BY3,3.0^FO10,40^B3R,N,152,N,Y^FR^FDS%SER8%^FS
^FO532,2788^A0R,31,25^CI13^FR^FDDATES^FS
^FO155,2795^A0R,55,63^CI13^FR^FD%DESC%^FS
^FO53,2805^A0R,31,35^CI13^FR^FDMFG/QC INFO^FS
^FO253,939^A0R,31,35^CI13^FR^FDDESCRIPTION^FS
^FO170,929^A0R,55,63^CI13^FR^FD%DESC%^FS
^FO79,939^A0R,31,35^CI13^FR^FDMFG/QC INFO^FS
^FO240,2802^A0R,31,35^CI13^FR^FDDESCRIPTION^FS
^BY3,3.0^FO319,90^B3R,N,152,N,Y^FR^FDV084668367^FS
^FO455,229^A0R,127,103^CI13^FR^FD084668367^FS
^FO540,51^A0R,31,25^CI13^FR^FDSUPPLIER^FS
^FO507,51^A0R,31,25^CI13^FR^FD(V)^FS
^BY3,3.0^FO10,1898^B3R,N,152,N,Y^FR^FDS%SER8%^FS
^FO229,1909^A0R,31,25^CI13^FR^FDSERIAL:^FS
^FO196,1909^A0R,31,25^CI13^FR^FD(S)^FS
^FO152,2026^A0R,127,103^CI13^FR^FD%SER8%^FS
^FO766,178^A0R,127,103^CI13^FR^FD%ECL%^FS
^FO857,953^A0R,31,25^CI13^FR^FDWEIGHT^FS
^BY3,3.0^FO316,1959^B3R,N,152,N,Y^FR^FDV084668367^FS
^FO188,3767^A0R,59,103^CI13^FR^FDPKG^FS
^BY3,3.0^FO100,3821^B3B,N,62,N,Y^FR^FD%PCD%^FS
^FO833,44^A0R,31,25^CI13^FR^FDECL^FS
^FO982,967^A0R,31,25^CI13^FR^FDQUANTITY:^FS
^FO949,967^A0R,31,25^CI13^FR^FD(Q)^FS
^FO1154,44^A0R,31,25^CI13^FR^FDPART NO:^FS
^FO1121,44^A0R,31,25^CI13^FR^FD(P)^FS
^FO518,3669^A0R,52,42^CI13^FR^FDS^FS
^FO463,3669^A0R,52,42^CI13^FR^FDT^FS
^FO408,3667^A0R,52,42^CI13^FR^FDG^FS
^BY3,3.0^FO316,3765^B3B,N,62,N,Y^FR^FD%SERNBR%%CS% ^FS
^FO448,4318^A0R,47,47^CI13^FR^FD%DEPT%^FS
^FO560,4013^A0R,27,23^CI13^FR^FDQTY^FS
^FO484,4265^A0R,27,23^CI13^FR^FDDEPT^FS
^FO520,3763^A0R,67,33^CI13^FR^FD%PNBR%^FS
^FO524,4067^A0R,63,28^CI13^FR^FD %QTY%^FS
^FO532,4386^A0R,47,28^CI13^FR^FD%PCD%^FS
^FO440,3770^A0R,47,33^CI13^FR^FD%END_DATE%^FS
^FO380,3781^AHR,31,23^CI0^FR^FDN%SERNBR% %CS%^FS
^FO436,4066^A0R,47,33^CI13^FR^FD%GWM%^FS
^FO484,4013^A0R,27,23^CI13^FR^FDWT^FS
^FO560,4269^A0R,27,32^CI13^FR^FDPKG^FS
^FO376,3639^FR^GB216,0,84^FS
^FO835,3666^A0R,52,42^CI13^FR^FDW^FS
^FO780,3671^A0R,52,42^CI13^FR^FDH^FS
^FO725,3673^A0R,52,42^CI13^FR^FDS^FS
^BY3,3.0^FO628,3765^B3B,N,62,N,Y^FR^FD%SERNBR%%CS% ^FS
^FO761,4318^A0R,47,47^CI13^FR^FD%DEPT%^FS
^FO877,4013^A0R,27,23^CI13^FR^FDQTY^FS
^FO797,4265^A0R,27,23^CI13^FR^FDDEPT^FS
^FO837,3763^A0R,67,33^CI13^FR^FD%PNBR%^FS
^FO837,4071^A0R,63,28^CI13^FR^FD %QTY%^FS
^FO849,4390^A0R,47,28^CI13^FR^FD%PCD%^FS
^FO757,3774^A0R,47,33^CI13^FR^FD%END_DATE%^FS
^FO697,3785^AHR,31,23^CI0^FR^FDN%SERNBR% %CS%^FS
^FO753,4066^A0R,47,33^CI13^FR^FD%GWM%^FS
^FO797,4013^A0R,27,23^CI13^FR^FDWT^FS
^FO877,4269^A0R,27,32^CI13^FR^FDPKG^FS
^FO697,3639^FR^GB216,0,84^FS
^FO1159,3673^A0R,52,42^CI13^FR^FDS^FS
^FO1104,3671^A0R,52,42^CI13^FR^FDH^FS
^FO1049,3672^A0R,52,42^CI13^FR^FDP^FS
^BY3,3.0^FO957,3769^B3B,N,62,N,Y^FR^FD%SERNBR%%CS% ^FS
^FO1089,4318^A0R,47,47^CI13^FR^FD%DEPT%^FS
^FO1201,4013^A0R,27,23^CI13^FR^FDQTY^FS
^FO1125,4265^A0R,27,23^CI13^FR^FDDEPT^FS
^FO1161,3763^A0R,67,33^CI13^FR^FD%PNBR%^FS
^FO1165,4071^A0R,63,28^CI13^FR^FD %QTY%^FS
^FO1173,4390^A0R,47,28^CI13^FR^FD%PCD%^FS
^FO1085,3774^A0R,47,33^CI13^FR^FD%END_DATE%^FS
^FO1025,3785^AHR,31,23^CI0^FR^FDN%SERNBR% %CS%^FS
^FO1077,4066^A0R,47,33^CI13^FR^FD%GWM%^FS
^FO903,0^GB0,3508,4^FS
^FO981,536^GB0,0,0^FS
^FO302,0^GB0,3508,4^FS
^FO598,4^GB0,3508,4^FS
^FO8,911^GB1282,0,4^FS
^FO0,2744^GB1282,0,4^FS
^FO1157,3723^GB0,824,2^FS
^FO1061,3723^GB0,824,2^FS
^FO1061,4003^GB189,0,2^FS
^FO1061,4259^GB189,0,2^FS
^FO986,2398^GB0,0,0^FS
^FO516,3723^GB0,824,2^FS
^FO420,3719^GB0,824,2^FS
^FO420,3999^GB189,0,2^FS
^FO420,4255^GB189,0,2^FS
^FO833,3723^GB0,824,2^FS
^FO733,3723^GB0,824,2^FS
^FO737,4003^GB189,0,2^FS
^FO737,4259^GB189,0,2^FS
^PQ1,0,0,N
^XZ
^FX End of job
^XA
^IDR:ID*.*
^XZ
