^XA
^PRC 
^LH0,0^FS
^LL4636
^MD0
^MNY
^LH0,0^FS
^FO1055,3805^A0R,63,51^CI13^FR^FDSKIDID: %SKIDID%^FS
^FO1141,600^A0R,63,51^CI13^FR^FDBEC SKID CONTENT SUMMARY-%LINE%^FS
^FO940,267^A0R,47,39^CI13^FR^FD%SERNBR2%^FS
^FO949,1376^A0R,47,33^CI13^FR^FD%END_DATE2%^FS
^BY3,3.0^FO937,648^B3B,N,62,N,Y^FR^FDx%SERNBR2%^FS
^FO936,2063^A0R,47,39^CI13^FR^FD%SERNBR2%^FS
^FO945,3175^A0R,47,33^CI13^FR^FD%END_DATE2%^FS
^BY3,3.0^FO937,2444^B3B,N,62,N,Y^FR^FDx%SERNBR2%^FS
^BY3,3.0^FO296,648^B3B,N,62,N,Y^FR^FDx%SERNBR9%^FS
^FO308,1376^A0R,47,33^CI13^FR^FD%END_DATE9%^FS
^FO1146,3280^A0R,23,19^CI13^FR^FDTIME^FS
^FO1121,3280^A0R,23,19^CI13^FR^FDPRINTED:^FS
^BY3,3.0^FO296,2444^B3B,N,62,N,Y^FR^FDx%SERNBR9%^FS
^FO952,539^A0R,31,25^CI13^FR^FD2^FS
^FO865,537^A0R,31,25^CI13^FR^FD3^FS
^FO773,537^A0R,31,25^CI13^FR^FD4^FS
^FO677,536^A0R,31,25^CI13^FR^FD5^FS
^FO587,539^A0R,31,25^CI13^FR^FD6^FS
^FO504,539^A0R,31,25^CI13^FR^FD7^FS
^FO407,537^A0R,31,25^CI13^FR^FD8^FS
^FO318,536^A0R,31,25^CI13^FR^FD9^FS
^FO229,528^A0R,31,25^CI13^FR^FD10^FS
^FO1140,76^A0R,23,19^CI13^FR^FDPART^FS
^FO1115,76^A0R,23,19^CI13^FR^FDNUMBER:^FS
^FO142,528^A0R,31,25^CI13^FR^FD11^FS
^FO46,530^A0R,31,25^CI13^FR^FD12^FS
^FO1137,3803^A0R,63,51^CI13^FR^FDDESTINATION: %CNTR%^FS
^FO43,2321^A0R,31,25^CI13^FR^FD12^FS
^FO300,269^A0R,47,39^CI13^FR^FD%SERNBR9%^FS
^FO300,43^A0R,47,39^CI13^FR^FD%PNBR9%^FS
^FO139,2319^A0R,31,25^CI13^FR^FD11^FS
^BY3,3.0^FO208,648^B3B,N,62,N,Y^FR^FDx%SERNBR10%^FS
^BY3,3.0^FO841,648^B3B,N,62,N,Y^FR^FDx%SERNBR3%^FS
^FO226,2319^A0R,31,25^CI13^FR^FD10^FS
^FO315,2327^A0R,31,25^CI13^FR^FD9^FS
^FO404,2328^A0R,31,25^CI13^FR^FD8^FS
^FO501,2330^A0R,31,25^CI13^FR^FD7^FS
^FO584,2330^A0R,31,25^CI13^FR^FD6^FS
^FO674,2327^A0R,31,25^CI13^FR^FD5^FS
^FO770,2328^A0R,31,25^CI13^FR^FD4^FS
^FO862,2328^A0R,31,25^CI13^FR^FD3^FS
^FO949,2330^A0R,31,25^CI13^FR^FD2^FS
^FO1035,2329^A0R,31,25^CI13^FR^FD1^FS
^FO853,1376^A0R,47,33^CI13^FR^FD%END_DATE3%^FS
^FO845,269^A0R,47,39^CI13^FR^FD%SERNBR3%^FS
^FO220,1376^A0R,47,33^CI13^FR^FD%END_DATE10%^FS
^FO845,43^A0R,47,39^CI13^FR^FD%PNBR3%^FS
^FO212,273^A0R,47,39^CI13^FR^FD%SERNBR10%^FS
^FO212,47^A0R,47,39^CI13^FR^FD%PNBR10%^FS
^BY3,3.0^FO116,648^B3B,N,62,N,Y^FR^FDx%SERNBR11%^FS
^FO128,1376^A0R,47,33^CI13^FR^FD%END_DATE11%^FS
^FO120,273^A0R,47,39^CI13^FR^FD%SERNBR11%^FS
^FO304,3175^A0R,47,33^CI13^FR^FD%END_DATE9%^FS
^FO120,47^A0R,47,39^CI13^FR^FD%PNBR11%^FS
^BY3,3.0^FO24,648^B3B,N,62,N,Y^FR^FDx%SERNBR12%^FS
^FO36,1376^A0R,47,33^CI13^FR^FD%END_DATE12%^FS
^FO28,273^A0R,47,39^CI13^FR^FD%SERNBR12%^FS
^BY3,3.0^FO749,648^B3B,N,62,N,Y^FR^FDx%SERNBR4%^FS
^FO28,47^A0R,47,39^CI13^FR^FD%PNBR12%^FS
^BY3,3.0^FO1025,648^B3B,N,62,N,Y^FR^FDx%SERNBR1%^FS
^FO1041,1376^A0R,47,33^CI13^FR^FD%END_DATE1%^FS
^FO1033,269^A0R,47,39^CI13^FR^FD%SERNBR1%^FS
^FO1033,43^A0R,47,39^CI13^FR^FD%PNBR1%^FS
^FO1140,334^A0R,23,19^CI13^FR^FDSERIAL^FS
^FO1115,334^A0R,23,19^CI13^FR^FDNUMBER:^FS
^FO1136,1871^A0R,23,19^CI13^FR^FDPART^FS
^FO1111,1871^A0R,23,19^CI13^FR^FDNUMBER:^FS
^FO1148,1483^A0R,23,19^CI13^FR^FDTIME^FS
^FO1123,1483^A0R,23,19^CI13^FR^FDPRINTED:^FS
^FO761,1376^A0R,47,33^CI13^FR^FD%END_DATE4%^FS
^FO753,269^A0R,47,39^CI13^FR^FD%SERNBR4%^FS
^FO753,43^A0R,47,39^CI13^FR^FD%PNBR4%^FS
^FO296,2065^A0R,47,39^CI13^FR^FD%SERNBR9%^FS
^FO940,41^A0R,47,39^CI13^FR^FD%PNBR2%^FS
^BY3,3.0^FO652,648^B3B,N,62,N,Y^FR^FDx%SERNBR5%^FS
^FO664,1376^A0R,47,33^CI13^FR^FD%END_DATE5%^FS
^FO656,269^A0R,47,39^CI13^FR^FD%SERNBR5%^FS
^FO296,1838^A0R,47,39^CI13^FR^FD%PNBR9%^FS
^FO656,43^A0R,47,39^CI13^FR^FD%PNBR5%^FS
^FO1173,79^A0R,47,39^CI13^FR^FD%SHIP_DATE%^FS
^BY3,3.0^FO208,2444^B3B,N,62,N,Y^FR^FDx%SERNBR10%^FS
^BY3,3.0^FO564,648^B3B,N,62,N,Y^FR^FDx%SERNBR6%^FS
^FO576,1376^A0R,47,33^CI13^FR^FD%END_DATE6%^FS
^FO568,273^A0R,47,39^CI13^FR^FD%SERNBR6%^FS
^FO568,47^A0R,47,39^CI13^FR^FD%PNBR6%^FS
^BY3,3.0^FO841,2444^B3B,N,62,N,Y^FR^FDx%SERNBR3%^FS
^FO849,3175^A0R,47,33^CI13^FR^FD%END_DATE3%^FS
^FO841,2065^A0R,47,39^CI13^FR^FD%SERNBR3%^FS
^FO216,3175^A0R,47,33^CI13^FR^FD%END_DATE10%^FS
^FO841,1838^A0R,47,39^CI13^FR^FD%PNBR3%^FS
^FO208,2069^A0R,47,39^CI13^FR^FD%SERNBR10%^FS
^FO208,1842^A0R,47,39^CI13^FR^FD%PNBR10%^FS
^BY3,3.0^FO116,2444^B3B,N,62,N,Y^FR^FDx%SERNBR11%^FS
^FO124,3175^A0R,47,33^CI13^FR^FD%END_DATE11%^FS
^FO116,2069^A0R,47,39^CI13^FR^FD%SERNBR11%^FS
^FO116,1842^A0R,47,39^CI13^FR^FD%PNBR11%^FS
^BY3,3.0^FO24,2444^B3B,N,62,N,Y^FR^FDx%SERNBR12%^FS
^FO32,3175^A0R,47,33^CI13^FR^FD%END_DATE12%^FS
^FO24,2069^A0R,47,39^CI13^FR^FD%SERNBR12%^FS
^BY3,3.0^FO749,2444^B3B,N,62,N,Y^FR^FDx%SERNBR4%^FS
^FO24,1842^A0R,47,39^CI13^FR^FD%PNBR12%^FS
^BY3,3.0^FO1025,2444^B3B,N,62,N,Y^FR^FDx%SERNBR1%^FS
^FO1037,3175^A0R,47,33^CI13^FR^FD%END_DATE1%^FS
^FO1029,2065^A0R,47,39^CI13^FR^FD%SERNBR1%^FS
^FO1029,1838^A0R,47,39^CI13^FR^FD%PNBR1%^FS
^FO1136,2130^A0R,23,19^CI13^FR^FDSERIAL^FS
^FO1111,2130^A0R,23,19^CI13^FR^FDNUMBER:^FS
^FO1038,538^A0R,31,25^CI13^FR^FD1^FS
^FO757,3175^A0R,47,33^CI13^FR^FD%END_DATE4%^FS
^FO749,2065^A0R,47,39^CI13^FR^FD%SERNBR4%^FS
^BY3,3.0^FO476,648^B3B,N,62,N,Y^FR^FDx%SERNBR7%^FS
^FO749,1838^A0R,47,39^CI13^FR^FD%PNBR4%^FS
^FO936,1836^A0R,47,39^CI13^FR^FD%PNBR2%^FS
^BY3,3.0^FO652,2444^B3B,N,62,N,Y^FR^FDx%SERNBR5%^FS
^FO660,3175^A0R,47,33^CI13^FR^FD%END_DATE5%^FS
^FO652,2065^A0R,47,39^CI13^FR^FD%SERNBR5%^FS
^FO652,1838^A0R,47,39^CI13^FR^FD%PNBR5%^FS
^BY3,3.0^FO564,2444^B3B,N,62,N,Y^FR^FDx%SERNBR6%^FS
^FO572,3175^A0R,47,33^CI13^FR^FD%END_DATE6%^FS
^FO564,2069^A0R,47,39^CI13^FR^FD%SERNBR6%^FS
^FO564,1842^A0R,47,39^CI13^FR^FD%PNBR6%^FS
^BY3,3.0^FO476,2444^B3B,N,62,N,Y^FR^FDx%SERNBR7%^FS
^FO484,3175^A0R,47,33^CI13^FR^FD%END_DATE7%^FS
^FO476,2069^A0R,47,39^CI13^FR^FD%SERNBR7%^FS
^FO476,1842^A0R,47,39^CI13^FR^FD%PNBR7%^FS
^BY3,3.0^FO384,2444^B3B,N,62,N,Y^FR^FDx%SERNBR8%^FS
^FO392,3175^A0R,47,33^CI13^FR^FD%END_DATE8%^FS
^FO488,1376^A0R,47,33^CI13^FR^FD%END_DATE7%^FS
^FO480,273^A0R,47,39^CI13^FR^FD%SERNBR7%^FS
^FO480,47^A0R,47,39^CI13^FR^FD%PNBR7%^FS
^FO384,2069^A0R,47,39^CI13^FR^FD%SERNBR8%^FS
^BY3,3.0^FO384,648^B3B,N,62,N,Y^FR^FDx%SERNBR8%^FS
^FO396,1376^A0R,47,33^CI13^FR^FD%END_DATE8%^FS
^FO384,1842^A0R,47,39^CI13^FR^FD%PNBR8%^FS
^FO1169,1874^A0R,47,39^CI13^FR^FD%SHIP_DATE%^FS
^FO1137,2396^A0R,63,51^CI13^FR^FDBEC SKID CONTENT SUMMARY-%LINE%^FS
^FO388,273^A0R,47,39^CI13^FR^FD%SERNBR8%^FS
^FO388,47^A0R,47,39^CI13^FR^FD%PNBR8%^FS
^FO933,44^GB0,533,2^FS
^FO1021,1841^GB0,533,2^FS
^FO741,1841^GB0,533,2^FS
^FO644,1841^GB0,533,2^FS
^FO556,1845^GB0,533,2^FS
^FO468,1845^GB0,533,2^FS
^FO376,1845^GB0,533,2^FS
^FO292,46^GB0,533,2^FS
^FO204,50^GB0,533,2^FS
^FO837,46^GB0,533,2^FS
^FO112,50^GB0,533,2^FS
^FO20,50^GB0,533,2^FS
^FO1025,46^GB0,533,2^FS
^FO745,46^GB0,533,2^FS
^FO648,46^GB0,533,2^FS
^FO560,50^GB0,533,2^FS
^FO472,50^GB0,533,2^FS
^FO929,1839^GB0,533,2^FS
^FO288,1841^GB0,533,2^FS
^FO200,1845^GB0,533,2^FS
^FO833,1841^GB0,533,2^FS
^FO380,50^GB0,533,2^FS
^FO108,1845^GB0,533,2^FS
^FO16,1845^GB0,533,2^FS
^PQ1,0,0,N
^XZ
^FX End of job
^XA
^IDR:ID*.*
^XZ
