11/1/2005 1:27:16 PM Error: One or more errors occurred during processing of command.
ORA-00979: not a GROUP BY expression:Microsoft OLE DB Provider for Oracle 
     Parameters: None
11/1/2005 1:27:16 PM Error: Must specify value for source.:Common:LogEvent:System 
     Parameters: None
11/1/2005 1:27:43 PM Error: One or more errors occurred during processing of command.
ORA-00979: not a GROUP BY expression:Microsoft OLE DB Provider for Oracle 
     Parameters: None
11/1/2005 1:27:43 PM Error: Must specify value for source.:Common:LogEvent:System 
     Parameters: None
11/1/2005 1:27:57 PM Error: One or more errors occurred during processing of command.
ORA-00979: not a GROUP BY expression:Microsoft OLE DB Provider for Oracle 
     Parameters: None
11/1/2005 1:27:57 PM Error: Must specify value for source.:Common:LogEvent:System 
     Parameters: None
11/1/2005 1:28:38 PM Error: One or more errors occurred during processing of command.
ORA-00979: not a GROUP BY expression:Microsoft OLE DB Provider for Oracle 
     Parameters: None
11/1/2005 1:28:38 PM Error: Must specify value for source.:Common:LogEvent:System 
     Parameters: None
11/1/2005 1:28:54 PM Error: One or more errors occurred during processing of command.
ORA-00979: not a GROUP BY expression:Microsoft OLE DB Provider for Oracle 
     Parameters: None
11/1/2005 1:28:54 PM Error: Must specify value for source.:Common:LogEvent:System 
     Parameters: None
11/1/2005 1:29:09 PM Error: One or more errors occurred during processing of command.
ORA-00979: not a GROUP BY expression:Microsoft OLE DB Provider for Oracle 
     Parameters: None
11/1/2005 1:29:09 PM Error: Must specify value for source.:Common:LogEvent:System 
     Parameters: None
11/1/2005 1:29:22 PM Error: One or more errors occurred during processing of command.
ORA-00904: "SUB_STANDARD_PACK_ID": invalid identifier:Microsoft OLE DB Provider for Oracle 
     Parameters: None
11/1/2005 1:29:22 PM Error: Must specify value for source.:Common:LogEvent:System 
     Parameters: None
11/1/2005 1:29:34 PM Error: One or more errors occurred during processing of command.
ORA-00904: "SUB_STANDARD_PACK_ID": invalid identifier:Microsoft OLE DB Provider for Oracle 
     Parameters: None
11/1/2005 1:29:34 PM Error: Must specify value for source.:Common:LogEvent:System 
     Parameters: None
11/1/2005 1:35:40 PM Error: One or more errors occurred during processing of command.
ORA-00979: not a GROUP BY expression:Microsoft OLE DB Provider for Oracle 
     Parameters: None
11/1/2005 1:35:40 PM Error: Must specify value for source.:Common:LogEvent:System 
     Parameters: None
11/1/2005 1:42:00 PM Error: One or more errors occurred during processing of command.
ORA-00979: not a GROUP BY expression:Microsoft OLE DB Provider for Oracle 
     Parameters: None
11/1/2005 1:42:00 PM Error: Must specify value for source.:Common:LogEvent:System 
     Parameters: None
11/1/2005 1:43:26 PM Error: One or more errors occurred during processing of command.
ORA-00979: not a GROUP BY expression:Microsoft OLE DB Provider for Oracle 
     Parameters: None
11/1/2005 1:43:26 PM Error: Must specify value for source.:Common:LogEvent:System 
     Parameters: None
11/1/2005 1:58:13 PM Error: One or more errors occurred during processing of command.
ORA-00979: not a GROUP BY expression:Microsoft OLE DB Provider for Oracle 
     Parameters: None
11/1/2005 1:58:13 PM Error: Must specify value for source.:Common:LogEvent:System 
     Parameters: None
11/1/2005 1:58:45 PM Error: One or more errors occurred during processing of command.
ORA-00979: not a GROUP BY expression:Microsoft OLE DB Provider for Oracle 
     Parameters: None
11/1/2005 1:58:45 PM Error: Must specify value for source.:Common:LogEvent:System 
     Parameters: None
11/1/2005 2:03:57 PM Error: One or more errors occurred during processing of command.
ORA-00979: not a GROUP BY expression:Microsoft OLE DB Provider for Oracle 
     Parameters: None
11/1/2005 2:03:57 PM Error: Must specify value for source.:Common:LogEvent:System 
     Parameters: None
11/1/2005 3:02:03 PM Error: One or more errors occurred during processing of command.
ORA-00979: not a GROUP BY expression:Microsoft OLE DB Provider for Oracle 
     Parameters: None
11/1/2005 3:02:03 PM Error: Must specify value for source.:Common:LogEvent:System 
     Parameters: None
11/1/2005 3:02:22 PM Error: One or more errors occurred during processing of command.
ORA-00979: not a GROUP BY expression:Microsoft OLE DB Provider for Oracle 
     Parameters: None
11/1/2005 3:02:22 PM Error: Must specify value for source.:Common:LogEvent:System 
     Parameters: None
11/1/2005 3:05:53 PM Error: One or more errors occurred during processing of command.
ORA-00979: not a GROUP BY expression:Microsoft OLE DB Provider for Oracle 
     Parameters: None
11/1/2005 3:05:53 PM Error: Must specify value for source.:Common:LogEvent:System 
     Parameters: None
11/1/2005 3:06:01 PM Error: One or more errors occurred during processing of command.
ORA-00979: not a GROUP BY expression:Microsoft OLE DB Provider for Oracle 
     Parameters: None
11/1/2005 3:06:01 PM Error: Must specify value for source.:Common:LogEvent:System 
     Parameters: None
11/1/2005 3:06:07 PM Error: One or more errors occurred during processing of command.
ORA-00979: not a GROUP BY expression:Microsoft OLE DB Provider for Oracle 
     Parameters: None
11/1/2005 3:06:07 PM Error: Must specify value for source.:Common:LogEvent:System 
     Parameters: None
11/1/2005 3:07:41 PM Error: One or more errors occurred during processing of command.
ORA-00979: not a GROUP BY expression:Microsoft OLE DB Provider for Oracle 
     Parameters: None
11/1/2005 3:07:41 PM Error: Must specify value for source.:Common:LogEvent:System 
     Parameters: None
11/1/2005 3:07:45 PM Error: One or more errors occurred during processing of command.
ORA-00904: "SUB_STANDARD_PACK_ID": invalid identifier:Microsoft OLE DB Provider for Oracle 
     Parameters: None
11/1/2005 3:07:45 PM Error: Must specify value for source.:Common:LogEvent:System 
     Parameters: None
11/1/2005 3:14:20 PM Error: One or more errors occurred during processing of command.
ORA-00904: "SUB_STANDARD_PACK_ID": invalid identifier:Microsoft OLE DB Provider for Oracle 
     Parameters: None
11/1/2005 3:14:20 PM Error: Must specify value for source.:Common:LogEvent:System 
     Parameters: None
11/1/2005 3:24:40 PM Error: One or more errors occurred during processing of command.
ORA-00979: not a GROUP BY expression:Microsoft OLE DB Provider for Oracle 
     Parameters: None
11/1/2005 3:24:40 PM Error: Must specify value for source.:Common:LogEvent:System 
     Parameters: None
11/1/2005 3:24:54 PM Error: One or more errors occurred during processing of command.
ORA-00979: not a GROUP BY expression:Microsoft OLE DB Provider for Oracle 
     Parameters: None
11/1/2005 3:24:54 PM Error: Must specify value for source.:Common:LogEvent:System 
     Parameters: None
11/1/2005 3:25:18 PM Error: One or more errors occurred during processing of command.
ORA-00979: not a GROUP BY expression:Microsoft OLE DB Provider for Oracle 
     Parameters: None
11/1/2005 3:25:18 PM Error: Must specify value for source.:Common:LogEvent:System 
     Parameters: None
11/1/2005 3:28:35 PM Error: One or more errors occurred during processing of command.
ORA-00904: "SUB_STANDARD_PACK_ID": invalid identifier:Microsoft OLE DB Provider for Oracle 
     Parameters: None
11/1/2005 3:28:35 PM Error: Must specify value for source.:Common:LogEvent:System 
     Parameters: None
11/1/2005 3:31:58 PM Error: One or more errors occurred during processing of command.
ORA-00904: "SUB_STANDARD_PACK_ID": invalid identifier:Microsoft OLE DB Provider for Oracle 
     Parameters: None
11/1/2005 3:31:58 PM Error: Must specify value for source.:Common:LogEvent:System 
     Parameters: None
11/1/2005 3:35:20 PM Error: One or more errors occurred during processing of command.
ORA-00904: "SUB_STANDARD_PACK_ID": invalid identifier:Microsoft OLE DB Provider for Oracle 
     Parameters: None
11/1/2005 3:35:20 PM Error: Must specify value for source.:Common:LogEvent:System 
     Parameters: None
11/1/2005 3:40:01 PM Error: One or more errors occurred during processing of command.
ORA-00979: not a GROUP BY expression:Microsoft OLE DB Provider for Oracle 
     Parameters: None
11/1/2005 3:40:01 PM Error: Must specify value for source.:Common:LogEvent:System 
     Parameters: None
11/1/2005 3:46:48 PM Error: One or more errors occurred during processing of command.
ORA-00904: "SUB_STANDARD_PACK_ID": invalid identifier:Microsoft OLE DB Provider for Oracle 
     Parameters: None
11/1/2005 3:46:48 PM Error: Must specify value for source.:Common:LogEvent:System 
     Parameters: None
11/1/2005 3:45:18 PM Error: One or more errors occurred during processing of command.
ORA-00904: "SUB_STANDARD_PACK_ID": invalid identifier:Microsoft OLE DB Provider for Oracle 
     Parameters: None
11/1/2005 3:45:18 PM Error: Must specify value for source.:Common:LogEvent:System 
     Parameters: None
11/1/2005 3:45:49 PM Error: One or more errors occurred during processing of command.
ORA-00904: "SUB_STANDARD_PACK_ID": invalid identifier:Microsoft OLE DB Provider for Oracle 
     Parameters: None
11/1/2005 3:45:49 PM Error: Must specify value for source.:Common:LogEvent:System 
     Parameters: None
11/1/2005 3:45:54 PM Error: One or more errors occurred during processing of command.
ORA-00904: "SUB_STANDARD_PACK_ID": invalid identifier:Microsoft OLE DB Provider for Oracle 
     Parameters: None
11/1/2005 3:45:54 PM Error: Must specify value for source.:Common:LogEvent:System 
     Parameters: None
11/1/2005 3:46:05 PM Error: One or more errors occurred during processing of command.
ORA-00904: "SUB_STANDARD_PACK_ID": invalid identifier:Microsoft OLE DB Provider for Oracle 
     Parameters: None
11/1/2005 3:46:05 PM Error: Must specify value for source.:Common:LogEvent:System 
     Parameters: None
11/1/2005 3:46:09 PM Error: One or more errors occurred during processing of command.
ORA-00904: "SUB_STANDARD_PACK_ID": invalid identifier:Microsoft OLE DB Provider for Oracle 
     Parameters: None
11/1/2005 3:46:09 PM Error: Must specify value for source.:Common:LogEvent:System 
     Parameters: None
11/1/2005 3:46:18 PM Error: One or more errors occurred during processing of command.
ORA-00904: "SUB_STANDARD_PACK_ID": invalid identifier:Microsoft OLE DB Provider for Oracle 
     Parameters: None
11/1/2005 3:46:18 PM Error: Must specify value for source.:Common:LogEvent:System 
     Parameters: None
11/1/2005 3:46:19 PM Error: One or more errors occurred during processing of command.
ORA-00904: "SUB_STANDARD_PACK_ID": invalid identifier:Microsoft OLE DB Provider for Oracle 
     Parameters: None
11/1/2005 3:46:19 PM Error: Must specify value for source.:Common:LogEvent:System 
     Parameters: None
11/1/2005 3:46:21 PM Error: One or more errors occurred during processing of command.
ORA-00904: "SUB_STANDARD_PACK_ID": invalid identifier:Microsoft OLE DB Provider for Oracle 
     Parameters: None
11/1/2005 3:46:21 PM Error: Must specify value for source.:Common:LogEvent:System 
     Parameters: None
11/1/2005 3:46:23 PM Error: One or more errors occurred during processing of command.
ORA-00904: "SUB_STANDARD_PACK_ID": invalid identifier:Microsoft OLE DB Provider for Oracle 
     Parameters: None
11/1/2005 3:46:23 PM Error: Must specify value for source.:Common:LogEvent:System 
     Parameters: None
11/1/2005 3:46:26 PM Error: One or more errors occurred during processing of command.
ORA-00904: "SUB_STANDARD_PACK_ID": invalid identifier:Microsoft OLE DB Provider for Oracle 
     Parameters: None
11/1/2005 3:46:26 PM Error: Must specify value for source.:Common:LogEvent:System 
     Parameters: None
11/1/2005 3:48:47 PM Error: One or more errors occurred during processing of command.
ORA-00979: not a GROUP BY expression:Microsoft OLE DB Provider for Oracle 
     Parameters: None
11/1/2005 3:48:47 PM Error: Must specify value for source.:Common:LogEvent:System 
     Parameters: None
11/1/2005 3:49:06 PM Error: One or more errors occurred during processing of command.
ORA-00979: not a GROUP BY expression:Microsoft OLE DB Provider for Oracle 
     Parameters: None
11/1/2005 3:49:06 PM Error: Must specify value for source.:Common:LogEvent:System 
     Parameters: None
11/1/2005 3:49:41 PM Error: One or more errors occurred during processing of command.
ORA-00904: "SUB_STANDARD_PACK_ID": invalid identifier:Microsoft OLE DB Provider for Oracle 
     Parameters: None
11/1/2005 3:49:41 PM Error: Must specify value for source.:Common:LogEvent:System 
     Parameters: None
11/1/2005 3:56:03 PM Error: One or more errors occurred during processing of command.
ORA-00979: not a GROUP BY expression:Microsoft OLE DB Provider for Oracle 
     Parameters: None
11/1/2005 3:56:03 PM Error: Must specify value for source.:Common:LogEvent:System 
     Parameters: None
11/1/2005 4:26:33 PM Error: One or more errors occurred during processing of command.
ORA-00904: "SUB_STANDARD_PACK_ID": invalid identifier:Microsoft OLE DB Provider for Oracle 
     Parameters: None
11/1/2005 4:26:33 PM Error: Must specify value for source.:Common:LogEvent:System 
     Parameters: None
11/1/2005 4:27:02 PM Error: One or more errors occurred during processing of command.
ORA-00904: "SUB_STANDARD_PACK_ID": invalid identifier:Microsoft OLE DB Provider for Oracle 
     Parameters: None
11/1/2005 4:27:02 PM Error: Must specify value for source.:Common:LogEvent:System 
     Parameters: None
11/1/2005 4:27:04 PM Error: One or more errors occurred during processing of command.
ORA-00904: "SUB_STANDARD_PACK_ID": invalid identifier:Microsoft OLE DB Provider for Oracle 
     Parameters: None
11/1/2005 4:27:04 PM Error: Must specify value for source.:Common:LogEvent:System 
     Parameters: None
11/1/2005 4:27:18 PM Error: One or more errors occurred during processing of command.
ORA-00904: "SUB_STANDARD_PACK_ID": invalid identifier:Microsoft OLE DB Provider for Oracle 
     Parameters: None
11/1/2005 4:27:18 PM Error: Must specify value for source.:Common:LogEvent:System 
     Parameters: None
11/1/2005 4:27:23 PM Error: One or more errors occurred during processing of command.
ORA-00904: "SUB_STANDARD_PACK_ID": invalid identifier:Microsoft OLE DB Provider for Oracle 
     Parameters: None
11/1/2005 4:27:23 PM Error: Must specify value for source.:Common:LogEvent:System 
     Parameters: None
11/1/2005 4:27:33 PM Error: One or more errors occurred during processing of command.
ORA-00904: "SUB_STANDARD_PACK_ID": invalid identifier:Microsoft OLE DB Provider for Oracle 
     Parameters: None
11/1/2005 4:27:33 PM Error: Must specify value for source.:Common:LogEvent:System 
     Parameters: None
11/1/2005 4:30:15 PM Error: One or more errors occurred during processing of command.
ORA-00904: "SUB_STANDARD_PACK_ID": invalid identifier:Microsoft OLE DB Provider for Oracle 
     Parameters: None
11/1/2005 4:30:15 PM Error: Must specify value for source.:Common:LogEvent:System 
     Parameters: None
11/1/2005 4:31:45 PM Error: One or more errors occurred during processing of command.
ORA-00904: "SUB_STANDARD_PACK_ID": invalid identifier:Microsoft OLE DB Provider for Oracle 
     Parameters: None
11/1/2005 4:31:45 PM Error: Must specify value for source.:Common:LogEvent:System 
     Parameters: None
11/1/2005 4:32:00 PM Error: One or more errors occurred during processing of command.
ORA-00904: "SUB_STANDARD_PACK_ID": invalid identifier:Microsoft OLE DB Provider for Oracle 
     Parameters: None
11/1/2005 4:32:00 PM Error: Must specify value for source.:Common:LogEvent:System 
     Parameters: None
11/1/2005 4:41:25 PM Error: One or more errors occurred during processing of command.
ORA-00979: not a GROUP BY expression:Microsoft OLE DB Provider for Oracle 
     Parameters: None
11/1/2005 4:41:25 PM Error: Must specify value for source.:Common:LogEvent:System 
     Parameters: None
