9/20/2007 9:47:46 AM Error: Thread was being aborted.:mscorlib 
     Parameters: None
9/20/2007 9:47:46 AM Error: Must specify value for source.:Common:LogEvent:System 
     Parameters: None
9/20/2007 9:55:19 AM Error: Thread was being aborted.:mscorlib 
     Parameters: None
9/20/2007 9:55:19 AM Error: Must specify value for source.:Common:LogEvent:System 
     Parameters: None
9/20/2007 10:36:17 AM Error: Thread was being aborted.:mscorlib 
     Parameters: None
9/20/2007 10:36:17 AM Error: Must specify value for source.:Common:LogEvent:System 
     Parameters: None
9/20/2007 8:28:10 PM Error: Thread was being aborted.:mscorlib 
     Parameters: None
9/20/2007 8:28:10 PM Error: Must specify value for source.:Common:LogEvent:System 
     Parameters: None
9/20/2007 8:28:55 PM Error: Thread was being aborted.:mscorlib 
     Parameters: None
9/20/2007 8:28:55 PM Error: Must specify value for source.:Common:LogEvent:System 
     Parameters: None
9/20/2007 8:41:23 PM Error: Thread was being aborted.:mscorlib 
     Parameters: None
9/20/2007 8:41:23 PM Error: Must specify value for source.:Common:LogEvent:System 
     Parameters: None
9/20/2007 8:41:59 PM Error: Thread was being aborted.:mscorlib 
     Parameters: None
9/20/2007 8:41:59 PM Error: Must specify value for source.:Common:LogEvent:System 
     Parameters: None
9/20/2007 8:42:32 PM Error: Thread was being aborted.:mscorlib 
     Parameters: None
9/20/2007 8:42:32 PM Error: Must specify value for source.:Common:LogEvent:System 
     Parameters: None
