7/18/2006 10:23:53 AM Error: ORA-12535: TNS:operation timed out:Microsoft OLE DB Provider for Oracle 
     Parameters: None
7/18/2006 10:23:53 AM Error: Must specify value for source.:Common:LogEvent:System 
     Parameters: None
7/18/2006 10:23:53 AM Error: ORA-12535: TNS:operation timed out:Microsoft OLE DB Provider for Oracle 
     Parameters: None
7/18/2006 10:23:53 AM Error: Must specify value for source.:Common:LogEvent:System 
     Parameters: None
7/18/2006 10:23:53 AM Error: ORA-12535: TNS:operation timed out:Microsoft OLE DB Provider for Oracle 
     Parameters: None
7/18/2006 10:23:53 AM Error: Must specify value for source.:Common:LogEvent:System 
     Parameters: None
7/18/2006 10:27:50 AM Error: No error information available: E_FAIL(0x80004005).: 
     Parameters: None
7/18/2006 10:27:50 AM Error: Must specify value for source.:Common:LogEvent:System 
     Parameters: None
7/18/2006 10:27:50 AM Error: No error information available: E_FAIL(0x80004005).: 
     Parameters: None
7/18/2006 10:27:50 AM Error: Must specify value for source.:Common:LogEvent:System 
     Parameters: None
7/18/2006 10:27:50 AM Error: No error information available: E_FAIL(0x80004005).: 
     Parameters: None
7/18/2006 10:27:50 AM Error: Must specify value for source.:Common:LogEvent:System 
     Parameters: None
7/18/2006 10:29:20 AM Error: ORA-12535: TNS:operation timed out:Microsoft OLE DB Provider for Oracle 
     Parameters: None
7/18/2006 10:29:20 AM Error: Must specify value for source.:Common:LogEvent:System 
     Parameters: None
7/18/2006 10:29:20 AM Error: ORA-12535: TNS:operation timed out:Microsoft OLE DB Provider for Oracle 
     Parameters: None
7/18/2006 10:29:20 AM Error: Must specify value for source.:Common:LogEvent:System 
     Parameters: None
7/18/2006 10:29:20 AM Error: ORA-12535: TNS:operation timed out:Microsoft OLE DB Provider for Oracle 
     Parameters: None
7/18/2006 10:29:20 AM Error: Must specify value for source.:Common:LogEvent:System 
     Parameters: None
7/18/2006 10:31:10 AM Error: ORA-12535: TNS:operation timed out:Microsoft OLE DB Provider for Oracle 
     Parameters: None
7/18/2006 10:31:10 AM Error: Must specify value for source.:Common:LogEvent:System 
     Parameters: None
7/18/2006 10:31:10 AM Error: ORA-12535: TNS:operation timed out:Microsoft OLE DB Provider for Oracle 
     Parameters: None
7/18/2006 10:31:10 AM Error: Must specify value for source.:Common:LogEvent:System 
     Parameters: None
7/18/2006 10:31:10 AM Error: ORA-12535: TNS:operation timed out:Microsoft OLE DB Provider for Oracle 
     Parameters: None
7/18/2006 10:31:10 AM Error: Must specify value for source.:Common:LogEvent:System 
     Parameters: None
7/18/2006 10:42:20 AM Error: No error information available: E_FAIL(0x80004005).: 
     Parameters: None
7/18/2006 10:42:20 AM Error: Must specify value for source.:Common:LogEvent:System 
     Parameters: None
7/18/2006 10:42:20 AM Error: No error information available: E_FAIL(0x80004005).: 
     Parameters: None
7/18/2006 10:42:20 AM Error: Must specify value for source.:Common:LogEvent:System 
     Parameters: None
7/18/2006 10:42:20 AM Error: No error information available: E_FAIL(0x80004005).: 
     Parameters: None
7/18/2006 10:42:20 AM Error: Must specify value for source.:Common:LogEvent:System 
     Parameters: None
7/18/2006 10:43:01 AM Error: ORA-12535: TNS:operation timed out:Microsoft OLE DB Provider for Oracle 
     Parameters: None
7/18/2006 10:43:01 AM Error: Must specify value for source.:Common:LogEvent:System 
     Parameters: None
7/18/2006 10:43:01 AM Error: ORA-12535: TNS:operation timed out:Microsoft OLE DB Provider for Oracle 
     Parameters: None
7/18/2006 10:43:01 AM Error: Must specify value for source.:Common:LogEvent:System 
     Parameters: None
7/18/2006 10:43:01 AM Error: ORA-12535: TNS:operation timed out:Microsoft OLE DB Provider for Oracle 
     Parameters: None
7/18/2006 10:43:01 AM Error: Must specify value for source.:Common:LogEvent:System 
     Parameters: None
7/18/2006 12:35:36 PM Error: ORA-12535: TNS:operation timed out:Microsoft OLE DB Provider for Oracle 
     Parameters: None
7/18/2006 12:35:36 PM Error: Must specify value for source.:Common:LogEvent:System 
     Parameters: None
7/18/2006 12:35:36 PM Error: ORA-12535: TNS:operation timed out:Microsoft OLE DB Provider for Oracle 
     Parameters: None
7/18/2006 12:35:36 PM Error: Must specify value for source.:Common:LogEvent:System 
     Parameters: None
7/18/2006 12:35:36 PM Error: ORA-12535: TNS:operation timed out:Microsoft OLE DB Provider for Oracle 
     Parameters: None
7/18/2006 12:35:36 PM Error: Must specify value for source.:Common:LogEvent:System 
     Parameters: None
7/18/2006 12:57:25 PM Error: ORA-12535: TNS:operation timed out:Microsoft OLE DB Provider for Oracle 
     Parameters: None
7/18/2006 12:57:25 PM Error: Must specify value for source.:Common:LogEvent:System 
     Parameters: None
7/18/2006 12:57:25 PM Error: ORA-12535: TNS:operation timed out:Microsoft OLE DB Provider for Oracle 
     Parameters: None
7/18/2006 12:57:25 PM Error: Must specify value for source.:Common:LogEvent:System 
     Parameters: None
7/18/2006 12:57:25 PM Error: ORA-12535: TNS:operation timed out:Microsoft OLE DB Provider for Oracle 
     Parameters: None
7/18/2006 12:57:25 PM Error: Must specify value for source.:Common:LogEvent:System 
     Parameters: None
7/18/2006 12:58:50 PM Error: No error information available: E_FAIL(0x80004005).: 
     Parameters: None
7/18/2006 12:58:50 PM Error: Must specify value for source.:Common:LogEvent:System 
     Parameters: None
7/18/2006 12:58:50 PM Error: No error information available: E_FAIL(0x80004005).: 
     Parameters: None
7/18/2006 12:58:50 PM Error: Must specify value for source.:Common:LogEvent:System 
     Parameters: None
7/18/2006 12:58:50 PM Error: No error information available: E_FAIL(0x80004005).: 
     Parameters: None
7/18/2006 12:58:50 PM Error: Must specify value for source.:Common:LogEvent:System 
     Parameters: None
7/18/2006 12:59:32 PM Error: ORA-12535: TNS:operation timed out:Microsoft OLE DB Provider for Oracle 
     Parameters: None
7/18/2006 12:59:32 PM Error: Must specify value for source.:Common:LogEvent:System 
     Parameters: None
7/18/2006 12:59:32 PM Error: ORA-12535: TNS:operation timed out:Microsoft OLE DB Provider for Oracle 
     Parameters: None
7/18/2006 12:59:32 PM Error: Must specify value for source.:Common:LogEvent:System 
     Parameters: None
7/18/2006 12:59:32 PM Error: ORA-12535: TNS:operation timed out:Microsoft OLE DB Provider for Oracle 
     Parameters: None
7/18/2006 12:59:32 PM Error: Must specify value for source.:Common:LogEvent:System 
     Parameters: None
7/18/2006 1:09:25 PM Error: No error information available: E_FAIL(0x80004005).: 
     Parameters: None
7/18/2006 1:09:25 PM Error: Must specify value for source.:Common:LogEvent:System 
     Parameters: None
7/18/2006 1:09:25 PM Error: No error information available: E_FAIL(0x80004005).: 
     Parameters: None
7/18/2006 1:09:25 PM Error: Must specify value for source.:Common:LogEvent:System 
     Parameters: None
7/18/2006 1:09:25 PM Error: No error information available: E_FAIL(0x80004005).: 
     Parameters: None
7/18/2006 1:09:25 PM Error: Must specify value for source.:Common:LogEvent:System 
     Parameters: None
7/18/2006 1:09:55 PM Error: ORA-12535: TNS:operation timed out:Microsoft OLE DB Provider for Oracle 
     Parameters: None
7/18/2006 1:09:55 PM Error: Must specify value for source.:Common:LogEvent:System 
     Parameters: None
7/18/2006 1:09:55 PM Error: ORA-12535: TNS:operation timed out:Microsoft OLE DB Provider for Oracle 
     Parameters: None
7/18/2006 1:09:55 PM Error: Must specify value for source.:Common:LogEvent:System 
     Parameters: None
7/18/2006 1:09:55 PM Error: ORA-12535: TNS:operation timed out:Microsoft OLE DB Provider for Oracle 
     Parameters: None
7/18/2006 1:09:55 PM Error: Must specify value for source.:Common:LogEvent:System 
     Parameters: None
7/18/2006 1:11:00 PM Error: ORA-12535: TNS:operation timed out:Microsoft OLE DB Provider for Oracle 
     Parameters: None
7/18/2006 1:11:00 PM Error: Must specify value for source.:Common:LogEvent:System 
     Parameters: None
7/18/2006 1:11:00 PM Error: ORA-12535: TNS:operation timed out:Microsoft OLE DB Provider for Oracle 
     Parameters: None
7/18/2006 1:11:00 PM Error: Must specify value for source.:Common:LogEvent:System 
     Parameters: None
7/18/2006 1:11:00 PM Error: ORA-12535: TNS:operation timed out:Microsoft OLE DB Provider for Oracle 
     Parameters: None
7/18/2006 1:11:00 PM Error: Must specify value for source.:Common:LogEvent:System 
     Parameters: None
7/18/2006 1:15:07 PM Error: Logon failure: unknown user name or bad password.
:mscorlib 
     Parameters: None
7/18/2006 1:15:07 PM Error: Must specify value for source.:Common:LogEvent:System 
     Parameters: None
7/18/2006 1:42:05 PM Error: One or more errors occurred during processing of command.
ORA-00904: "MES_PART_ID": invalid identifier:Microsoft OLE DB Provider for Oracle 
     Parameters: None
7/18/2006 1:42:05 PM Error: Must specify value for source.:Common:LogEvent:System 
     Parameters: None
7/18/2006 1:42:24 PM Error: One or more errors occurred during processing of command.
ORA-00904: "MES_PART_ID": invalid identifier:Microsoft OLE DB Provider for Oracle 
     Parameters: None
7/18/2006 1:42:24 PM Error: Must specify value for source.:Common:LogEvent:System 
     Parameters: None
7/18/2006 2:03:21 PM Error: Logon failure: unknown user name or bad password.
:mscorlib 
     Parameters: None
7/18/2006 2:03:21 PM Error: Must specify value for source.:Common:LogEvent:System 
     Parameters: None
7/18/2006 2:03:52 PM Error: Logon failure: unknown user name or bad password.
:mscorlib 
     Parameters: None
7/18/2006 2:03:52 PM Error: Must specify value for source.:Common:LogEvent:System 
     Parameters: None
