8/6/2014 11:30:45 AM Error: Could not find a part of the path "C:\BEC_Kiosk\PCNames.xml".:mscorlib 
     Parameters: None
8/6/2014 11:30:45 AM Error: Must specify value for source.:Common:LogEvent:System 
     Parameters: None
8/6/2014 11:30:45 AM Error: Could not find a part of the path "C:\c$\Program Files\Delphi Packard Electric\BEC_SPL\AppConfig.xml".:mscorlib 
     Parameters: None
8/6/2014 11:30:45 AM Error: Must specify value for source.:Common:LogEvent:System 
     Parameters: None
8/6/2014 11:31:05 AM Error: Could not find a part of the path "C:\BEC_Kiosk\PCNames.xml".:mscorlib 
     Parameters: None
8/6/2014 11:31:05 AM Error: Must specify value for source.:Common:LogEvent:System 
     Parameters: None
8/6/2014 11:31:05 AM Error: Could not find a part of the path "C:\c$\Program Files\Delphi Packard Electric\BEC_SPL\AppConfig.xml".:mscorlib 
     Parameters: None
8/6/2014 11:31:05 AM Error: Must specify value for source.:Common:LogEvent:System 
     Parameters: None
8/6/2014 12:06:18 PM Error: Could not find a part of the path "C:\BEC_Kiosk\PCNames.xml".:mscorlib 
     Parameters: None
8/6/2014 12:06:18 PM Error: Must specify value for source.:Common:LogEvent:System 
     Parameters: None
8/6/2014 12:06:18 PM Error: Could not find a part of the path "C:\c$\Program Files\Delphi Packard Electric\BEC_SPL\AppConfig.xml".:mscorlib 
     Parameters: None
8/6/2014 12:06:18 PM Error: Must specify value for source.:Common:LogEvent:System 
     Parameters: None
8/6/2014 12:06:52 PM Error: Could not find a part of the path "C:\BEC_Kiosk\PCNames.xml".:mscorlib 
     Parameters: None
8/6/2014 12:06:52 PM Error: Must specify value for source.:Common:LogEvent:System 
     Parameters: None
8/6/2014 12:06:52 PM Error: Could not find a part of the path "C:\c$\Program Files\Delphi Packard Electric\BEC_SPL\AppConfig.xml".:mscorlib 
     Parameters: None
8/6/2014 12:06:52 PM Error: Must specify value for source.:Common:LogEvent:System 
     Parameters: None
