7/10/2013 10:11:56 AM Error: Thread was being aborted.:mscorlib 
     Parameters: None
7/10/2013 10:11:56 AM Error: Must specify value for source.:Common:LogEvent:System 
     Parameters: None
7/10/2013 10:12:20 AM Error: Thread was being aborted.:mscorlib 
     Parameters: None
7/10/2013 10:12:20 AM Error: Must specify value for source.:Common:LogEvent:System 
     Parameters: None
7/10/2013 10:12:28 AM Error: Thread was being aborted.:mscorlib 
     Parameters: None
7/10/2013 10:12:28 AM Error: Must specify value for source.:Common:LogEvent:System 
     Parameters: None
7/10/2013 10:12:55 AM Error: Thread was being aborted.:mscorlib 
     Parameters: None
7/10/2013 10:12:55 AM Error: Must specify value for source.:Common:LogEvent:System 
     Parameters: None
7/10/2013 10:12:58 AM Error: Thread was being aborted.:mscorlib 
     Parameters: None
7/10/2013 10:12:58 AM Error: Must specify value for source.:Common:LogEvent:System 
     Parameters: None
7/10/2013 10:18:56 AM Error: Thread was being aborted.:mscorlib 
     Parameters: None
7/10/2013 10:18:56 AM Error: Must specify value for source.:Common:LogEvent:System 
     Parameters: None
7/10/2013 10:20:30 AM Error: Thread was being aborted.:mscorlib 
     Parameters: None
7/10/2013 10:20:30 AM Error: Must specify value for source.:Common:LogEvent:System 
     Parameters: None
7/10/2013 10:45:36 AM Error: Thread was being aborted.:mscorlib 
     Parameters: None
7/10/2013 10:45:36 AM Error: Must specify value for source.:Common:LogEvent:System 
     Parameters: None
7/10/2013 12:00:41 PM Error: Thread was being aborted.:mscorlib 
     Parameters: None
7/10/2013 12:00:41 PM Error: Must specify value for source.:Common:LogEvent:System 
     Parameters: None
