11/4/2013 5:22:54 AM Error: Thread was being aborted.:mscorlib 
     Parameters: None
11/4/2013 5:22:54 AM Error: Must specify value for source.:Common:LogEvent:System 
     Parameters: None
11/4/2013 5:38:12 AM Error: Thread was being aborted.:mscorlib 
     Parameters: None
11/4/2013 5:38:12 AM Error: Must specify value for source.:Common:LogEvent:System 
     Parameters: None
11/4/2013 5:41:42 AM Error: Thread was being aborted.:mscorlib 
     Parameters: None
11/4/2013 5:41:42 AM Error: Must specify value for source.:Common:LogEvent:System 
     Parameters: None
11/4/2013 5:42:49 AM Error: Thread was being aborted.:mscorlib 
     Parameters: None
11/4/2013 5:42:49 AM Error: Must specify value for source.:Common:LogEvent:System 
     Parameters: None
11/4/2013 3:19:21 PM Error: Thread was being aborted.:mscorlib 
     Parameters: None
11/4/2013 3:19:21 PM Error: Must specify value for source.:Common:LogEvent:System 
     Parameters: None
11/4/2013 3:19:37 PM Error: Thread was being aborted.:mscorlib 
     Parameters: None
11/4/2013 3:19:37 PM Error: Must specify value for source.:Common:LogEvent:System 
     Parameters: None
11/4/2013 3:19:40 PM Error: Thread was being aborted.:mscorlib 
     Parameters: None
11/4/2013 3:19:40 PM Error: Must specify value for source.:Common:LogEvent:System 
     Parameters: None
11/4/2013 3:25:08 PM Error: Thread was being aborted.:mscorlib 
     Parameters: None
11/4/2013 3:25:08 PM Error: Must specify value for source.:Common:LogEvent:System 
     Parameters: None
