11/3/2005 8:04:29 AM Error: Object reference not set to an instance of an object.:Plant23_BEC 
     Parameters: None
11/3/2005 8:04:29 AM Error: Must specify value for source.:Common:LogEvent:System 
     Parameters: None
11/3/2005 8:47:33 AM Error: One or more errors occurred during processing of command.
ORA-00907: missing right parenthesis:Microsoft OLE DB Provider for Oracle 
     Parameters: None
11/3/2005 8:47:33 AM Error: Must specify value for source.:Common:LogEvent:System 
     Parameters: None
11/3/2005 8:50:38 AM Error: One or more errors occurred during processing of command.
ORA-00907: missing right parenthesis:Microsoft OLE DB Provider for Oracle 
     Parameters: None
11/3/2005 8:50:38 AM Error: Must specify value for source.:Common:LogEvent:System 
     Parameters: None
11/3/2005 12:55:54 PM Error: ORA-12541: TNS:no listener:Microsoft OLE DB Provider for Oracle 
     Parameters: None
11/3/2005 12:55:54 PM Error: Must specify value for source.:Common:LogEvent:System 
     Parameters: None
11/3/2005 12:56:20 PM Error: ORA-12541: TNS:no listener:Microsoft OLE DB Provider for Oracle 
     Parameters: None
11/3/2005 12:56:20 PM Error: Must specify value for source.:Common:LogEvent:System 
     Parameters: None
11/3/2005 12:56:59 PM Error: ORA-12541: TNS:no listener:Microsoft OLE DB Provider for Oracle 
     Parameters: None
11/3/2005 12:56:59 PM Error: Must specify value for source.:Common:LogEvent:System 
     Parameters: None
11/3/2005 12:57:29 PM Error: ORA-12541: TNS:no listener:Microsoft OLE DB Provider for Oracle 
     Parameters: None
11/3/2005 12:57:29 PM Error: Must specify value for source.:Common:LogEvent:System 
     Parameters: None
11/3/2005 12:57:34 PM Error: ORA-12541: TNS:no listener:Microsoft OLE DB Provider for Oracle 
     Parameters: None
11/3/2005 12:57:34 PM Error: Must specify value for source.:Common:LogEvent:System 
     Parameters: None
11/3/2005 12:57:48 PM Error: ORA-12541: TNS:no listener:Microsoft OLE DB Provider for Oracle 
     Parameters: None
11/3/2005 12:57:48 PM Error: Must specify value for source.:Common:LogEvent:System 
     Parameters: None
11/3/2005 12:57:52 PM Error: ORA-12541: TNS:no listener:Microsoft OLE DB Provider for Oracle 
     Parameters: None
11/3/2005 12:57:52 PM Error: Must specify value for source.:Common:LogEvent:System 
     Parameters: None
