9/13/2008 11:30:16 AM Error: ORA-12514: TNS:listener could not resolve SERVICE_NAME given in connect descriptor:Microsoft OLE DB Provider for Oracle 
     Parameters: None
9/13/2008 11:30:16 AM Error: Must specify value for source.:Common:LogEvent:System 
     Parameters: None
9/13/2008 11:30:16 AM Error: ORA-12514: TNS:listener could not resolve SERVICE_NAME given in connect descriptor:Microsoft OLE DB Provider for Oracle 
     Parameters: None
9/13/2008 11:30:16 AM Error: Must specify value for source.:Common:LogEvent:System 
     Parameters: None
9/13/2008 11:30:16 AM Error: ORA-12514: TNS:listener could not resolve SERVICE_NAME given in connect descriptor:Microsoft OLE DB Provider for Oracle 
     Parameters: None
9/13/2008 11:30:16 AM Error: Must specify value for source.:Common:LogEvent:System 
     Parameters: None
9/13/2008 11:35:18 AM Error: ORA-12514: TNS:listener could not resolve SERVICE_NAME given in connect descriptor:Microsoft OLE DB Provider for Oracle 
     Parameters: None
9/13/2008 11:35:18 AM Error: Must specify value for source.:Common:LogEvent:System 
     Parameters: None
9/13/2008 11:35:18 AM Error: ORA-12514: TNS:listener could not resolve SERVICE_NAME given in connect descriptor:Microsoft OLE DB Provider for Oracle 
     Parameters: None
9/13/2008 11:35:18 AM Error: Must specify value for source.:Common:LogEvent:System 
     Parameters: None
9/13/2008 11:35:18 AM Error: ORA-12514: TNS:listener could not resolve SERVICE_NAME given in connect descriptor:Microsoft OLE DB Provider for Oracle 
     Parameters: None
9/13/2008 11:35:18 AM Error: Must specify value for source.:Common:LogEvent:System 
     Parameters: None
9/13/2008 11:40:15 AM Error: ORA-12514: TNS:listener could not resolve SERVICE_NAME given in connect descriptor:Microsoft OLE DB Provider for Oracle 
     Parameters: None
9/13/2008 11:40:15 AM Error: Must specify value for source.:Common:LogEvent:System 
     Parameters: None
9/13/2008 11:40:15 AM Error: ORA-12514: TNS:listener could not resolve SERVICE_NAME given in connect descriptor:Microsoft OLE DB Provider for Oracle 
     Parameters: None
9/13/2008 11:40:15 AM Error: Must specify value for source.:Common:LogEvent:System 
     Parameters: None
9/13/2008 11:40:15 AM Error: ORA-12514: TNS:listener could not resolve SERVICE_NAME given in connect descriptor:Microsoft OLE DB Provider for Oracle 
     Parameters: None
9/13/2008 11:40:15 AM Error: Must specify value for source.:Common:LogEvent:System 
     Parameters: None
9/13/2008 11:45:08 AM Error: ORA-12514: TNS:listener could not resolve SERVICE_NAME given in connect descriptor:Microsoft OLE DB Provider for Oracle 
     Parameters: None
9/13/2008 11:45:08 AM Error: Must specify value for source.:Common:LogEvent:System 
     Parameters: None
9/13/2008 11:45:08 AM Error: ORA-12514: TNS:listener could not resolve SERVICE_NAME given in connect descriptor:Microsoft OLE DB Provider for Oracle 
     Parameters: None
9/13/2008 11:45:08 AM Error: Must specify value for source.:Common:LogEvent:System 
     Parameters: None
9/13/2008 11:45:08 AM Error: ORA-12514: TNS:listener could not resolve SERVICE_NAME given in connect descriptor:Microsoft OLE DB Provider for Oracle 
     Parameters: None
9/13/2008 11:45:08 AM Error: Must specify value for source.:Common:LogEvent:System 
     Parameters: None
9/13/2008 11:50:14 AM Error: ORA-12514: TNS:listener could not resolve SERVICE_NAME given in connect descriptor:Microsoft OLE DB Provider for Oracle 
     Parameters: None
9/13/2008 11:50:14 AM Error: Must specify value for source.:Common:LogEvent:System 
     Parameters: None
9/13/2008 11:50:14 AM Error: ORA-12514: TNS:listener could not resolve SERVICE_NAME given in connect descriptor:Microsoft OLE DB Provider for Oracle 
     Parameters: None
9/13/2008 11:50:14 AM Error: Must specify value for source.:Common:LogEvent:System 
     Parameters: None
9/13/2008 11:50:14 AM Error: ORA-12514: TNS:listener could not resolve SERVICE_NAME given in connect descriptor:Microsoft OLE DB Provider for Oracle 
     Parameters: None
9/13/2008 11:50:14 AM Error: Must specify value for source.:Common:LogEvent:System 
     Parameters: None
9/13/2008 11:55:19 AM Error: ORA-12514: TNS:listener could not resolve SERVICE_NAME given in connect descriptor:Microsoft OLE DB Provider for Oracle 
     Parameters: None
9/13/2008 11:55:19 AM Error: Must specify value for source.:Common:LogEvent:System 
     Parameters: None
9/13/2008 11:55:19 AM Error: ORA-12514: TNS:listener could not resolve SERVICE_NAME given in connect descriptor:Microsoft OLE DB Provider for Oracle 
     Parameters: None
9/13/2008 11:55:19 AM Error: Must specify value for source.:Common:LogEvent:System 
     Parameters: None
9/13/2008 11:55:19 AM Error: ORA-12514: TNS:listener could not resolve SERVICE_NAME given in connect descriptor:Microsoft OLE DB Provider for Oracle 
     Parameters: None
9/13/2008 11:55:19 AM Error: Must specify value for source.:Common:LogEvent:System 
     Parameters: None
9/13/2008 12:00:11 PM Error: ORA-12514: TNS:listener could not resolve SERVICE_NAME given in connect descriptor:Microsoft OLE DB Provider for Oracle 
     Parameters: None
9/13/2008 12:00:11 PM Error: Must specify value for source.:Common:LogEvent:System 
     Parameters: None
9/13/2008 12:00:11 PM Error: ORA-12514: TNS:listener could not resolve SERVICE_NAME given in connect descriptor:Microsoft OLE DB Provider for Oracle 
     Parameters: None
9/13/2008 12:00:11 PM Error: Must specify value for source.:Common:LogEvent:System 
     Parameters: None
9/13/2008 12:00:11 PM Error: ORA-12514: TNS:listener could not resolve SERVICE_NAME given in connect descriptor:Microsoft OLE DB Provider for Oracle 
     Parameters: None
9/13/2008 12:00:11 PM Error: Must specify value for source.:Common:LogEvent:System 
     Parameters: None
9/13/2008 12:05:09 PM Error: ORA-12514: TNS:listener could not resolve SERVICE_NAME given in connect descriptor:Microsoft OLE DB Provider for Oracle 
     Parameters: None
9/13/2008 12:05:09 PM Error: Must specify value for source.:Common:LogEvent:System 
     Parameters: None
9/13/2008 12:05:09 PM Error: ORA-12514: TNS:listener could not resolve SERVICE_NAME given in connect descriptor:Microsoft OLE DB Provider for Oracle 
     Parameters: None
9/13/2008 12:05:09 PM Error: Must specify value for source.:Common:LogEvent:System 
     Parameters: None
9/13/2008 12:05:09 PM Error: ORA-12514: TNS:listener could not resolve SERVICE_NAME given in connect descriptor:Microsoft OLE DB Provider for Oracle 
     Parameters: None
9/13/2008 12:05:09 PM Error: Must specify value for source.:Common:LogEvent:System 
     Parameters: None
9/13/2008 12:10:06 PM Error: ORA-12514: TNS:listener could not resolve SERVICE_NAME given in connect descriptor:Microsoft OLE DB Provider for Oracle 
     Parameters: None
9/13/2008 12:10:06 PM Error: Must specify value for source.:Common:LogEvent:System 
     Parameters: None
9/13/2008 12:10:06 PM Error: ORA-12514: TNS:listener could not resolve SERVICE_NAME given in connect descriptor:Microsoft OLE DB Provider for Oracle 
     Parameters: None
9/13/2008 12:10:06 PM Error: Must specify value for source.:Common:LogEvent:System 
     Parameters: None
9/13/2008 12:10:06 PM Error: ORA-12514: TNS:listener could not resolve SERVICE_NAME given in connect descriptor:Microsoft OLE DB Provider for Oracle 
     Parameters: None
9/13/2008 12:10:06 PM Error: Must specify value for source.:Common:LogEvent:System 
     Parameters: None
9/13/2008 12:15:17 PM Error: ORA-12514: TNS:listener could not resolve SERVICE_NAME given in connect descriptor:Microsoft OLE DB Provider for Oracle 
     Parameters: None
9/13/2008 12:15:17 PM Error: Must specify value for source.:Common:LogEvent:System 
     Parameters: None
9/13/2008 12:15:17 PM Error: ORA-12514: TNS:listener could not resolve SERVICE_NAME given in connect descriptor:Microsoft OLE DB Provider for Oracle 
     Parameters: None
9/13/2008 12:15:17 PM Error: Must specify value for source.:Common:LogEvent:System 
     Parameters: None
9/13/2008 12:15:17 PM Error: ORA-12514: TNS:listener could not resolve SERVICE_NAME given in connect descriptor:Microsoft OLE DB Provider for Oracle 
     Parameters: None
9/13/2008 12:15:17 PM Error: Must specify value for source.:Common:LogEvent:System 
     Parameters: None
9/13/2008 12:20:15 PM Error: ORA-12514: TNS:listener could not resolve SERVICE_NAME given in connect descriptor:Microsoft OLE DB Provider for Oracle 
     Parameters: None
9/13/2008 12:20:15 PM Error: Must specify value for source.:Common:LogEvent:System 
     Parameters: None
9/13/2008 12:20:15 PM Error: ORA-12514: TNS:listener could not resolve SERVICE_NAME given in connect descriptor:Microsoft OLE DB Provider for Oracle 
     Parameters: None
9/13/2008 12:20:15 PM Error: Must specify value for source.:Common:LogEvent:System 
     Parameters: None
9/13/2008 12:20:15 PM Error: ORA-12514: TNS:listener could not resolve SERVICE_NAME given in connect descriptor:Microsoft OLE DB Provider for Oracle 
     Parameters: None
9/13/2008 12:20:15 PM Error: Must specify value for source.:Common:LogEvent:System 
     Parameters: None
9/13/2008 12:25:18 PM Error: ORA-12514: TNS:listener could not resolve SERVICE_NAME given in connect descriptor:Microsoft OLE DB Provider for Oracle 
     Parameters: None
9/13/2008 12:25:18 PM Error: Must specify value for source.:Common:LogEvent:System 
     Parameters: None
9/13/2008 12:25:18 PM Error: ORA-12514: TNS:listener could not resolve SERVICE_NAME given in connect descriptor:Microsoft OLE DB Provider for Oracle 
     Parameters: None
9/13/2008 12:25:18 PM Error: Must specify value for source.:Common:LogEvent:System 
     Parameters: None
9/13/2008 12:25:18 PM Error: ORA-12514: TNS:listener could not resolve SERVICE_NAME given in connect descriptor:Microsoft OLE DB Provider for Oracle 
     Parameters: None
9/13/2008 12:25:18 PM Error: Must specify value for source.:Common:LogEvent:System 
     Parameters: None
9/13/2008 12:30:07 PM Error: ORA-12514: TNS:listener could not resolve SERVICE_NAME given in connect descriptor:Microsoft OLE DB Provider for Oracle 
     Parameters: None
9/13/2008 12:30:07 PM Error: Must specify value for source.:Common:LogEvent:System 
     Parameters: None
9/13/2008 12:30:07 PM Error: ORA-12514: TNS:listener could not resolve SERVICE_NAME given in connect descriptor:Microsoft OLE DB Provider for Oracle 
     Parameters: None
9/13/2008 12:30:07 PM Error: Must specify value for source.:Common:LogEvent:System 
     Parameters: None
9/13/2008 12:30:07 PM Error: ORA-12514: TNS:listener could not resolve SERVICE_NAME given in connect descriptor:Microsoft OLE DB Provider for Oracle 
     Parameters: None
9/13/2008 12:30:07 PM Error: Must specify value for source.:Common:LogEvent:System 
     Parameters: None
9/13/2008 12:35:15 PM Error: ORA-12514: TNS:listener could not resolve SERVICE_NAME given in connect descriptor:Microsoft OLE DB Provider for Oracle 
     Parameters: None
9/13/2008 12:35:15 PM Error: Must specify value for source.:Common:LogEvent:System 
     Parameters: None
9/13/2008 12:35:15 PM Error: ORA-12514: TNS:listener could not resolve SERVICE_NAME given in connect descriptor:Microsoft OLE DB Provider for Oracle 
     Parameters: None
9/13/2008 12:35:15 PM Error: Must specify value for source.:Common:LogEvent:System 
     Parameters: None
9/13/2008 12:35:15 PM Error: ORA-12514: TNS:listener could not resolve SERVICE_NAME given in connect descriptor:Microsoft OLE DB Provider for Oracle 
     Parameters: None
9/13/2008 12:35:15 PM Error: Must specify value for source.:Common:LogEvent:System 
     Parameters: None
9/13/2008 12:40:16 PM Error: ORA-12514: TNS:listener could not resolve SERVICE_NAME given in connect descriptor:Microsoft OLE DB Provider for Oracle 
     Parameters: None
9/13/2008 12:40:16 PM Error: Must specify value for source.:Common:LogEvent:System 
     Parameters: None
9/13/2008 12:40:16 PM Error: ORA-12514: TNS:listener could not resolve SERVICE_NAME given in connect descriptor:Microsoft OLE DB Provider for Oracle 
     Parameters: None
9/13/2008 12:40:16 PM Error: Must specify value for source.:Common:LogEvent:System 
     Parameters: None
9/13/2008 12:40:16 PM Error: ORA-12514: TNS:listener could not resolve SERVICE_NAME given in connect descriptor:Microsoft OLE DB Provider for Oracle 
     Parameters: None
9/13/2008 12:40:16 PM Error: Must specify value for source.:Common:LogEvent:System 
     Parameters: None
9/13/2008 12:45:10 PM Error: ORA-12514: TNS:listener could not resolve SERVICE_NAME given in connect descriptor:Microsoft OLE DB Provider for Oracle 
     Parameters: None
9/13/2008 12:45:10 PM Error: Must specify value for source.:Common:LogEvent:System 
     Parameters: None
9/13/2008 12:45:10 PM Error: ORA-12514: TNS:listener could not resolve SERVICE_NAME given in connect descriptor:Microsoft OLE DB Provider for Oracle 
     Parameters: None
9/13/2008 12:45:10 PM Error: Must specify value for source.:Common:LogEvent:System 
     Parameters: None
9/13/2008 12:45:10 PM Error: ORA-12514: TNS:listener could not resolve SERVICE_NAME given in connect descriptor:Microsoft OLE DB Provider for Oracle 
     Parameters: None
9/13/2008 12:45:10 PM Error: Must specify value for source.:Common:LogEvent:System 
     Parameters: None
9/13/2008 12:50:06 PM Error: ORA-12514: TNS:listener could not resolve SERVICE_NAME given in connect descriptor:Microsoft OLE DB Provider for Oracle 
     Parameters: None
9/13/2008 12:50:06 PM Error: Must specify value for source.:Common:LogEvent:System 
     Parameters: None
9/13/2008 12:50:06 PM Error: ORA-12514: TNS:listener could not resolve SERVICE_NAME given in connect descriptor:Microsoft OLE DB Provider for Oracle 
     Parameters: None
9/13/2008 12:50:06 PM Error: Must specify value for source.:Common:LogEvent:System 
     Parameters: None
9/13/2008 12:50:06 PM Error: ORA-12514: TNS:listener could not resolve SERVICE_NAME given in connect descriptor:Microsoft OLE DB Provider for Oracle 
     Parameters: None
9/13/2008 12:50:06 PM Error: Must specify value for source.:Common:LogEvent:System 
     Parameters: None
9/13/2008 12:55:13 PM Error: ORA-12514: TNS:listener could not resolve SERVICE_NAME given in connect descriptor:Microsoft OLE DB Provider for Oracle 
     Parameters: None
9/13/2008 12:55:13 PM Error: Must specify value for source.:Common:LogEvent:System 
     Parameters: None
9/13/2008 12:55:13 PM Error: ORA-12514: TNS:listener could not resolve SERVICE_NAME given in connect descriptor:Microsoft OLE DB Provider for Oracle 
     Parameters: None
9/13/2008 12:55:13 PM Error: Must specify value for source.:Common:LogEvent:System 
     Parameters: None
9/13/2008 12:55:13 PM Error: ORA-12514: TNS:listener could not resolve SERVICE_NAME given in connect descriptor:Microsoft OLE DB Provider for Oracle 
     Parameters: None
9/13/2008 12:55:13 PM Error: Must specify value for source.:Common:LogEvent:System 
     Parameters: None
9/13/2008 1:00:09 PM Error: ORA-12514: TNS:listener could not resolve SERVICE_NAME given in connect descriptor:Microsoft OLE DB Provider for Oracle 
     Parameters: None
9/13/2008 1:00:09 PM Error: Must specify value for source.:Common:LogEvent:System 
     Parameters: None
9/13/2008 1:00:09 PM Error: ORA-12514: TNS:listener could not resolve SERVICE_NAME given in connect descriptor:Microsoft OLE DB Provider for Oracle 
     Parameters: None
9/13/2008 1:00:09 PM Error: Must specify value for source.:Common:LogEvent:System 
     Parameters: None
9/13/2008 1:00:09 PM Error: ORA-12514: TNS:listener could not resolve SERVICE_NAME given in connect descriptor:Microsoft OLE DB Provider for Oracle 
     Parameters: None
9/13/2008 1:00:09 PM Error: Must specify value for source.:Common:LogEvent:System 
     Parameters: None
9/13/2008 1:02:40 PM Error: ORA-12514: TNS:listener could not resolve SERVICE_NAME given in connect descriptor:Microsoft OLE DB Provider for Oracle 
     Parameters: None
9/13/2008 1:02:40 PM Error: Must specify value for source.:Common:LogEvent:System 
     Parameters: None
9/13/2008 1:02:40 PM Error: ORA-12514: TNS:listener could not resolve SERVICE_NAME given in connect descriptor:Microsoft OLE DB Provider for Oracle 
     Parameters: None
9/13/2008 1:02:40 PM Error: Must specify value for source.:Common:LogEvent:System 
     Parameters: None
9/13/2008 1:02:40 PM Error: ORA-12514: TNS:listener could not resolve SERVICE_NAME given in connect descriptor:Microsoft OLE DB Provider for Oracle 
     Parameters: None
9/13/2008 1:02:40 PM Error: Must specify value for source.:Common:LogEvent:System 
     Parameters: None
9/13/2008 1:05:13 PM Error: ORA-12514: TNS:listener could not resolve SERVICE_NAME given in connect descriptor:Microsoft OLE DB Provider for Oracle 
     Parameters: None
9/13/2008 1:05:13 PM Error: Must specify value for source.:Common:LogEvent:System 
     Parameters: None
9/13/2008 1:05:13 PM Error: ORA-12514: TNS:listener could not resolve SERVICE_NAME given in connect descriptor:Microsoft OLE DB Provider for Oracle 
     Parameters: None
9/13/2008 1:05:13 PM Error: Must specify value for source.:Common:LogEvent:System 
     Parameters: None
9/13/2008 1:05:13 PM Error: ORA-12514: TNS:listener could not resolve SERVICE_NAME given in connect descriptor:Microsoft OLE DB Provider for Oracle 
     Parameters: None
9/13/2008 1:05:13 PM Error: Must specify value for source.:Common:LogEvent:System 
     Parameters: None
9/13/2008 1:10:12 PM Error: ORA-12514: TNS:listener could not resolve SERVICE_NAME given in connect descriptor:Microsoft OLE DB Provider for Oracle 
     Parameters: None
9/13/2008 1:10:12 PM Error: Must specify value for source.:Common:LogEvent:System 
     Parameters: None
9/13/2008 1:10:12 PM Error: ORA-12514: TNS:listener could not resolve SERVICE_NAME given in connect descriptor:Microsoft OLE DB Provider for Oracle 
     Parameters: None
9/13/2008 1:10:12 PM Error: Must specify value for source.:Common:LogEvent:System 
     Parameters: None
9/13/2008 1:10:12 PM Error: ORA-12514: TNS:listener could not resolve SERVICE_NAME given in connect descriptor:Microsoft OLE DB Provider for Oracle 
     Parameters: None
9/13/2008 1:10:12 PM Error: Must specify value for source.:Common:LogEvent:System 
     Parameters: None
9/13/2008 1:15:09 PM Error: ORA-12514: TNS:listener could not resolve SERVICE_NAME given in connect descriptor:Microsoft OLE DB Provider for Oracle 
     Parameters: None
9/13/2008 1:15:09 PM Error: Must specify value for source.:Common:LogEvent:System 
     Parameters: None
9/13/2008 1:15:09 PM Error: ORA-12514: TNS:listener could not resolve SERVICE_NAME given in connect descriptor:Microsoft OLE DB Provider for Oracle 
     Parameters: None
9/13/2008 1:15:09 PM Error: Must specify value for source.:Common:LogEvent:System 
     Parameters: None
9/13/2008 1:15:09 PM Error: ORA-12514: TNS:listener could not resolve SERVICE_NAME given in connect descriptor:Microsoft OLE DB Provider for Oracle 
     Parameters: None
9/13/2008 1:15:09 PM Error: Must specify value for source.:Common:LogEvent:System 
     Parameters: None
9/13/2008 1:20:10 PM Error: ORA-12514: TNS:listener could not resolve SERVICE_NAME given in connect descriptor:Microsoft OLE DB Provider for Oracle 
     Parameters: None
9/13/2008 1:20:10 PM Error: Must specify value for source.:Common:LogEvent:System 
     Parameters: None
9/13/2008 1:20:10 PM Error: ORA-12514: TNS:listener could not resolve SERVICE_NAME given in connect descriptor:Microsoft OLE DB Provider for Oracle 
     Parameters: None
9/13/2008 1:20:10 PM Error: Must specify value for source.:Common:LogEvent:System 
     Parameters: None
9/13/2008 1:20:10 PM Error: ORA-12514: TNS:listener could not resolve SERVICE_NAME given in connect descriptor:Microsoft OLE DB Provider for Oracle 
     Parameters: None
9/13/2008 1:20:10 PM Error: Must specify value for source.:Common:LogEvent:System 
     Parameters: None
9/13/2008 1:25:10 PM Error: ORA-12514: TNS:listener could not resolve SERVICE_NAME given in connect descriptor:Microsoft OLE DB Provider for Oracle 
     Parameters: None
9/13/2008 1:25:10 PM Error: Must specify value for source.:Common:LogEvent:System 
     Parameters: None
9/13/2008 1:25:10 PM Error: ORA-12514: TNS:listener could not resolve SERVICE_NAME given in connect descriptor:Microsoft OLE DB Provider for Oracle 
     Parameters: None
9/13/2008 1:25:10 PM Error: Must specify value for source.:Common:LogEvent:System 
     Parameters: None
9/13/2008 1:25:10 PM Error: ORA-12514: TNS:listener could not resolve SERVICE_NAME given in connect descriptor:Microsoft OLE DB Provider for Oracle 
     Parameters: None
9/13/2008 1:25:10 PM Error: Must specify value for source.:Common:LogEvent:System 
     Parameters: None
9/13/2008 1:30:08 PM Error: ORA-12514: TNS:listener could not resolve SERVICE_NAME given in connect descriptor:Microsoft OLE DB Provider for Oracle 
     Parameters: None
9/13/2008 1:30:08 PM Error: Must specify value for source.:Common:LogEvent:System 
     Parameters: None
9/13/2008 1:30:08 PM Error: ORA-12514: TNS:listener could not resolve SERVICE_NAME given in connect descriptor:Microsoft OLE DB Provider for Oracle 
     Parameters: None
9/13/2008 1:30:08 PM Error: Must specify value for source.:Common:LogEvent:System 
     Parameters: None
9/13/2008 1:30:08 PM Error: ORA-12514: TNS:listener could not resolve SERVICE_NAME given in connect descriptor:Microsoft OLE DB Provider for Oracle 
     Parameters: None
9/13/2008 1:30:08 PM Error: Must specify value for source.:Common:LogEvent:System 
     Parameters: None
9/13/2008 1:35:08 PM Error: ORA-12514: TNS:listener could not resolve SERVICE_NAME given in connect descriptor:Microsoft OLE DB Provider for Oracle 
     Parameters: None
9/13/2008 1:35:08 PM Error: Must specify value for source.:Common:LogEvent:System 
     Parameters: None
9/13/2008 1:35:08 PM Error: ORA-12514: TNS:listener could not resolve SERVICE_NAME given in connect descriptor:Microsoft OLE DB Provider for Oracle 
     Parameters: None
9/13/2008 1:35:08 PM Error: Must specify value for source.:Common:LogEvent:System 
     Parameters: None
9/13/2008 1:35:08 PM Error: ORA-12514: TNS:listener could not resolve SERVICE_NAME given in connect descriptor:Microsoft OLE DB Provider for Oracle 
     Parameters: None
9/13/2008 1:35:08 PM Error: Must specify value for source.:Common:LogEvent:System 
     Parameters: None
9/13/2008 1:40:15 PM Error: ORA-12514: TNS:listener could not resolve SERVICE_NAME given in connect descriptor:Microsoft OLE DB Provider for Oracle 
     Parameters: None
9/13/2008 1:40:15 PM Error: Must specify value for source.:Common:LogEvent:System 
     Parameters: None
9/13/2008 1:40:15 PM Error: ORA-12514: TNS:listener could not resolve SERVICE_NAME given in connect descriptor:Microsoft OLE DB Provider for Oracle 
     Parameters: None
9/13/2008 1:40:15 PM Error: Must specify value for source.:Common:LogEvent:System 
     Parameters: None
9/13/2008 1:40:15 PM Error: ORA-12514: TNS:listener could not resolve SERVICE_NAME given in connect descriptor:Microsoft OLE DB Provider for Oracle 
     Parameters: None
9/13/2008 1:40:15 PM Error: Must specify value for source.:Common:LogEvent:System 
     Parameters: None
9/13/2008 1:45:18 PM Error: ORA-12514: TNS:listener could not resolve SERVICE_NAME given in connect descriptor:Microsoft OLE DB Provider for Oracle 
     Parameters: None
9/13/2008 1:45:18 PM Error: Must specify value for source.:Common:LogEvent:System 
     Parameters: None
9/13/2008 1:45:18 PM Error: ORA-12514: TNS:listener could not resolve SERVICE_NAME given in connect descriptor:Microsoft OLE DB Provider for Oracle 
     Parameters: None
9/13/2008 1:45:18 PM Error: Must specify value for source.:Common:LogEvent:System 
     Parameters: None
9/13/2008 1:45:18 PM Error: ORA-12514: TNS:listener could not resolve SERVICE_NAME given in connect descriptor:Microsoft OLE DB Provider for Oracle 
     Parameters: None
9/13/2008 1:45:18 PM Error: Must specify value for source.:Common:LogEvent:System 
     Parameters: None
9/13/2008 1:50:10 PM Error: ORA-12514: TNS:listener could not resolve SERVICE_NAME given in connect descriptor:Microsoft OLE DB Provider for Oracle 
     Parameters: None
9/13/2008 1:50:10 PM Error: Must specify value for source.:Common:LogEvent:System 
     Parameters: None
9/13/2008 1:50:10 PM Error: ORA-12514: TNS:listener could not resolve SERVICE_NAME given in connect descriptor:Microsoft OLE DB Provider for Oracle 
     Parameters: None
9/13/2008 1:50:10 PM Error: Must specify value for source.:Common:LogEvent:System 
     Parameters: None
9/13/2008 1:50:10 PM Error: ORA-12514: TNS:listener could not resolve SERVICE_NAME given in connect descriptor:Microsoft OLE DB Provider for Oracle 
     Parameters: None
9/13/2008 1:50:10 PM Error: Must specify value for source.:Common:LogEvent:System 
     Parameters: None
9/13/2008 1:55:16 PM Error: ORA-12514: TNS:listener could not resolve SERVICE_NAME given in connect descriptor:Microsoft OLE DB Provider for Oracle 
     Parameters: None
9/13/2008 1:55:16 PM Error: Must specify value for source.:Common:LogEvent:System 
     Parameters: None
9/13/2008 1:55:16 PM Error: ORA-12514: TNS:listener could not resolve SERVICE_NAME given in connect descriptor:Microsoft OLE DB Provider for Oracle 
     Parameters: None
9/13/2008 1:55:16 PM Error: Must specify value for source.:Common:LogEvent:System 
     Parameters: None
9/13/2008 1:55:16 PM Error: ORA-12514: TNS:listener could not resolve SERVICE_NAME given in connect descriptor:Microsoft OLE DB Provider for Oracle 
     Parameters: None
9/13/2008 1:55:16 PM Error: Must specify value for source.:Common:LogEvent:System 
     Parameters: None
9/13/2008 2:00:11 PM Error: ORA-12514: TNS:listener could not resolve SERVICE_NAME given in connect descriptor:Microsoft OLE DB Provider for Oracle 
     Parameters: None
9/13/2008 2:00:11 PM Error: Must specify value for source.:Common:LogEvent:System 
     Parameters: None
9/13/2008 2:00:11 PM Error: ORA-12514: TNS:listener could not resolve SERVICE_NAME given in connect descriptor:Microsoft OLE DB Provider for Oracle 
     Parameters: None
9/13/2008 2:00:11 PM Error: Must specify value for source.:Common:LogEvent:System 
     Parameters: None
9/13/2008 2:00:11 PM Error: ORA-12514: TNS:listener could not resolve SERVICE_NAME given in connect descriptor:Microsoft OLE DB Provider for Oracle 
     Parameters: None
9/13/2008 2:00:11 PM Error: Must specify value for source.:Common:LogEvent:System 
     Parameters: None
9/13/2008 2:05:14 PM Error: ORA-12514: TNS:listener could not resolve SERVICE_NAME given in connect descriptor:Microsoft OLE DB Provider for Oracle 
     Parameters: None
9/13/2008 2:05:14 PM Error: Must specify value for source.:Common:LogEvent:System 
     Parameters: None
9/13/2008 2:05:14 PM Error: ORA-12514: TNS:listener could not resolve SERVICE_NAME given in connect descriptor:Microsoft OLE DB Provider for Oracle 
     Parameters: None
9/13/2008 2:05:14 PM Error: Must specify value for source.:Common:LogEvent:System 
     Parameters: None
9/13/2008 2:05:14 PM Error: ORA-12514: TNS:listener could not resolve SERVICE_NAME given in connect descriptor:Microsoft OLE DB Provider for Oracle 
     Parameters: None
9/13/2008 2:05:14 PM Error: Must specify value for source.:Common:LogEvent:System 
     Parameters: None
9/13/2008 2:10:14 PM Error: ORA-12514: TNS:listener could not resolve SERVICE_NAME given in connect descriptor:Microsoft OLE DB Provider for Oracle 
     Parameters: None
9/13/2008 2:10:14 PM Error: Must specify value for source.:Common:LogEvent:System 
     Parameters: None
9/13/2008 2:10:14 PM Error: ORA-12514: TNS:listener could not resolve SERVICE_NAME given in connect descriptor:Microsoft OLE DB Provider for Oracle 
     Parameters: None
9/13/2008 2:10:14 PM Error: Must specify value for source.:Common:LogEvent:System 
     Parameters: None
9/13/2008 2:10:14 PM Error: ORA-12514: TNS:listener could not resolve SERVICE_NAME given in connect descriptor:Microsoft OLE DB Provider for Oracle 
     Parameters: None
9/13/2008 2:10:14 PM Error: Must specify value for source.:Common:LogEvent:System 
     Parameters: None
9/13/2008 2:15:11 PM Error: ORA-12514: TNS:listener could not resolve SERVICE_NAME given in connect descriptor:Microsoft OLE DB Provider for Oracle 
     Parameters: None
9/13/2008 2:15:11 PM Error: Must specify value for source.:Common:LogEvent:System 
     Parameters: None
9/13/2008 2:15:11 PM Error: ORA-12514: TNS:listener could not resolve SERVICE_NAME given in connect descriptor:Microsoft OLE DB Provider for Oracle 
     Parameters: None
9/13/2008 2:15:11 PM Error: Must specify value for source.:Common:LogEvent:System 
     Parameters: None
9/13/2008 2:15:11 PM Error: ORA-12514: TNS:listener could not resolve SERVICE_NAME given in connect descriptor:Microsoft OLE DB Provider for Oracle 
     Parameters: None
9/13/2008 2:15:11 PM Error: Must specify value for source.:Common:LogEvent:System 
     Parameters: None
9/13/2008 2:20:13 PM Error: ORA-12514: TNS:listener could not resolve SERVICE_NAME given in connect descriptor:Microsoft OLE DB Provider for Oracle 
     Parameters: None
9/13/2008 2:20:13 PM Error: Must specify value for source.:Common:LogEvent:System 
     Parameters: None
9/13/2008 2:20:13 PM Error: ORA-12514: TNS:listener could not resolve SERVICE_NAME given in connect descriptor:Microsoft OLE DB Provider for Oracle 
     Parameters: None
9/13/2008 2:20:13 PM Error: Must specify value for source.:Common:LogEvent:System 
     Parameters: None
9/13/2008 2:20:13 PM Error: ORA-12514: TNS:listener could not resolve SERVICE_NAME given in connect descriptor:Microsoft OLE DB Provider for Oracle 
     Parameters: None
9/13/2008 2:20:13 PM Error: Must specify value for source.:Common:LogEvent:System 
     Parameters: None
9/13/2008 2:25:14 PM Error: ORA-12514: TNS:listener could not resolve SERVICE_NAME given in connect descriptor:Microsoft OLE DB Provider for Oracle 
     Parameters: None
9/13/2008 2:25:14 PM Error: Must specify value for source.:Common:LogEvent:System 
     Parameters: None
9/13/2008 2:25:14 PM Error: ORA-12514: TNS:listener could not resolve SERVICE_NAME given in connect descriptor:Microsoft OLE DB Provider for Oracle 
     Parameters: None
9/13/2008 2:25:14 PM Error: Must specify value for source.:Common:LogEvent:System 
     Parameters: None
9/13/2008 2:25:14 PM Error: ORA-12514: TNS:listener could not resolve SERVICE_NAME given in connect descriptor:Microsoft OLE DB Provider for Oracle 
     Parameters: None
9/13/2008 2:25:14 PM Error: Must specify value for source.:Common:LogEvent:System 
     Parameters: None
9/13/2008 2:30:08 PM Error: ORA-12514: TNS:listener could not resolve SERVICE_NAME given in connect descriptor:Microsoft OLE DB Provider for Oracle 
     Parameters: None
9/13/2008 2:30:08 PM Error: Must specify value for source.:Common:LogEvent:System 
     Parameters: None
9/13/2008 2:30:08 PM Error: ORA-12514: TNS:listener could not resolve SERVICE_NAME given in connect descriptor:Microsoft OLE DB Provider for Oracle 
     Parameters: None
9/13/2008 2:30:08 PM Error: Must specify value for source.:Common:LogEvent:System 
     Parameters: None
9/13/2008 2:30:08 PM Error: ORA-12514: TNS:listener could not resolve SERVICE_NAME given in connect descriptor:Microsoft OLE DB Provider for Oracle 
     Parameters: None
9/13/2008 2:30:08 PM Error: Must specify value for source.:Common:LogEvent:System 
     Parameters: None
9/13/2008 2:35:12 PM Error: ORA-12514: TNS:listener could not resolve SERVICE_NAME given in connect descriptor:Microsoft OLE DB Provider for Oracle 
     Parameters: None
9/13/2008 2:35:12 PM Error: Must specify value for source.:Common:LogEvent:System 
     Parameters: None
9/13/2008 2:35:12 PM Error: ORA-12514: TNS:listener could not resolve SERVICE_NAME given in connect descriptor:Microsoft OLE DB Provider for Oracle 
     Parameters: None
9/13/2008 2:35:12 PM Error: Must specify value for source.:Common:LogEvent:System 
     Parameters: None
9/13/2008 2:35:12 PM Error: ORA-12514: TNS:listener could not resolve SERVICE_NAME given in connect descriptor:Microsoft OLE DB Provider for Oracle 
     Parameters: None
9/13/2008 2:35:12 PM Error: Must specify value for source.:Common:LogEvent:System 
     Parameters: None
9/13/2008 2:40:10 PM Error: ORA-12514: TNS:listener could not resolve SERVICE_NAME given in connect descriptor:Microsoft OLE DB Provider for Oracle 
     Parameters: None
9/13/2008 2:40:10 PM Error: Must specify value for source.:Common:LogEvent:System 
     Parameters: None
9/13/2008 2:40:10 PM Error: ORA-12514: TNS:listener could not resolve SERVICE_NAME given in connect descriptor:Microsoft OLE DB Provider for Oracle 
     Parameters: None
9/13/2008 2:40:10 PM Error: Must specify value for source.:Common:LogEvent:System 
     Parameters: None
9/13/2008 2:40:10 PM Error: ORA-12514: TNS:listener could not resolve SERVICE_NAME given in connect descriptor:Microsoft OLE DB Provider for Oracle 
     Parameters: None
9/13/2008 2:40:10 PM Error: Must specify value for source.:Common:LogEvent:System 
     Parameters: None
9/13/2008 2:45:07 PM Error: ORA-12514: TNS:listener could not resolve SERVICE_NAME given in connect descriptor:Microsoft OLE DB Provider for Oracle 
     Parameters: None
9/13/2008 2:45:07 PM Error: Must specify value for source.:Common:LogEvent:System 
     Parameters: None
9/13/2008 2:45:07 PM Error: ORA-12514: TNS:listener could not resolve SERVICE_NAME given in connect descriptor:Microsoft OLE DB Provider for Oracle 
     Parameters: None
9/13/2008 2:45:07 PM Error: Must specify value for source.:Common:LogEvent:System 
     Parameters: None
9/13/2008 2:45:07 PM Error: ORA-12514: TNS:listener could not resolve SERVICE_NAME given in connect descriptor:Microsoft OLE DB Provider for Oracle 
     Parameters: None
9/13/2008 2:45:07 PM Error: Must specify value for source.:Common:LogEvent:System 
     Parameters: None
9/13/2008 2:50:18 PM Error: ORA-12514: TNS:listener could not resolve SERVICE_NAME given in connect descriptor:Microsoft OLE DB Provider for Oracle 
     Parameters: None
9/13/2008 2:50:18 PM Error: Must specify value for source.:Common:LogEvent:System 
     Parameters: None
9/13/2008 2:50:18 PM Error: ORA-12514: TNS:listener could not resolve SERVICE_NAME given in connect descriptor:Microsoft OLE DB Provider for Oracle 
     Parameters: None
9/13/2008 2:50:18 PM Error: Must specify value for source.:Common:LogEvent:System 
     Parameters: None
9/13/2008 2:50:18 PM Error: ORA-12514: TNS:listener could not resolve SERVICE_NAME given in connect descriptor:Microsoft OLE DB Provider for Oracle 
     Parameters: None
9/13/2008 2:50:18 PM Error: Must specify value for source.:Common:LogEvent:System 
     Parameters: None
9/13/2008 2:55:12 PM Error: ORA-12514: TNS:listener could not resolve SERVICE_NAME given in connect descriptor:Microsoft OLE DB Provider for Oracle 
     Parameters: None
9/13/2008 2:55:12 PM Error: Must specify value for source.:Common:LogEvent:System 
     Parameters: None
9/13/2008 2:55:12 PM Error: ORA-12514: TNS:listener could not resolve SERVICE_NAME given in connect descriptor:Microsoft OLE DB Provider for Oracle 
     Parameters: None
9/13/2008 2:55:12 PM Error: Must specify value for source.:Common:LogEvent:System 
     Parameters: None
9/13/2008 2:55:12 PM Error: ORA-12514: TNS:listener could not resolve SERVICE_NAME given in connect descriptor:Microsoft OLE DB Provider for Oracle 
     Parameters: None
9/13/2008 2:55:12 PM Error: Must specify value for source.:Common:LogEvent:System 
     Parameters: None
9/13/2008 3:00:06 PM Error: ORA-12514: TNS:listener could not resolve SERVICE_NAME given in connect descriptor:Microsoft OLE DB Provider for Oracle 
     Parameters: None
9/13/2008 3:00:06 PM Error: Must specify value for source.:Common:LogEvent:System 
     Parameters: None
9/13/2008 3:00:06 PM Error: ORA-12514: TNS:listener could not resolve SERVICE_NAME given in connect descriptor:Microsoft OLE DB Provider for Oracle 
     Parameters: None
9/13/2008 3:00:06 PM Error: Must specify value for source.:Common:LogEvent:System 
     Parameters: None
9/13/2008 3:00:06 PM Error: ORA-12514: TNS:listener could not resolve SERVICE_NAME given in connect descriptor:Microsoft OLE DB Provider for Oracle 
     Parameters: None
9/13/2008 3:00:06 PM Error: Must specify value for source.:Common:LogEvent:System 
     Parameters: None
9/13/2008 3:25:15 PM Error: ORA-12514: TNS:listener could not resolve SERVICE_NAME given in connect descriptor:Microsoft OLE DB Provider for Oracle 
     Parameters: None
9/13/2008 3:25:15 PM Error: Must specify value for source.:Common:LogEvent:System 
     Parameters: None
9/13/2008 3:25:15 PM Error: ORA-12514: TNS:listener could not resolve SERVICE_NAME given in connect descriptor:Microsoft OLE DB Provider for Oracle 
     Parameters: None
9/13/2008 3:25:15 PM Error: Must specify value for source.:Common:LogEvent:System 
     Parameters: None
9/13/2008 3:25:15 PM Error: ORA-12514: TNS:listener could not resolve SERVICE_NAME given in connect descriptor:Microsoft OLE DB Provider for Oracle 
     Parameters: None
9/13/2008 3:25:15 PM Error: Must specify value for source.:Common:LogEvent:System 
     Parameters: None
9/13/2008 3:30:16 PM Error: ORA-12514: TNS:listener could not resolve SERVICE_NAME given in connect descriptor:Microsoft OLE DB Provider for Oracle 
     Parameters: None
9/13/2008 3:30:16 PM Error: Must specify value for source.:Common:LogEvent:System 
     Parameters: None
9/13/2008 3:30:16 PM Error: ORA-12514: TNS:listener could not resolve SERVICE_NAME given in connect descriptor:Microsoft OLE DB Provider for Oracle 
     Parameters: None
9/13/2008 3:30:16 PM Error: Must specify value for source.:Common:LogEvent:System 
     Parameters: None
9/13/2008 3:30:16 PM Error: ORA-12514: TNS:listener could not resolve SERVICE_NAME given in connect descriptor:Microsoft OLE DB Provider for Oracle 
     Parameters: None
9/13/2008 3:30:16 PM Error: Must specify value for source.:Common:LogEvent:System 
     Parameters: None
9/13/2008 3:35:18 PM Error: ORA-12514: TNS:listener could not resolve SERVICE_NAME given in connect descriptor:Microsoft OLE DB Provider for Oracle 
     Parameters: None
9/13/2008 3:35:18 PM Error: Must specify value for source.:Common:LogEvent:System 
     Parameters: None
9/13/2008 3:35:18 PM Error: ORA-12514: TNS:listener could not resolve SERVICE_NAME given in connect descriptor:Microsoft OLE DB Provider for Oracle 
     Parameters: None
9/13/2008 3:35:18 PM Error: Must specify value for source.:Common:LogEvent:System 
     Parameters: None
9/13/2008 3:35:18 PM Error: ORA-12514: TNS:listener could not resolve SERVICE_NAME given in connect descriptor:Microsoft OLE DB Provider for Oracle 
     Parameters: None
9/13/2008 3:35:18 PM Error: Must specify value for source.:Common:LogEvent:System 
     Parameters: None
9/13/2008 3:40:15 PM Error: ORA-12514: TNS:listener could not resolve SERVICE_NAME given in connect descriptor:Microsoft OLE DB Provider for Oracle 
     Parameters: None
9/13/2008 3:40:15 PM Error: Must specify value for source.:Common:LogEvent:System 
     Parameters: None
9/13/2008 3:40:15 PM Error: ORA-12514: TNS:listener could not resolve SERVICE_NAME given in connect descriptor:Microsoft OLE DB Provider for Oracle 
     Parameters: None
9/13/2008 3:40:15 PM Error: Must specify value for source.:Common:LogEvent:System 
     Parameters: None
9/13/2008 3:40:15 PM Error: ORA-12514: TNS:listener could not resolve SERVICE_NAME given in connect descriptor:Microsoft OLE DB Provider for Oracle 
     Parameters: None
9/13/2008 3:40:15 PM Error: Must specify value for source.:Common:LogEvent:System 
     Parameters: None
9/13/2008 3:45:12 PM Error: ORA-12514: TNS:listener could not resolve SERVICE_NAME given in connect descriptor:Microsoft OLE DB Provider for Oracle 
     Parameters: None
9/13/2008 3:45:12 PM Error: Must specify value for source.:Common:LogEvent:System 
     Parameters: None
9/13/2008 3:45:12 PM Error: ORA-12514: TNS:listener could not resolve SERVICE_NAME given in connect descriptor:Microsoft OLE DB Provider for Oracle 
     Parameters: None
9/13/2008 3:45:12 PM Error: Must specify value for source.:Common:LogEvent:System 
     Parameters: None
9/13/2008 3:45:12 PM Error: ORA-12514: TNS:listener could not resolve SERVICE_NAME given in connect descriptor:Microsoft OLE DB Provider for Oracle 
     Parameters: None
9/13/2008 3:45:12 PM Error: Must specify value for source.:Common:LogEvent:System 
     Parameters: None
9/13/2008 3:50:09 PM Error: ORA-12514: TNS:listener could not resolve SERVICE_NAME given in connect descriptor:Microsoft OLE DB Provider for Oracle 
     Parameters: None
9/13/2008 3:50:09 PM Error: Must specify value for source.:Common:LogEvent:System 
     Parameters: None
9/13/2008 3:50:09 PM Error: ORA-12514: TNS:listener could not resolve SERVICE_NAME given in connect descriptor:Microsoft OLE DB Provider for Oracle 
     Parameters: None
9/13/2008 3:50:09 PM Error: Must specify value for source.:Common:LogEvent:System 
     Parameters: None
9/13/2008 3:50:09 PM Error: ORA-12514: TNS:listener could not resolve SERVICE_NAME given in connect descriptor:Microsoft OLE DB Provider for Oracle 
     Parameters: None
9/13/2008 3:50:09 PM Error: Must specify value for source.:Common:LogEvent:System 
     Parameters: None
9/13/2008 3:55:15 PM Error: ORA-12514: TNS:listener could not resolve SERVICE_NAME given in connect descriptor:Microsoft OLE DB Provider for Oracle 
     Parameters: None
9/13/2008 3:55:15 PM Error: Must specify value for source.:Common:LogEvent:System 
     Parameters: None
9/13/2008 3:55:15 PM Error: ORA-12514: TNS:listener could not resolve SERVICE_NAME given in connect descriptor:Microsoft OLE DB Provider for Oracle 
     Parameters: None
9/13/2008 3:55:15 PM Error: Must specify value for source.:Common:LogEvent:System 
     Parameters: None
9/13/2008 3:55:15 PM Error: ORA-12514: TNS:listener could not resolve SERVICE_NAME given in connect descriptor:Microsoft OLE DB Provider for Oracle 
     Parameters: None
9/13/2008 3:55:15 PM Error: Must specify value for source.:Common:LogEvent:System 
     Parameters: None
9/13/2008 4:00:13 PM Error: ORA-12514: TNS:listener could not resolve SERVICE_NAME given in connect descriptor:Microsoft OLE DB Provider for Oracle 
     Parameters: None
9/13/2008 4:00:13 PM Error: Must specify value for source.:Common:LogEvent:System 
     Parameters: None
9/13/2008 4:00:13 PM Error: ORA-12514: TNS:listener could not resolve SERVICE_NAME given in connect descriptor:Microsoft OLE DB Provider for Oracle 
     Parameters: None
9/13/2008 4:00:13 PM Error: Must specify value for source.:Common:LogEvent:System 
     Parameters: None
9/13/2008 4:00:13 PM Error: ORA-12514: TNS:listener could not resolve SERVICE_NAME given in connect descriptor:Microsoft OLE DB Provider for Oracle 
     Parameters: None
9/13/2008 4:00:13 PM Error: Must specify value for source.:Common:LogEvent:System 
     Parameters: None
9/13/2008 4:20:15 PM Error: ORA-12514: TNS:listener could not resolve SERVICE_NAME given in connect descriptor:Microsoft OLE DB Provider for Oracle 
     Parameters: None
9/13/2008 4:20:15 PM Error: Must specify value for source.:Common:LogEvent:System 
     Parameters: None
9/13/2008 4:20:15 PM Error: ORA-12514: TNS:listener could not resolve SERVICE_NAME given in connect descriptor:Microsoft OLE DB Provider for Oracle 
     Parameters: None
9/13/2008 4:20:15 PM Error: Must specify value for source.:Common:LogEvent:System 
     Parameters: None
9/13/2008 4:20:15 PM Error: ORA-12514: TNS:listener could not resolve SERVICE_NAME given in connect descriptor:Microsoft OLE DB Provider for Oracle 
     Parameters: None
9/13/2008 4:20:15 PM Error: Must specify value for source.:Common:LogEvent:System 
     Parameters: None
9/13/2008 4:25:15 PM Error: ORA-12514: TNS:listener could not resolve SERVICE_NAME given in connect descriptor:Microsoft OLE DB Provider for Oracle 
     Parameters: None
9/13/2008 4:25:15 PM Error: Must specify value for source.:Common:LogEvent:System 
     Parameters: None
9/13/2008 4:25:15 PM Error: ORA-12514: TNS:listener could not resolve SERVICE_NAME given in connect descriptor:Microsoft OLE DB Provider for Oracle 
     Parameters: None
9/13/2008 4:25:15 PM Error: Must specify value for source.:Common:LogEvent:System 
     Parameters: None
9/13/2008 4:25:15 PM Error: ORA-12514: TNS:listener could not resolve SERVICE_NAME given in connect descriptor:Microsoft OLE DB Provider for Oracle 
     Parameters: None
9/13/2008 4:25:15 PM Error: Must specify value for source.:Common:LogEvent:System 
     Parameters: None
9/13/2008 4:30:13 PM Error: ORA-12514: TNS:listener could not resolve SERVICE_NAME given in connect descriptor:Microsoft OLE DB Provider for Oracle 
     Parameters: None
9/13/2008 4:30:13 PM Error: Must specify value for source.:Common:LogEvent:System 
     Parameters: None
9/13/2008 4:30:13 PM Error: ORA-12514: TNS:listener could not resolve SERVICE_NAME given in connect descriptor:Microsoft OLE DB Provider for Oracle 
     Parameters: None
9/13/2008 4:30:13 PM Error: Must specify value for source.:Common:LogEvent:System 
     Parameters: None
9/13/2008 4:30:13 PM Error: ORA-12514: TNS:listener could not resolve SERVICE_NAME given in connect descriptor:Microsoft OLE DB Provider for Oracle 
     Parameters: None
9/13/2008 4:30:13 PM Error: Must specify value for source.:Common:LogEvent:System 
     Parameters: None
9/13/2008 4:35:18 PM Error: ORA-12514: TNS:listener could not resolve SERVICE_NAME given in connect descriptor:Microsoft OLE DB Provider for Oracle 
     Parameters: None
9/13/2008 4:35:18 PM Error: Must specify value for source.:Common:LogEvent:System 
     Parameters: None
9/13/2008 4:35:18 PM Error: ORA-12514: TNS:listener could not resolve SERVICE_NAME given in connect descriptor:Microsoft OLE DB Provider for Oracle 
     Parameters: None
9/13/2008 4:35:18 PM Error: Must specify value for source.:Common:LogEvent:System 
     Parameters: None
9/13/2008 4:35:18 PM Error: ORA-12514: TNS:listener could not resolve SERVICE_NAME given in connect descriptor:Microsoft OLE DB Provider for Oracle 
     Parameters: None
9/13/2008 4:35:18 PM Error: Must specify value for source.:Common:LogEvent:System 
     Parameters: None
9/13/2008 4:40:09 PM Error: ORA-12514: TNS:listener could not resolve SERVICE_NAME given in connect descriptor:Microsoft OLE DB Provider for Oracle 
     Parameters: None
9/13/2008 4:40:09 PM Error: Must specify value for source.:Common:LogEvent:System 
     Parameters: None
9/13/2008 4:40:09 PM Error: ORA-12514: TNS:listener could not resolve SERVICE_NAME given in connect descriptor:Microsoft OLE DB Provider for Oracle 
     Parameters: None
9/13/2008 4:40:09 PM Error: Must specify value for source.:Common:LogEvent:System 
     Parameters: None
9/13/2008 4:40:09 PM Error: ORA-12514: TNS:listener could not resolve SERVICE_NAME given in connect descriptor:Microsoft OLE DB Provider for Oracle 
     Parameters: None
9/13/2008 4:40:09 PM Error: Must specify value for source.:Common:LogEvent:System 
     Parameters: None
9/13/2008 4:45:06 PM Error: ORA-12514: TNS:listener could not resolve SERVICE_NAME given in connect descriptor:Microsoft OLE DB Provider for Oracle 
     Parameters: None
9/13/2008 4:45:06 PM Error: Must specify value for source.:Common:LogEvent:System 
     Parameters: None
9/13/2008 4:45:06 PM Error: ORA-12514: TNS:listener could not resolve SERVICE_NAME given in connect descriptor:Microsoft OLE DB Provider for Oracle 
     Parameters: None
9/13/2008 4:45:06 PM Error: Must specify value for source.:Common:LogEvent:System 
     Parameters: None
9/13/2008 4:45:06 PM Error: ORA-12514: TNS:listener could not resolve SERVICE_NAME given in connect descriptor:Microsoft OLE DB Provider for Oracle 
     Parameters: None
9/13/2008 4:45:06 PM Error: Must specify value for source.:Common:LogEvent:System 
     Parameters: None
9/13/2008 4:50:09 PM Error: ORA-12514: TNS:listener could not resolve SERVICE_NAME given in connect descriptor:Microsoft OLE DB Provider for Oracle 
     Parameters: None
9/13/2008 4:50:09 PM Error: Must specify value for source.:Common:LogEvent:System 
     Parameters: None
9/13/2008 4:50:09 PM Error: ORA-12514: TNS:listener could not resolve SERVICE_NAME given in connect descriptor:Microsoft OLE DB Provider for Oracle 
     Parameters: None
9/13/2008 4:50:09 PM Error: Must specify value for source.:Common:LogEvent:System 
     Parameters: None
9/13/2008 4:50:09 PM Error: ORA-12514: TNS:listener could not resolve SERVICE_NAME given in connect descriptor:Microsoft OLE DB Provider for Oracle 
     Parameters: None
9/13/2008 4:50:09 PM Error: Must specify value for source.:Common:LogEvent:System 
     Parameters: None
9/13/2008 4:55:08 PM Error: ORA-12514: TNS:listener could not resolve SERVICE_NAME given in connect descriptor:Microsoft OLE DB Provider for Oracle 
     Parameters: None
9/13/2008 4:55:08 PM Error: Must specify value for source.:Common:LogEvent:System 
     Parameters: None
9/13/2008 4:55:08 PM Error: ORA-12514: TNS:listener could not resolve SERVICE_NAME given in connect descriptor:Microsoft OLE DB Provider for Oracle 
     Parameters: None
9/13/2008 4:55:08 PM Error: Must specify value for source.:Common:LogEvent:System 
     Parameters: None
9/13/2008 4:55:08 PM Error: ORA-12514: TNS:listener could not resolve SERVICE_NAME given in connect descriptor:Microsoft OLE DB Provider for Oracle 
     Parameters: None
9/13/2008 4:55:08 PM Error: Must specify value for source.:Common:LogEvent:System 
     Parameters: None
9/13/2008 5:00:12 PM Error: ORA-12514: TNS:listener could not resolve SERVICE_NAME given in connect descriptor:Microsoft OLE DB Provider for Oracle 
     Parameters: None
9/13/2008 5:00:12 PM Error: Must specify value for source.:Common:LogEvent:System 
     Parameters: None
9/13/2008 5:00:12 PM Error: ORA-12514: TNS:listener could not resolve SERVICE_NAME given in connect descriptor:Microsoft OLE DB Provider for Oracle 
     Parameters: None
9/13/2008 5:00:12 PM Error: Must specify value for source.:Common:LogEvent:System 
     Parameters: None
9/13/2008 5:00:12 PM Error: ORA-12514: TNS:listener could not resolve SERVICE_NAME given in connect descriptor:Microsoft OLE DB Provider for Oracle 
     Parameters: None
9/13/2008 5:00:12 PM Error: Must specify value for source.:Common:LogEvent:System 
     Parameters: None
9/13/2008 5:05:13 PM Error: ORA-12514: TNS:listener could not resolve SERVICE_NAME given in connect descriptor:Microsoft OLE DB Provider for Oracle 
     Parameters: None
9/13/2008 5:05:13 PM Error: Must specify value for source.:Common:LogEvent:System 
     Parameters: None
9/13/2008 5:05:13 PM Error: ORA-12514: TNS:listener could not resolve SERVICE_NAME given in connect descriptor:Microsoft OLE DB Provider for Oracle 
     Parameters: None
9/13/2008 5:05:13 PM Error: Must specify value for source.:Common:LogEvent:System 
     Parameters: None
9/13/2008 5:05:13 PM Error: ORA-12514: TNS:listener could not resolve SERVICE_NAME given in connect descriptor:Microsoft OLE DB Provider for Oracle 
     Parameters: None
9/13/2008 5:05:13 PM Error: Must specify value for source.:Common:LogEvent:System 
     Parameters: None
9/13/2008 5:10:13 PM Error: ORA-12514: TNS:listener could not resolve SERVICE_NAME given in connect descriptor:Microsoft OLE DB Provider for Oracle 
     Parameters: None
9/13/2008 5:10:13 PM Error: Must specify value for source.:Common:LogEvent:System 
     Parameters: None
9/13/2008 5:10:13 PM Error: ORA-12514: TNS:listener could not resolve SERVICE_NAME given in connect descriptor:Microsoft OLE DB Provider for Oracle 
     Parameters: None
9/13/2008 5:10:13 PM Error: Must specify value for source.:Common:LogEvent:System 
     Parameters: None
9/13/2008 5:10:13 PM Error: ORA-12514: TNS:listener could not resolve SERVICE_NAME given in connect descriptor:Microsoft OLE DB Provider for Oracle 
     Parameters: None
9/13/2008 5:10:13 PM Error: Must specify value for source.:Common:LogEvent:System 
     Parameters: None
9/13/2008 5:15:18 PM Error: ORA-12514: TNS:listener could not resolve SERVICE_NAME given in connect descriptor:Microsoft OLE DB Provider for Oracle 
     Parameters: None
9/13/2008 5:15:18 PM Error: Must specify value for source.:Common:LogEvent:System 
     Parameters: None
9/13/2008 5:15:18 PM Error: ORA-12514: TNS:listener could not resolve SERVICE_NAME given in connect descriptor:Microsoft OLE DB Provider for Oracle 
     Parameters: None
9/13/2008 5:15:18 PM Error: Must specify value for source.:Common:LogEvent:System 
     Parameters: None
9/13/2008 5:15:18 PM Error: ORA-12514: TNS:listener could not resolve SERVICE_NAME given in connect descriptor:Microsoft OLE DB Provider for Oracle 
     Parameters: None
9/13/2008 5:15:18 PM Error: Must specify value for source.:Common:LogEvent:System 
     Parameters: None
9/13/2008 5:20:09 PM Error: ORA-12514: TNS:listener could not resolve SERVICE_NAME given in connect descriptor:Microsoft OLE DB Provider for Oracle 
     Parameters: None
9/13/2008 5:20:09 PM Error: Must specify value for source.:Common:LogEvent:System 
     Parameters: None
9/13/2008 5:20:09 PM Error: ORA-12514: TNS:listener could not resolve SERVICE_NAME given in connect descriptor:Microsoft OLE DB Provider for Oracle 
     Parameters: None
9/13/2008 5:20:09 PM Error: Must specify value for source.:Common:LogEvent:System 
     Parameters: None
9/13/2008 5:20:09 PM Error: ORA-12514: TNS:listener could not resolve SERVICE_NAME given in connect descriptor:Microsoft OLE DB Provider for Oracle 
     Parameters: None
9/13/2008 5:20:09 PM Error: Must specify value for source.:Common:LogEvent:System 
     Parameters: None
9/13/2008 5:25:14 PM Error: ORA-12514: TNS:listener could not resolve SERVICE_NAME given in connect descriptor:Microsoft OLE DB Provider for Oracle 
     Parameters: None
9/13/2008 5:25:14 PM Error: Must specify value for source.:Common:LogEvent:System 
     Parameters: None
9/13/2008 5:25:14 PM Error: ORA-12514: TNS:listener could not resolve SERVICE_NAME given in connect descriptor:Microsoft OLE DB Provider for Oracle 
     Parameters: None
9/13/2008 5:25:14 PM Error: Must specify value for source.:Common:LogEvent:System 
     Parameters: None
9/13/2008 5:25:14 PM Error: ORA-12514: TNS:listener could not resolve SERVICE_NAME given in connect descriptor:Microsoft OLE DB Provider for Oracle 
     Parameters: None
9/13/2008 5:25:14 PM Error: Must specify value for source.:Common:LogEvent:System 
     Parameters: None
9/13/2008 6:05:10 PM Error: ORA-12514: TNS:listener could not resolve SERVICE_NAME given in connect descriptor:Microsoft OLE DB Provider for Oracle 
     Parameters: None
9/13/2008 6:05:10 PM Error: Must specify value for source.:Common:LogEvent:System 
     Parameters: None
9/13/2008 6:05:10 PM Error: ORA-12514: TNS:listener could not resolve SERVICE_NAME given in connect descriptor:Microsoft OLE DB Provider for Oracle 
     Parameters: None
9/13/2008 6:05:10 PM Error: Must specify value for source.:Common:LogEvent:System 
     Parameters: None
9/13/2008 6:05:10 PM Error: ORA-12514: TNS:listener could not resolve SERVICE_NAME given in connect descriptor:Microsoft OLE DB Provider for Oracle 
     Parameters: None
9/13/2008 6:05:10 PM Error: Must specify value for source.:Common:LogEvent:System 
     Parameters: None
9/13/2008 6:10:12 PM Error: ORA-12514: TNS:listener could not resolve SERVICE_NAME given in connect descriptor:Microsoft OLE DB Provider for Oracle 
     Parameters: None
9/13/2008 6:10:12 PM Error: Must specify value for source.:Common:LogEvent:System 
     Parameters: None
9/13/2008 6:10:12 PM Error: ORA-12514: TNS:listener could not resolve SERVICE_NAME given in connect descriptor:Microsoft OLE DB Provider for Oracle 
     Parameters: None
9/13/2008 6:10:12 PM Error: Must specify value for source.:Common:LogEvent:System 
     Parameters: None
9/13/2008 6:10:12 PM Error: ORA-12514: TNS:listener could not resolve SERVICE_NAME given in connect descriptor:Microsoft OLE DB Provider for Oracle 
     Parameters: None
9/13/2008 6:10:12 PM Error: Must specify value for source.:Common:LogEvent:System 
     Parameters: None
9/13/2008 6:15:07 PM Error: ORA-12514: TNS:listener could not resolve SERVICE_NAME given in connect descriptor:Microsoft OLE DB Provider for Oracle 
     Parameters: None
9/13/2008 6:15:07 PM Error: Must specify value for source.:Common:LogEvent:System 
     Parameters: None
9/13/2008 6:15:07 PM Error: ORA-12514: TNS:listener could not resolve SERVICE_NAME given in connect descriptor:Microsoft OLE DB Provider for Oracle 
     Parameters: None
9/13/2008 6:15:07 PM Error: Must specify value for source.:Common:LogEvent:System 
     Parameters: None
9/13/2008 6:15:07 PM Error: ORA-12514: TNS:listener could not resolve SERVICE_NAME given in connect descriptor:Microsoft OLE DB Provider for Oracle 
     Parameters: None
9/13/2008 6:15:07 PM Error: Must specify value for source.:Common:LogEvent:System 
     Parameters: None
9/13/2008 6:20:14 PM Error: ORA-12514: TNS:listener could not resolve SERVICE_NAME given in connect descriptor:Microsoft OLE DB Provider for Oracle 
     Parameters: None
9/13/2008 6:20:14 PM Error: Must specify value for source.:Common:LogEvent:System 
     Parameters: None
9/13/2008 6:20:14 PM Error: ORA-12514: TNS:listener could not resolve SERVICE_NAME given in connect descriptor:Microsoft OLE DB Provider for Oracle 
     Parameters: None
9/13/2008 6:20:14 PM Error: Must specify value for source.:Common:LogEvent:System 
     Parameters: None
9/13/2008 6:20:14 PM Error: ORA-12514: TNS:listener could not resolve SERVICE_NAME given in connect descriptor:Microsoft OLE DB Provider for Oracle 
     Parameters: None
9/13/2008 6:20:14 PM Error: Must specify value for source.:Common:LogEvent:System 
     Parameters: None
9/13/2008 6:25:02 PM Error: ORA-12514: TNS:listener could not resolve SERVICE_NAME given in connect descriptor:Microsoft OLE DB Provider for Oracle 
     Parameters: None
9/13/2008 6:25:02 PM Error: Must specify value for source.:Common:LogEvent:System 
     Parameters: None
9/13/2008 6:25:02 PM Error: ORA-12514: TNS:listener could not resolve SERVICE_NAME given in connect descriptor:Microsoft OLE DB Provider for Oracle 
     Parameters: None
9/13/2008 6:25:02 PM Error: Must specify value for source.:Common:LogEvent:System 
     Parameters: None
9/13/2008 6:25:02 PM Error: ORA-12514: TNS:listener could not resolve SERVICE_NAME given in connect descriptor:Microsoft OLE DB Provider for Oracle 
     Parameters: None
9/13/2008 6:25:02 PM Error: Must specify value for source.:Common:LogEvent:System 
     Parameters: None
9/13/2008 6:25:15 PM Error: ORA-12514: TNS:listener could not resolve SERVICE_NAME given in connect descriptor:Microsoft OLE DB Provider for Oracle 
     Parameters: None
9/13/2008 6:25:15 PM Error: Must specify value for source.:Common:LogEvent:System 
     Parameters: None
9/13/2008 6:25:15 PM Error: ORA-12514: TNS:listener could not resolve SERVICE_NAME given in connect descriptor:Microsoft OLE DB Provider for Oracle 
     Parameters: None
9/13/2008 6:25:15 PM Error: Must specify value for source.:Common:LogEvent:System 
     Parameters: None
9/13/2008 6:25:15 PM Error: ORA-12514: TNS:listener could not resolve SERVICE_NAME given in connect descriptor:Microsoft OLE DB Provider for Oracle 
     Parameters: None
9/13/2008 6:25:15 PM Error: Must specify value for source.:Common:LogEvent:System 
     Parameters: None
9/13/2008 6:30:14 PM Error: ORA-12514: TNS:listener could not resolve SERVICE_NAME given in connect descriptor:Microsoft OLE DB Provider for Oracle 
     Parameters: None
9/13/2008 6:30:14 PM Error: Must specify value for source.:Common:LogEvent:System 
     Parameters: None
9/13/2008 6:30:14 PM Error: ORA-12514: TNS:listener could not resolve SERVICE_NAME given in connect descriptor:Microsoft OLE DB Provider for Oracle 
     Parameters: None
9/13/2008 6:30:14 PM Error: Must specify value for source.:Common:LogEvent:System 
     Parameters: None
9/13/2008 6:30:14 PM Error: ORA-12514: TNS:listener could not resolve SERVICE_NAME given in connect descriptor:Microsoft OLE DB Provider for Oracle 
     Parameters: None
9/13/2008 6:30:14 PM Error: Must specify value for source.:Common:LogEvent:System 
     Parameters: None
9/13/2008 6:35:12 PM Error: ORA-12514: TNS:listener could not resolve SERVICE_NAME given in connect descriptor:Microsoft OLE DB Provider for Oracle 
     Parameters: None
9/13/2008 6:35:12 PM Error: Must specify value for source.:Common:LogEvent:System 
     Parameters: None
9/13/2008 6:35:12 PM Error: ORA-12514: TNS:listener could not resolve SERVICE_NAME given in connect descriptor:Microsoft OLE DB Provider for Oracle 
     Parameters: None
9/13/2008 6:35:12 PM Error: Must specify value for source.:Common:LogEvent:System 
     Parameters: None
9/13/2008 6:35:12 PM Error: ORA-12514: TNS:listener could not resolve SERVICE_NAME given in connect descriptor:Microsoft OLE DB Provider for Oracle 
     Parameters: None
9/13/2008 6:35:12 PM Error: Must specify value for source.:Common:LogEvent:System 
     Parameters: None
9/13/2008 6:40:09 PM Error: ORA-12514: TNS:listener could not resolve SERVICE_NAME given in connect descriptor:Microsoft OLE DB Provider for Oracle 
     Parameters: None
9/13/2008 6:40:09 PM Error: Must specify value for source.:Common:LogEvent:System 
     Parameters: None
9/13/2008 6:40:09 PM Error: ORA-12514: TNS:listener could not resolve SERVICE_NAME given in connect descriptor:Microsoft OLE DB Provider for Oracle 
     Parameters: None
9/13/2008 6:40:09 PM Error: Must specify value for source.:Common:LogEvent:System 
     Parameters: None
9/13/2008 6:40:09 PM Error: ORA-12514: TNS:listener could not resolve SERVICE_NAME given in connect descriptor:Microsoft OLE DB Provider for Oracle 
     Parameters: None
9/13/2008 6:40:09 PM Error: Must specify value for source.:Common:LogEvent:System 
     Parameters: None
9/13/2008 6:45:14 PM Error: ORA-12514: TNS:listener could not resolve SERVICE_NAME given in connect descriptor:Microsoft OLE DB Provider for Oracle 
     Parameters: None
9/13/2008 6:45:14 PM Error: Must specify value for source.:Common:LogEvent:System 
     Parameters: None
9/13/2008 6:45:14 PM Error: ORA-12514: TNS:listener could not resolve SERVICE_NAME given in connect descriptor:Microsoft OLE DB Provider for Oracle 
     Parameters: None
9/13/2008 6:45:14 PM Error: Must specify value for source.:Common:LogEvent:System 
     Parameters: None
9/13/2008 6:45:14 PM Error: ORA-12514: TNS:listener could not resolve SERVICE_NAME given in connect descriptor:Microsoft OLE DB Provider for Oracle 
     Parameters: None
9/13/2008 6:45:14 PM Error: Must specify value for source.:Common:LogEvent:System 
     Parameters: None
9/13/2008 6:50:08 PM Error: ORA-12514: TNS:listener could not resolve SERVICE_NAME given in connect descriptor:Microsoft OLE DB Provider for Oracle 
     Parameters: None
9/13/2008 6:50:08 PM Error: Must specify value for source.:Common:LogEvent:System 
     Parameters: None
9/13/2008 6:50:08 PM Error: ORA-12514: TNS:listener could not resolve SERVICE_NAME given in connect descriptor:Microsoft OLE DB Provider for Oracle 
     Parameters: None
9/13/2008 6:50:08 PM Error: Must specify value for source.:Common:LogEvent:System 
     Parameters: None
9/13/2008 6:50:08 PM Error: ORA-12514: TNS:listener could not resolve SERVICE_NAME given in connect descriptor:Microsoft OLE DB Provider for Oracle 
     Parameters: None
9/13/2008 6:50:08 PM Error: Must specify value for source.:Common:LogEvent:System 
     Parameters: None
9/13/2008 6:55:17 PM Error: ORA-12514: TNS:listener could not resolve SERVICE_NAME given in connect descriptor:Microsoft OLE DB Provider for Oracle 
     Parameters: None
9/13/2008 6:55:17 PM Error: Must specify value for source.:Common:LogEvent:System 
     Parameters: None
9/13/2008 6:55:17 PM Error: ORA-12514: TNS:listener could not resolve SERVICE_NAME given in connect descriptor:Microsoft OLE DB Provider for Oracle 
     Parameters: None
9/13/2008 6:55:17 PM Error: Must specify value for source.:Common:LogEvent:System 
     Parameters: None
9/13/2008 6:55:17 PM Error: ORA-12514: TNS:listener could not resolve SERVICE_NAME given in connect descriptor:Microsoft OLE DB Provider for Oracle 
     Parameters: None
9/13/2008 6:55:17 PM Error: Must specify value for source.:Common:LogEvent:System 
     Parameters: None
9/13/2008 7:00:10 PM Error: ORA-12514: TNS:listener could not resolve SERVICE_NAME given in connect descriptor:Microsoft OLE DB Provider for Oracle 
     Parameters: None
9/13/2008 7:00:10 PM Error: Must specify value for source.:Common:LogEvent:System 
     Parameters: None
9/13/2008 7:00:10 PM Error: ORA-12514: TNS:listener could not resolve SERVICE_NAME given in connect descriptor:Microsoft OLE DB Provider for Oracle 
     Parameters: None
9/13/2008 7:00:10 PM Error: Must specify value for source.:Common:LogEvent:System 
     Parameters: None
9/13/2008 7:00:10 PM Error: ORA-12514: TNS:listener could not resolve SERVICE_NAME given in connect descriptor:Microsoft OLE DB Provider for Oracle 
     Parameters: None
9/13/2008 7:00:10 PM Error: Must specify value for source.:Common:LogEvent:System 
     Parameters: None
9/13/2008 7:20:19 PM Error: ORA-12514: TNS:listener could not resolve SERVICE_NAME given in connect descriptor:Microsoft OLE DB Provider for Oracle 
     Parameters: None
9/13/2008 7:20:19 PM Error: Must specify value for source.:Common:LogEvent:System 
     Parameters: None
9/13/2008 7:20:19 PM Error: ORA-12514: TNS:listener could not resolve SERVICE_NAME given in connect descriptor:Microsoft OLE DB Provider for Oracle 
     Parameters: None
9/13/2008 7:20:19 PM Error: Must specify value for source.:Common:LogEvent:System 
     Parameters: None
9/13/2008 7:20:19 PM Error: ORA-12514: TNS:listener could not resolve SERVICE_NAME given in connect descriptor:Microsoft OLE DB Provider for Oracle 
     Parameters: None
9/13/2008 7:20:19 PM Error: Must specify value for source.:Common:LogEvent:System 
     Parameters: None
9/13/2008 7:25:13 PM Error: ORA-12514: TNS:listener could not resolve SERVICE_NAME given in connect descriptor:Microsoft OLE DB Provider for Oracle 
     Parameters: None
9/13/2008 7:25:13 PM Error: Must specify value for source.:Common:LogEvent:System 
     Parameters: None
9/13/2008 7:25:14 PM Error: ORA-12514: TNS:listener could not resolve SERVICE_NAME given in connect descriptor:Microsoft OLE DB Provider for Oracle 
     Parameters: None
9/13/2008 7:25:14 PM Error: Must specify value for source.:Common:LogEvent:System 
     Parameters: None
9/13/2008 7:25:14 PM Error: ORA-12514: TNS:listener could not resolve SERVICE_NAME given in connect descriptor:Microsoft OLE DB Provider for Oracle 
     Parameters: None
9/13/2008 7:25:14 PM Error: Must specify value for source.:Common:LogEvent:System 
     Parameters: None
9/13/2008 7:50:15 PM Error: ORA-12514: TNS:listener could not resolve SERVICE_NAME given in connect descriptor:Microsoft OLE DB Provider for Oracle 
     Parameters: None
9/13/2008 7:50:15 PM Error: Must specify value for source.:Common:LogEvent:System 
     Parameters: None
9/13/2008 7:50:15 PM Error: ORA-12514: TNS:listener could not resolve SERVICE_NAME given in connect descriptor:Microsoft OLE DB Provider for Oracle 
     Parameters: None
9/13/2008 7:50:15 PM Error: Must specify value for source.:Common:LogEvent:System 
     Parameters: None
9/13/2008 7:50:15 PM Error: ORA-12514: TNS:listener could not resolve SERVICE_NAME given in connect descriptor:Microsoft OLE DB Provider for Oracle 
     Parameters: None
9/13/2008 7:50:15 PM Error: Must specify value for source.:Common:LogEvent:System 
     Parameters: None
