12/12/2005 7:59:15 AM Error: Invalid attempt to HasRows when reader is closed.:System.Data 
     Parameters: None
12/12/2005 7:59:15 AM Error: Must specify value for source.:Common:LogEvent:System 
     Parameters: None
12/12/2005 8:04:31 AM Error: Thread was being aborted.:mscorlib 
     Parameters: None
12/12/2005 8:04:31 AM Error: Must specify value for source.:Common:LogEvent:System 
     Parameters: None
12/12/2005 8:12:52 AM Error: Thread was being aborted.:mscorlib 
     Parameters: None
12/12/2005 8:12:52 AM Error: Must specify value for source.:Common:LogEvent:System 
     Parameters: None
12/12/2005 8:13:03 AM Error: Thread was being aborted.:mscorlib 
     Parameters: None
12/12/2005 8:13:03 AM Error: Must specify value for source.:Common:LogEvent:System 
     Parameters: None
12/12/2005 12:08:05 PM Error: A field or property with the name 'RowNumber' was not found on the selected datasource.:System.Web 
     Parameters: None
12/12/2005 12:08:05 PM Error: Must specify value for source.:Common:LogEvent:System 
     Parameters: None
12/12/2005 12:09:23 PM Error: A field or property with the name 'RowNumber' was not found on the selected datasource.:System.Web 
     Parameters: None
12/12/2005 12:09:23 PM Error: Must specify value for source.:Common:LogEvent:System 
     Parameters: None
12/12/2005 1:48:48 PM Error: A field or property with the name 'COUNT' was not found on the selected datasource.:System.Web 
     Parameters: None
12/12/2005 1:48:48 PM Error: Must specify value for source.:Common:LogEvent:System 
     Parameters: None
12/12/2005 1:50:02 PM Error: One or more errors occurred during processing of command.
ORA-00904: "COUNT": invalid identifier:Microsoft OLE DB Provider for Oracle 
     Parameters: None
12/12/2005 1:50:02 PM Error: Must specify value for source.:Common:LogEvent:System 
     Parameters: None
12/12/2005 2:27:21 PM Error: One or more errors occurred during processing of command.
ORA-00979: not a GROUP BY expression:Microsoft OLE DB Provider for Oracle 
     Parameters: None
12/12/2005 2:27:21 PM Error: Must specify value for source.:Common:LogEvent:System 
     Parameters: None
12/12/2005 2:27:25 PM Error: One or more errors occurred during processing of command.
ORA-00979: not a GROUP BY expression:Microsoft OLE DB Provider for Oracle 
     Parameters: None
12/12/2005 2:27:25 PM Error: Must specify value for source.:Common:LogEvent:System 
     Parameters: None
12/12/2005 2:27:27 PM Error: One or more errors occurred during processing of command.
ORA-00979: not a GROUP BY expression:Microsoft OLE DB Provider for Oracle 
     Parameters: None
12/12/2005 2:27:27 PM Error: Must specify value for source.:Common:LogEvent:System 
     Parameters: None
12/12/2005 2:28:42 PM Error: One or more errors occurred during processing of command.
ORA-00979: not a GROUP BY expression:Microsoft OLE DB Provider for Oracle 
     Parameters: None
12/12/2005 2:28:42 PM Error: Must specify value for source.:Common:LogEvent:System 
     Parameters: None
12/12/2005 2:32:48 PM Error: One or more errors occurred during processing of command.
ORA-00904: "STANDARD_PACK_ID": invalid identifier:Microsoft OLE DB Provider for Oracle 
     Parameters: None
12/12/2005 2:32:48 PM Error: Must specify value for source.:Common:LogEvent:System 
     Parameters: None
12/12/2005 2:32:51 PM Error: One or more errors occurred during processing of command.
ORA-00904: "STANDARD_PACK_ID": invalid identifier:Microsoft OLE DB Provider for Oracle 
     Parameters: None
12/12/2005 2:32:51 PM Error: Must specify value for source.:Common:LogEvent:System 
     Parameters: None
12/12/2005 2:32:53 PM Error: One or more errors occurred during processing of command.
ORA-00904: "STANDARD_PACK_ID": invalid identifier:Microsoft OLE DB Provider for Oracle 
     Parameters: None
12/12/2005 2:32:53 PM Error: Must specify value for source.:Common:LogEvent:System 
     Parameters: None
12/12/2005 2:32:55 PM Error: One or more errors occurred during processing of command.
ORA-00904: "STANDARD_PACK_ID": invalid identifier:Microsoft OLE DB Provider for Oracle 
     Parameters: None
12/12/2005 2:32:55 PM Error: Must specify value for source.:Common:LogEvent:System 
     Parameters: None
12/12/2005 2:32:57 PM Error: One or more errors occurred during processing of command.
ORA-00904: "STANDARD_PACK_ID": invalid identifier:Microsoft OLE DB Provider for Oracle 
     Parameters: None
12/12/2005 2:32:57 PM Error: Must specify value for source.:Common:LogEvent:System 
     Parameters: None
12/12/2005 2:32:58 PM Error: One or more errors occurred during processing of command.
ORA-00904: "STANDARD_PACK_ID": invalid identifier:Microsoft OLE DB Provider for Oracle 
     Parameters: None
12/12/2005 2:32:58 PM Error: Must specify value for source.:Common:LogEvent:System 
     Parameters: None
12/12/2005 2:36:03 PM Error: One or more errors occurred during processing of command.
ORA-00904: "STANDARD_PACK_ID": invalid identifier:Microsoft OLE DB Provider for Oracle 
     Parameters: None
12/12/2005 2:36:03 PM Error: Must specify value for source.:Common:LogEvent:System 
     Parameters: None
12/12/2005 2:36:12 PM Error: One or more errors occurred during processing of command.
ORA-00904: "STANDARD_PACK_ID": invalid identifier:Microsoft OLE DB Provider for Oracle 
     Parameters: None
12/12/2005 2:36:12 PM Error: Must specify value for source.:Common:LogEvent:System 
     Parameters: None
12/12/2005 2:36:27 PM Error: One or more errors occurred during processing of command.
ORA-00904: "STANDARD_PACK_ID": invalid identifier:Microsoft OLE DB Provider for Oracle 
     Parameters: None
12/12/2005 2:36:27 PM Error: Must specify value for source.:Common:LogEvent:System 
     Parameters: None
12/12/2005 2:36:44 PM Error: One or more errors occurred during processing of command.
ORA-00904: "STANDARD_PACK_ID": invalid identifier:Microsoft OLE DB Provider for Oracle 
     Parameters: None
12/12/2005 2:36:44 PM Error: Must specify value for source.:Common:LogEvent:System 
     Parameters: None
