5/6/2013 11:22:39 AM Error: Thread was being aborted.:mscorlib 
     Parameters: None
5/6/2013 11:22:39 AM Error: Must specify value for source.:Common:LogEvent:System 
     Parameters: None
5/6/2013 12:07:00 PM Error: Thread was being aborted.:mscorlib 
     Parameters: None
5/6/2013 12:07:00 PM Error: Must specify value for source.:Common:LogEvent:System 
     Parameters: None
5/6/2013 1:49:12 PM Error: Thread was being aborted.:mscorlib 
     Parameters: None
5/6/2013 1:49:12 PM Error: Must specify value for source.:Common:LogEvent:System 
     Parameters: None
5/6/2013 1:49:58 PM Error: Thread was being aborted.:mscorlib 
     Parameters: None
5/6/2013 1:49:58 PM Error: Must specify value for source.:Common:LogEvent:System 
     Parameters: None
5/6/2013 1:55:10 PM Error: Thread was being aborted.:mscorlib 
     Parameters: None
5/6/2013 1:55:10 PM Error: Must specify value for source.:Common:LogEvent:System 
     Parameters: None
