10/1/2009 7:14:34 AM Error: Thread was being aborted.:mscorlib 
     Parameters: None
10/1/2009 7:14:34 AM Error: Must specify value for source.:Common:LogEvent:System 
     Parameters: None
10/1/2009 7:40:44 AM Error: Thread was being aborted.:mscorlib 
     Parameters: None
10/1/2009 7:40:44 AM Error: Must specify value for source.:Common:LogEvent:System 
     Parameters: None
10/1/2009 7:41:54 AM Error: Thread was being aborted.:mscorlib 
     Parameters: None
10/1/2009 7:41:54 AM Error: Must specify value for source.:Common:LogEvent:System 
     Parameters: None
10/1/2009 8:02:07 AM Error: Thread was being aborted.:mscorlib 
     Parameters: None
10/1/2009 8:02:07 AM Error: Must specify value for source.:Common:LogEvent:System 
     Parameters: None
10/1/2009 9:29:19 AM Error: Thread was being aborted.:mscorlib 
     Parameters: None
10/1/2009 9:29:19 AM Error: Must specify value for source.:Common:LogEvent:System 
     Parameters: None
10/1/2009 1:13:50 PM Error: Thread was being aborted.:mscorlib 
     Parameters: None
10/1/2009 1:13:50 PM Error: Must specify value for source.:Common:LogEvent:System 
     Parameters: None
