6/4/2009 7:15:39 AM Error: Thread was being aborted.:mscorlib 
     Parameters: None
6/4/2009 7:15:39 AM Error: Must specify value for source.:Common:LogEvent:System 
     Parameters: None
6/4/2009 7:23:59 AM Error: Thread was being aborted.:mscorlib 
     Parameters: None
6/4/2009 7:23:59 AM Error: Must specify value for source.:Common:LogEvent:System 
     Parameters: None
6/4/2009 7:30:13 AM Error: Thread was being aborted.:mscorlib 
     Parameters: None
6/4/2009 7:30:13 AM Error: Must specify value for source.:Common:LogEvent:System 
     Parameters: None
6/4/2009 7:33:04 AM Error: Thread was being aborted.:mscorlib 
     Parameters: None
6/4/2009 7:33:04 AM Error: Must specify value for source.:Common:LogEvent:System 
     Parameters: None
6/4/2009 2:19:30 PM Error: Thread was being aborted.:mscorlib 
     Parameters: None
6/4/2009 2:19:30 PM Error: Must specify value for source.:Common:LogEvent:System 
     Parameters: None
