8/30/2006 8:59:59 AM Error: Thread was being aborted.:mscorlib 
     Parameters: None
8/30/2006 8:59:59 AM Error: Must specify value for source.:Common:LogEvent:System 
     Parameters: None
8/30/2006 9:27:12 AM Error: Thread was being aborted.:mscorlib 
     Parameters: None
8/30/2006 9:27:12 AM Error: Must specify value for source.:Common:LogEvent:System 
     Parameters: None
8/30/2006 9:33:56 AM Error: ORA-12535: TNS:operation timed out:Microsoft OLE DB Provider for Oracle 
     Parameters: None
8/30/2006 9:33:56 AM Error: Must specify value for source.:Common:LogEvent:System 
     Parameters: None
8/30/2006 9:34:41 AM Error: ORA-12535: TNS:operation timed out:Microsoft OLE DB Provider for Oracle 
     Parameters: None
8/30/2006 9:34:41 AM Error: Must specify value for source.:Common:LogEvent:System 
     Parameters: None
8/30/2006 9:35:04 AM Error: ORA-12535: TNS:operation timed out:Microsoft OLE DB Provider for Oracle 
     Parameters: None
8/30/2006 9:35:04 AM Error: Must specify value for source.:Common:LogEvent:System 
     Parameters: None
8/30/2006 9:35:59 AM Error: No error information available: E_FAIL(0x80004005).: 
     Parameters: None
8/30/2006 9:35:59 AM Error: Must specify value for source.:Common:LogEvent:System 
     Parameters: None
8/30/2006 9:35:59 AM Error: No error information available: E_FAIL(0x80004005).: 
     Parameters: None
8/30/2006 9:35:59 AM Error: Must specify value for source.:Common:LogEvent:System 
     Parameters: None
8/30/2006 9:35:59 AM Error: No error information available: E_FAIL(0x80004005).: 
     Parameters: None
8/30/2006 9:35:59 AM Error: Must specify value for source.:Common:LogEvent:System 
     Parameters: None
8/30/2006 9:38:31 AM Error: No error information available: E_FAIL(0x80004005).: 
     Parameters: None
8/30/2006 9:38:31 AM Error: Must specify value for source.:Common:LogEvent:System 
     Parameters: None
8/30/2006 9:38:31 AM Error: No error information available: E_FAIL(0x80004005).: 
     Parameters: None
8/30/2006 9:38:31 AM Error: Must specify value for source.:Common:LogEvent:System 
     Parameters: None
8/30/2006 9:38:31 AM Error: No error information available: E_FAIL(0x80004005).: 
     Parameters: None
8/30/2006 9:38:31 AM Error: Must specify value for source.:Common:LogEvent:System 
     Parameters: None
8/30/2006 9:46:42 AM Error: Unspecified error
ORA-29740: evicted by member , group incarnation :Microsoft OLE DB Provider for Oracle 
     Parameters: None
8/30/2006 9:46:42 AM Error: Must specify value for source.:Common:LogEvent:System 
     Parameters: None
8/30/2006 9:47:05 AM Error: ORA-12535: TNS:operation timed out:Microsoft OLE DB Provider for Oracle 
     Parameters: None
8/30/2006 9:47:05 AM Error: Must specify value for source.:Common:LogEvent:System 
     Parameters: None
8/30/2006 9:58:39 AM Error: ORA-12541: TNS:no listener:Microsoft OLE DB Provider for Oracle 
     Parameters: None
8/30/2006 9:58:39 AM Error: Must specify value for source.:Common:LogEvent:System 
     Parameters: None
8/30/2006 9:58:39 AM Error: ORA-12541: TNS:no listener:Microsoft OLE DB Provider for Oracle 
     Parameters: None
8/30/2006 9:58:39 AM Error: Must specify value for source.:Common:LogEvent:System 
     Parameters: None
8/30/2006 9:58:39 AM Error: ORA-12541: TNS:no listener:Microsoft OLE DB Provider for Oracle 
     Parameters: None
8/30/2006 9:58:39 AM Error: Must specify value for source.:Common:LogEvent:System 
     Parameters: None
8/30/2006 10:21:38 AM Error: ORA-12535: TNS:operation timed out:Microsoft OLE DB Provider for Oracle 
     Parameters: None
8/30/2006 10:21:38 AM Error: Must specify value for source.:Common:LogEvent:System 
     Parameters: None
8/30/2006 10:21:38 AM Error: ORA-12535: TNS:operation timed out:Microsoft OLE DB Provider for Oracle 
     Parameters: None
8/30/2006 10:21:38 AM Error: Must specify value for source.:Common:LogEvent:System 
     Parameters: None
8/30/2006 10:21:38 AM Error: ORA-12535: TNS:operation timed out:Microsoft OLE DB Provider for Oracle 
     Parameters: None
8/30/2006 10:21:38 AM Error: Must specify value for source.:Common:LogEvent:System 
     Parameters: None
8/30/2006 10:43:26 AM Error: Thread was being aborted.:mscorlib 
     Parameters: None
8/30/2006 10:43:26 AM Error: Must specify value for source.:Common:LogEvent:System 
     Parameters: None
8/30/2006 12:46:49 PM Error: Thread was being aborted.:mscorlib 
     Parameters: None
8/30/2006 12:46:49 PM Error: Must specify value for source.:Common:LogEvent:System 
     Parameters: None
8/30/2006 12:47:46 PM Error: Thread was being aborted.:mscorlib 
     Parameters: None
8/30/2006 12:47:46 PM Error: Must specify value for source.:Common:LogEvent:System 
     Parameters: None
8/30/2006 12:54:57 PM Error: Thread was being aborted.:mscorlib 
     Parameters: None
8/30/2006 12:54:57 PM Error: Must specify value for source.:Common:LogEvent:System 
     Parameters: None
8/30/2006 12:56:20 PM Error: Thread was being aborted.:mscorlib 
     Parameters: None
8/30/2006 12:56:20 PM Error: Must specify value for source.:Common:LogEvent:System 
     Parameters: None
8/30/2006 1:01:38 PM Error: Thread was being aborted.:mscorlib 
     Parameters: None
8/30/2006 1:01:38 PM Error: Must specify value for source.:Common:LogEvent:System 
     Parameters: None
8/30/2006 1:11:13 PM Error: Thread was being aborted.:mscorlib 
     Parameters: None
8/30/2006 1:11:13 PM Error: Must specify value for source.:Common:LogEvent:System 
     Parameters: None
8/30/2006 1:12:18 PM Error: Thread was being aborted.:mscorlib 
     Parameters: None
8/30/2006 1:12:18 PM Error: Must specify value for source.:Common:LogEvent:System 
     Parameters: None
8/30/2006 1:12:35 PM Error: Thread was being aborted.:mscorlib 
     Parameters: None
8/30/2006 1:12:35 PM Error: Must specify value for source.:Common:LogEvent:System 
     Parameters: None
8/30/2006 1:25:04 PM Error: Thread was being aborted.:mscorlib 
     Parameters: None
8/30/2006 1:25:04 PM Error: Must specify value for source.:Common:LogEvent:System 
     Parameters: None
