2/22/2008 3:01:12 AM Error: ORA-12535: TNS:operation timed out:Microsoft OLE DB Provider for Oracle 
     Parameters: None
2/22/2008 3:01:12 AM Error: Must specify value for source.:Common:LogEvent:System 
     Parameters: None
2/22/2008 3:01:12 AM Error: ORA-12535: TNS:operation timed out:Microsoft OLE DB Provider for Oracle 
     Parameters: None
2/22/2008 3:01:12 AM Error: Must specify value for source.:Common:LogEvent:System 
     Parameters: None
2/22/2008 3:01:12 AM Error: ORA-12535: TNS:operation timed out:Microsoft OLE DB Provider for Oracle 
     Parameters: None
2/22/2008 3:01:12 AM Error: Must specify value for source.:Common:LogEvent:System 
     Parameters: None
2/22/2008 3:06:05 AM Error: ORA-12535: TNS:operation timed out:Microsoft OLE DB Provider for Oracle 
     Parameters: None
2/22/2008 3:06:05 AM Error: Must specify value for source.:Common:LogEvent:System 
     Parameters: None
2/22/2008 3:06:51 AM Error: ORA-12535: TNS:operation timed out:Microsoft OLE DB Provider for Oracle 
     Parameters: None
2/22/2008 3:06:51 AM Error: Must specify value for source.:Common:LogEvent:System 
     Parameters: None
2/22/2008 3:07:37 AM Error: ORA-12535: TNS:operation timed out:Microsoft OLE DB Provider for Oracle 
     Parameters: None
2/22/2008 3:07:37 AM Error: Must specify value for source.:Common:LogEvent:System 
     Parameters: None
2/22/2008 3:11:09 AM Error: ORA-12535: TNS:operation timed out:Microsoft OLE DB Provider for Oracle 
     Parameters: None
2/22/2008 3:11:09 AM Error: Must specify value for source.:Common:LogEvent:System 
     Parameters: None
2/22/2008 3:11:55 AM Error: ORA-12535: TNS:operation timed out:Microsoft OLE DB Provider for Oracle 
     Parameters: None
2/22/2008 3:11:55 AM Error: Must specify value for source.:Common:LogEvent:System 
     Parameters: None
2/22/2008 3:12:41 AM Error: ORA-12535: TNS:operation timed out:Microsoft OLE DB Provider for Oracle 
     Parameters: None
2/22/2008 3:12:41 AM Error: Must specify value for source.:Common:LogEvent:System 
     Parameters: None
2/22/2008 3:21:09 AM Error: ORA-12535: TNS:operation timed out:Microsoft OLE DB Provider for Oracle 
     Parameters: None
2/22/2008 3:21:09 AM Error: Must specify value for source.:Common:LogEvent:System 
     Parameters: None
2/22/2008 3:21:09 AM Error: ORA-12535: TNS:operation timed out:Microsoft OLE DB Provider for Oracle 
     Parameters: None
2/22/2008 3:21:10 AM Error: Must specify value for source.:Common:LogEvent:System 
     Parameters: None
2/22/2008 3:21:10 AM Error: ORA-12535: TNS:operation timed out:Microsoft OLE DB Provider for Oracle 
     Parameters: None
2/22/2008 3:21:10 AM Error: Must specify value for source.:Common:LogEvent:System 
     Parameters: None
2/22/2008 5:56:00 AM Error: ORA-12535: TNS:operation timed out:Microsoft OLE DB Provider for Oracle 
     Parameters: None
2/22/2008 5:56:00 AM Error: Must specify value for source.:Common:LogEvent:System 
     Parameters: None
2/22/2008 5:56:00 AM Error: ORA-12535: TNS:operation timed out:Microsoft OLE DB Provider for Oracle 
     Parameters: None
2/22/2008 5:56:00 AM Error: Must specify value for source.:Common:LogEvent:System 
     Parameters: None
2/22/2008 5:56:00 AM Error: ORA-12535: TNS:operation timed out:Microsoft OLE DB Provider for Oracle 
     Parameters: None
2/22/2008 5:56:00 AM Error: Must specify value for source.:Common:LogEvent:System 
     Parameters: None
2/22/2008 7:31:36 AM Error: Unspecified error
ORA-03113: end-of-file on communication channel:Microsoft OLE DB Provider for Oracle 
     Parameters: None
2/22/2008 7:31:36 AM Error: Must specify value for source.:Common:LogEvent:System 
     Parameters: None
2/22/2008 7:32:22 AM Error: ORA-12535: TNS:operation timed out:Microsoft OLE DB Provider for Oracle 
     Parameters: None
2/22/2008 7:32:22 AM Error: Must specify value for source.:Common:LogEvent:System 
     Parameters: None
2/22/2008 7:32:22 AM Error: ORA-12535: TNS:operation timed out:Microsoft OLE DB Provider for Oracle 
     Parameters: None
2/22/2008 7:32:22 AM Error: Must specify value for source.:Common:LogEvent:System 
     Parameters: None
2/22/2008 7:32:22 AM Error: ORA-12535: TNS:operation timed out:Microsoft OLE DB Provider for Oracle 
     Parameters: None
2/22/2008 7:32:22 AM Error: Must specify value for source.:Common:LogEvent:System 
     Parameters: None
2/22/2008 7:33:09 AM Error: ORA-12535: TNS:operation timed out:Microsoft OLE DB Provider for Oracle 
     Parameters: None
2/22/2008 7:33:09 AM Error: Must specify value for source.:Common:LogEvent:System 
     Parameters: None
2/22/2008 7:33:55 AM Error: ORA-12535: TNS:operation timed out:Microsoft OLE DB Provider for Oracle 
     Parameters: None
2/22/2008 7:33:55 AM Error: Must specify value for source.:Common:LogEvent:System 
     Parameters: None
2/22/2008 7:34:41 AM Error: ORA-12535: TNS:operation timed out:Microsoft OLE DB Provider for Oracle 
     Parameters: None
2/22/2008 7:34:41 AM Error: Must specify value for source.:Common:LogEvent:System 
     Parameters: None
2/22/2008 7:35:27 AM Error: ORA-12535: TNS:operation timed out:Microsoft OLE DB Provider for Oracle 
     Parameters: None
2/22/2008 7:35:27 AM Error: Must specify value for source.:Common:LogEvent:System 
     Parameters: None
2/22/2008 7:35:27 AM Error: ORA-12535: TNS:operation timed out:Microsoft OLE DB Provider for Oracle 
     Parameters: None
2/22/2008 7:35:27 AM Error: Must specify value for source.:Common:LogEvent:System 
     Parameters: None
2/22/2008 7:35:28 AM Error: ORA-12535: TNS:operation timed out:Microsoft OLE DB Provider for Oracle 
     Parameters: None
2/22/2008 7:35:28 AM Error: Must specify value for source.:Common:LogEvent:System 
     Parameters: None
2/22/2008 7:36:02 AM Error: ORA-12535: TNS:operation timed out:Microsoft OLE DB Provider for Oracle 
     Parameters: None
2/22/2008 7:36:02 AM Error: Must specify value for source.:Common:LogEvent:System 
     Parameters: None
2/22/2008 7:36:48 AM Error: ORA-12535: TNS:operation timed out:Microsoft OLE DB Provider for Oracle 
     Parameters: None
2/22/2008 7:36:48 AM Error: Must specify value for source.:Common:LogEvent:System 
     Parameters: None
2/22/2008 7:36:48 AM Error: ORA-12535: TNS:operation timed out:Microsoft OLE DB Provider for Oracle 
     Parameters: None
2/22/2008 7:36:48 AM Error: Must specify value for source.:Common:LogEvent:System 
     Parameters: None
2/22/2008 7:41:10 AM Error: ORA-12535: TNS:operation timed out:Microsoft OLE DB Provider for Oracle 
     Parameters: None
2/22/2008 7:41:10 AM Error: Must specify value for source.:Common:LogEvent:System 
     Parameters: None
2/22/2008 7:41:10 AM Error: ORA-12535: TNS:operation timed out:Microsoft OLE DB Provider for Oracle 
     Parameters: None
2/22/2008 7:41:10 AM Error: Must specify value for source.:Common:LogEvent:System 
     Parameters: None
2/22/2008 7:41:10 AM Error: ORA-12535: TNS:operation timed out:Microsoft OLE DB Provider for Oracle 
     Parameters: None
2/22/2008 7:41:10 AM Error: Must specify value for source.:Common:LogEvent:System 
     Parameters: None
2/22/2008 8:46:21 AM Error: ORA-12535: TNS:operation timed out:Microsoft OLE DB Provider for Oracle 
     Parameters: None
2/22/2008 8:46:22 AM Error: Must specify value for source.:Common:LogEvent:System 
     Parameters: None
2/22/2008 8:47:07 AM Error: ORA-12535: TNS:operation timed out:Microsoft OLE DB Provider for Oracle 
     Parameters: None
2/22/2008 8:47:08 AM Error: Must specify value for source.:Common:LogEvent:System 
     Parameters: None
2/22/2008 8:47:53 AM Error: ORA-12535: TNS:operation timed out:Microsoft OLE DB Provider for Oracle 
     Parameters: None
2/22/2008 8:47:53 AM Error: Must specify value for source.:Common:LogEvent:System 
     Parameters: None
2/22/2008 8:50:34 AM Error: ORA-12541: TNS:no listener:Microsoft OLE DB Provider for Oracle 
     Parameters: None
2/22/2008 8:50:34 AM Error: Must specify value for source.:Common:LogEvent:System 
     Parameters: None
2/22/2008 8:50:35 AM Error: ORA-12541: TNS:no listener:Microsoft OLE DB Provider for Oracle 
     Parameters: None
2/22/2008 8:50:35 AM Error: Must specify value for source.:Common:LogEvent:System 
     Parameters: None
2/22/2008 8:50:35 AM Error: ORA-12541: TNS:no listener:Microsoft OLE DB Provider for Oracle 
     Parameters: None
2/22/2008 8:50:35 AM Error: Must specify value for source.:Common:LogEvent:System 
     Parameters: None
