9/25/2009 9:53:12 AM Error: Thread was being aborted.:mscorlib 
     Parameters: None
9/25/2009 9:53:12 AM Error: Must specify value for source.:Common:LogEvent:System 
     Parameters: None
9/25/2009 9:56:50 AM Error: Thread was being aborted.:mscorlib 
     Parameters: None
9/25/2009 9:56:50 AM Error: Must specify value for source.:Common:LogEvent:System 
     Parameters: None
9/25/2009 10:37:52 AM Error: Thread was being aborted.:mscorlib 
     Parameters: None
9/25/2009 10:37:52 AM Error: Must specify value for source.:Common:LogEvent:System 
     Parameters: None
9/25/2009 10:39:43 AM Error: Thread was being aborted.:mscorlib 
     Parameters: None
9/25/2009 10:39:43 AM Error: Must specify value for source.:Common:LogEvent:System 
     Parameters: None
9/25/2009 1:30:03 PM Error: Thread was being aborted.:mscorlib 
     Parameters: None
9/25/2009 1:30:03 PM Error: Must specify value for source.:Common:LogEvent:System 
     Parameters: None
9/25/2009 4:08:51 PM Error: Thread was being aborted.:mscorlib 
     Parameters: None
9/25/2009 4:08:51 PM Error: Must specify value for source.:Common:LogEvent:System 
     Parameters: None
9/25/2009 4:10:16 PM Error: Thread was being aborted.:mscorlib 
     Parameters: None
9/25/2009 4:10:16 PM Error: Must specify value for source.:Common:LogEvent:System 
     Parameters: None
