4/21/2009 8:29:35 AM Error: One or more errors occurred during processing of command.
ORA-00936: missing expression:Microsoft OLE DB Provider for Oracle 
     Parameters: None
4/21/2009 8:29:35 AM Error: Must specify value for source.:Common:LogEvent:System 
     Parameters: None
4/21/2009 8:42:57 AM Error: Thread was being aborted.:mscorlib 
     Parameters: None
4/21/2009 8:42:57 AM Error: Must specify value for source.:Common:LogEvent:System 
     Parameters: None
4/21/2009 8:52:40 AM Error: Thread was being aborted.:mscorlib 
     Parameters: None
4/21/2009 8:52:40 AM Error: Must specify value for source.:Common:LogEvent:System 
     Parameters: None
4/21/2009 9:14:49 AM Error: Thread was being aborted.:mscorlib 
     Parameters: None
4/21/2009 9:14:49 AM Error: Must specify value for source.:Common:LogEvent:System 
     Parameters: None
4/21/2009 9:35:46 AM Error: Thread was being aborted.:mscorlib 
     Parameters: None
4/21/2009 9:35:46 AM Error: Must specify value for source.:Common:LogEvent:System 
     Parameters: None
4/21/2009 11:09:02 AM Error: Thread was being aborted.:mscorlib 
     Parameters: None
4/21/2009 11:09:02 AM Error: Must specify value for source.:Common:LogEvent:System 
     Parameters: None
4/21/2009 11:26:14 AM Error: Thread was being aborted.:mscorlib 
     Parameters: None
4/21/2009 11:26:14 AM Error: Must specify value for source.:Common:LogEvent:System 
     Parameters: None
4/21/2009 12:32:13 PM Error: Thread was being aborted.:mscorlib 
     Parameters: None
4/21/2009 12:32:13 PM Error: Must specify value for source.:Common:LogEvent:System 
     Parameters: None
4/21/2009 3:46:45 PM Error: Thread was being aborted.:mscorlib 
     Parameters: None
4/21/2009 3:46:45 PM Error: Must specify value for source.:Common:LogEvent:System 
     Parameters: None
