11/2/2005 8:38:03 AM Error: One or more errors occurred during processing of command.
ORA-00904: "SUB_STANDARD_PACK_ID": invalid identifier:Microsoft OLE DB Provider for Oracle 
     Parameters: None
11/2/2005 8:38:03 AM Error: Must specify value for source.:Common:LogEvent:System 
     Parameters: None
11/2/2005 8:38:16 AM Error: One or more errors occurred during processing of command.
ORA-00904: "SUB_STANDARD_PACK_ID": invalid identifier:Microsoft OLE DB Provider for Oracle 
     Parameters: None
11/2/2005 8:38:16 AM Error: Must specify value for source.:Common:LogEvent:System 
     Parameters: None
11/2/2005 8:40:45 AM Error: One or more errors occurred during processing of command.
ORA-00904: "SUB_STANDARD_PACK_ID": invalid identifier:Microsoft OLE DB Provider for Oracle 
     Parameters: None
11/2/2005 8:40:45 AM Error: Must specify value for source.:Common:LogEvent:System 
     Parameters: None
11/2/2005 8:50:07 AM Error: One or more errors occurred during processing of command.
ORA-00979: not a GROUP BY expression:Microsoft OLE DB Provider for Oracle 
     Parameters: None
11/2/2005 8:50:08 AM Error: Must specify value for source.:Common:LogEvent:System 
     Parameters: None
11/2/2005 8:50:29 AM Error: One or more errors occurred during processing of command.
ORA-00979: not a GROUP BY expression:Microsoft OLE DB Provider for Oracle 
     Parameters: None
11/2/2005 8:50:29 AM Error: Must specify value for source.:Common:LogEvent:System 
     Parameters: None
11/2/2005 8:50:39 AM Error: One or more errors occurred during processing of command.
ORA-00904: "SUB_STANDARD_PACK_ID": invalid identifier:Microsoft OLE DB Provider for Oracle 
     Parameters: None
11/2/2005 8:50:39 AM Error: Must specify value for source.:Common:LogEvent:System 
     Parameters: None
11/2/2005 8:50:46 AM Error: One or more errors occurred during processing of command.
ORA-00904: "SUB_STANDARD_PACK_ID": invalid identifier:Microsoft OLE DB Provider for Oracle 
     Parameters: None
11/2/2005 8:50:46 AM Error: Must specify value for source.:Common:LogEvent:System 
     Parameters: None
11/2/2005 8:50:49 AM Error: One or more errors occurred during processing of command.
ORA-00904: "SUB_STANDARD_PACK_ID": invalid identifier:Microsoft OLE DB Provider for Oracle 
     Parameters: None
11/2/2005 8:50:49 AM Error: Must specify value for source.:Common:LogEvent:System 
     Parameters: None
11/2/2005 8:50:57 AM Error: One or more errors occurred during processing of command.
ORA-00979: not a GROUP BY expression:Microsoft OLE DB Provider for Oracle 
     Parameters: None
11/2/2005 8:50:57 AM Error: Must specify value for source.:Common:LogEvent:System 
     Parameters: None
11/2/2005 8:51:34 AM Error: One or more errors occurred during processing of command.
ORA-00979: not a GROUP BY expression:Microsoft OLE DB Provider for Oracle 
     Parameters: None
11/2/2005 8:51:34 AM Error: Must specify value for source.:Common:LogEvent:System 
     Parameters: None
11/2/2005 8:51:55 AM Error: One or more errors occurred during processing of command.
ORA-00904: "SUB_STANDARD_PACK_ID": invalid identifier:Microsoft OLE DB Provider for Oracle 
     Parameters: None
11/2/2005 8:51:55 AM Error: Must specify value for source.:Common:LogEvent:System 
     Parameters: None
11/2/2005 8:58:23 AM Error: One or more errors occurred during processing of command.
ORA-00979: not a GROUP BY expression:Microsoft OLE DB Provider for Oracle 
     Parameters: None
11/2/2005 8:58:24 AM Error: Must specify value for source.:Common:LogEvent:System 
     Parameters: None
11/2/2005 9:00:43 AM Error: One or more errors occurred during processing of command.
ORA-00904: "SUB_STANDARD_PACK_ID": invalid identifier:Microsoft OLE DB Provider for Oracle 
     Parameters: None
11/2/2005 9:00:43 AM Error: Must specify value for source.:Common:LogEvent:System 
     Parameters: None
11/2/2005 9:04:47 AM Error: One or more errors occurred during processing of command.
ORA-00904: "SUB_STANDARD_PACK_ID": invalid identifier:Microsoft OLE DB Provider for Oracle 
     Parameters: None
11/2/2005 9:04:47 AM Error: Must specify value for source.:Common:LogEvent:System 
     Parameters: None
11/2/2005 9:22:53 AM Error: One or more errors occurred during processing of command.
ORA-00979: not a GROUP BY expression:Microsoft OLE DB Provider for Oracle 
     Parameters: None
11/2/2005 9:22:53 AM Error: Must specify value for source.:Common:LogEvent:System 
     Parameters: None
11/2/2005 9:24:25 AM Error: One or more errors occurred during processing of command.
ORA-00904: "SUB_STANDARD_PACK_ID": invalid identifier:Microsoft OLE DB Provider for Oracle 
     Parameters: None
11/2/2005 9:24:25 AM Error: Must specify value for source.:Common:LogEvent:System 
     Parameters: None
11/2/2005 9:27:01 AM Error: One or more errors occurred during processing of command.
ORA-00979: not a GROUP BY expression:Microsoft OLE DB Provider for Oracle 
     Parameters: None
11/2/2005 9:27:01 AM Error: Must specify value for source.:Common:LogEvent:System 
     Parameters: None
11/2/2005 9:28:04 AM Error: One or more errors occurred during processing of command.
ORA-00904: "SUB_STANDARD_PACK_ID": invalid identifier:Microsoft OLE DB Provider for Oracle 
     Parameters: None
11/2/2005 9:28:04 AM Error: Must specify value for source.:Common:LogEvent:System 
     Parameters: None
11/2/2005 9:29:40 AM Error: One or more errors occurred during processing of command.
ORA-00904: "SUB_STANDARD_PACK_ID": invalid identifier:Microsoft OLE DB Provider for Oracle 
     Parameters: None
11/2/2005 9:29:40 AM Error: Must specify value for source.:Common:LogEvent:System 
     Parameters: None
11/2/2005 9:34:37 AM Error: One or more errors occurred during processing of command.
ORA-00904: "SUB_STANDARD_PACK_ID": invalid identifier:Microsoft OLE DB Provider for Oracle 
     Parameters: None
11/2/2005 9:34:37 AM Error: Must specify value for source.:Common:LogEvent:System 
     Parameters: None
11/2/2005 12:00:11 PM Error: One or more errors occurred during processing of command.
ORA-00904: "SUB_STANDARD_PACK_ID": invalid identifier:Microsoft OLE DB Provider for Oracle 
     Parameters: None
11/2/2005 12:00:11 PM Error: Must specify value for source.:Common:LogEvent:System 
     Parameters: None
11/2/2005 12:00:15 PM Error: One or more errors occurred during processing of command.
ORA-00904: "SUB_STANDARD_PACK_ID": invalid identifier:Microsoft OLE DB Provider for Oracle 
     Parameters: None
11/2/2005 12:00:15 PM Error: Must specify value for source.:Common:LogEvent:System 
     Parameters: None
11/2/2005 12:00:18 PM Error: One or more errors occurred during processing of command.
ORA-00904: "SUB_STANDARD_PACK_ID": invalid identifier:Microsoft OLE DB Provider for Oracle 
     Parameters: None
11/2/2005 12:00:18 PM Error: Must specify value for source.:Common:LogEvent:System 
     Parameters: None
11/2/2005 12:00:21 PM Error: One or more errors occurred during processing of command.
ORA-00904: "SUB_STANDARD_PACK_ID": invalid identifier:Microsoft OLE DB Provider for Oracle 
     Parameters: None
11/2/2005 12:00:21 PM Error: Must specify value for source.:Common:LogEvent:System 
     Parameters: None
11/2/2005 12:00:38 PM Error: One or more errors occurred during processing of command.
ORA-00904: "SUB_STANDARD_PACK_ID": invalid identifier:Microsoft OLE DB Provider for Oracle 
     Parameters: None
11/2/2005 12:00:38 PM Error: Must specify value for source.:Common:LogEvent:System 
     Parameters: None
11/2/2005 12:00:42 PM Error: One or more errors occurred during processing of command.
ORA-00904: "SUB_STANDARD_PACK_ID": invalid identifier:Microsoft OLE DB Provider for Oracle 
     Parameters: None
11/2/2005 12:00:42 PM Error: Must specify value for source.:Common:LogEvent:System 
     Parameters: None
11/2/2005 12:00:45 PM Error: One or more errors occurred during processing of command.
ORA-00904: "SUB_STANDARD_PACK_ID": invalid identifier:Microsoft OLE DB Provider for Oracle 
     Parameters: None
11/2/2005 12:00:45 PM Error: Must specify value for source.:Common:LogEvent:System 
     Parameters: None
11/2/2005 12:13:12 PM Error: One or more errors occurred during processing of command.
ORA-00904: "SUB_STANDARD_PACK_ID": invalid identifier:Microsoft OLE DB Provider for Oracle 
     Parameters: None
11/2/2005 12:13:12 PM Error: Must specify value for source.:Common:LogEvent:System 
     Parameters: None
11/2/2005 12:14:58 PM Error: One or more errors occurred during processing of command.
ORA-00904: "SUB_STANDARD_PACK_ID": invalid identifier:Microsoft OLE DB Provider for Oracle 
     Parameters: None
11/2/2005 12:14:58 PM Error: Must specify value for source.:Common:LogEvent:System 
     Parameters: None
11/2/2005 12:46:57 PM Error: One or more errors occurred during processing of command.
ORA-00904: "SUB_STANDARD_PACK_ID": invalid identifier:Microsoft OLE DB Provider for Oracle 
     Parameters: None
11/2/2005 12:46:57 PM Error: Must specify value for source.:Common:LogEvent:System 
     Parameters: None
11/2/2005 12:48:46 PM Error: One or more errors occurred during processing of command.
ORA-00904: "SUB_STANDARD_PACK_ID": invalid identifier:Microsoft OLE DB Provider for Oracle 
     Parameters: None
11/2/2005 12:48:46 PM Error: Must specify value for source.:Common:LogEvent:System 
     Parameters: None
11/2/2005 1:00:22 PM Error: ORA-01847: day of month must be between 1 and last day of month:Microsoft OLE DB Provider for Oracle 
     Parameters: None
11/2/2005 1:00:22 PM Error: Must specify value for source.:Common:LogEvent:System 
     Parameters: None
11/2/2005 1:01:39 PM Error: ORA-01722: invalid number:Microsoft OLE DB Provider for Oracle 
     Parameters: None
11/2/2005 1:01:39 PM Error: Must specify value for source.:Common:LogEvent:System 
     Parameters: None
11/2/2005 1:01:56 PM Error: ORA-01722: invalid number:Microsoft OLE DB Provider for Oracle 
     Parameters: None
11/2/2005 1:01:56 PM Error: Must specify value for source.:Common:LogEvent:System 
     Parameters: None
11/2/2005 2:17:57 PM Error: Cast from string "1234" to type 'Date' is not valid.:Microsoft.VisualBasic 
     Parameters: None
11/2/2005 2:17:57 PM Error: Must specify value for source.:Common:LogEvent:System 
     Parameters: None
11/2/2005 2:18:00 PM Error: Cast from string "1234" to type 'Date' is not valid.:Microsoft.VisualBasic 
     Parameters: None
11/2/2005 2:18:00 PM Error: Must specify value for source.:Common:LogEvent:System 
     Parameters: None
11/2/2005 2:18:01 PM Error: Cast from string "1234" to type 'Date' is not valid.:Microsoft.VisualBasic 
     Parameters: None
11/2/2005 2:18:01 PM Error: Must specify value for source.:Common:LogEvent:System 
     Parameters: None
11/2/2005 2:18:29 PM Error: Cast from string "1234" to type 'Date' is not valid.:Microsoft.VisualBasic 
     Parameters: None
11/2/2005 2:18:29 PM Error: Must specify value for source.:Common:LogEvent:System 
     Parameters: None
11/2/2005 2:18:31 PM Error: Cast from string "1234" to type 'Date' is not valid.:Microsoft.VisualBasic 
     Parameters: None
11/2/2005 2:18:31 PM Error: Must specify value for source.:Common:LogEvent:System 
     Parameters: None
11/2/2005 2:18:32 PM Error: Cast from string "1234" to type 'Date' is not valid.:Microsoft.VisualBasic 
     Parameters: None
11/2/2005 2:18:32 PM Error: Must specify value for source.:Common:LogEvent:System 
     Parameters: None
11/2/2005 2:18:40 PM Error: Cast from string "1234" to type 'Date' is not valid.:Microsoft.VisualBasic 
     Parameters: None
11/2/2005 2:18:40 PM Error: Must specify value for source.:Common:LogEvent:System 
     Parameters: None
11/2/2005 2:22:56 PM Error: ORA-01722: invalid number:Microsoft OLE DB Provider for Oracle 
     Parameters: None
11/2/2005 2:22:56 PM Error: Must specify value for source.:Common:LogEvent:System 
     Parameters: None
11/2/2005 2:35:29 PM Error: ORA-01722: invalid number:Microsoft OLE DB Provider for Oracle 
     Parameters: None
11/2/2005 2:35:29 PM Error: Must specify value for source.:Common:LogEvent:System 
     Parameters: None
11/2/2005 2:36:13 PM Error: ORA-01722: invalid number:Microsoft OLE DB Provider for Oracle 
     Parameters: None
11/2/2005 2:36:13 PM Error: Must specify value for source.:Common:LogEvent:System 
     Parameters: None
11/2/2005 3:14:30 PM Error: Cast from string "fdgdfsg" to type 'Date' is not valid.:Microsoft.VisualBasic 
     Parameters: None
11/2/2005 3:14:30 PM Error: Must specify value for source.:Common:LogEvent:System 
     Parameters: None
11/2/2005 4:23:35 PM Error: Object reference not set to an instance of an object.:Plant23_BEC 
     Parameters: None
11/2/2005 4:23:35 PM Error: Must specify value for source.:Common:LogEvent:System 
     Parameters: None
11/2/2005 4:23:54 PM Error: Object reference not set to an instance of an object.:Plant23_BEC 
     Parameters: None
11/2/2005 4:23:54 PM Error: Must specify value for source.:Common:LogEvent:System 
     Parameters: None
11/2/2005 4:24:35 PM Error: Object reference not set to an instance of an object.:Plant23_BEC 
     Parameters: None
11/2/2005 4:24:35 PM Error: Must specify value for source.:Common:LogEvent:System 
     Parameters: None
11/2/2005 4:25:03 PM Error: Object reference not set to an instance of an object.:Plant23_BEC 
     Parameters: None
11/2/2005 4:25:03 PM Error: Must specify value for source.:Common:LogEvent:System 
     Parameters: None
11/2/2005 4:26:12 PM Error: Object reference not set to an instance of an object.:Plant23_BEC 
     Parameters: None
11/2/2005 4:26:12 PM Error: Must specify value for source.:Common:LogEvent:System 
     Parameters: None
11/2/2005 4:32:20 PM Error: Object reference not set to an instance of an object.:Plant23_BEC 
     Parameters: None
11/2/2005 4:32:20 PM Error: Must specify value for source.:Common:LogEvent:System 
     Parameters: None
