6/8/2007 11:36:49 AM Error: Thread was being aborted.:mscorlib 
     Parameters: None
6/8/2007 11:36:49 AM Error: Must specify value for source.:Common:LogEvent:System 
     Parameters: None
6/8/2007 11:39:20 AM Error: Thread was being aborted.:mscorlib 
     Parameters: None
6/8/2007 11:39:20 AM Error: Must specify value for source.:Common:LogEvent:System 
     Parameters: None
6/8/2007 11:39:53 AM Error: Thread was being aborted.:mscorlib 
     Parameters: None
6/8/2007 11:39:53 AM Error: Must specify value for source.:Common:LogEvent:System 
     Parameters: None
6/8/2007 11:41:05 AM Error: Thread was being aborted.:mscorlib 
     Parameters: None
6/8/2007 11:41:05 AM Error: Must specify value for source.:Common:LogEvent:System 
     Parameters: None
6/8/2007 11:42:20 AM Error: Thread was being aborted.:mscorlib 
     Parameters: None
6/8/2007 11:42:20 AM Error: Must specify value for source.:Common:LogEvent:System 
     Parameters: None
6/8/2007 1:20:19 PM Error: Thread was being aborted.:mscorlib 
     Parameters: None
6/8/2007 1:20:19 PM Error: Must specify value for source.:Common:LogEvent:System 
     Parameters: None
