9/19/2007 1:50:37 PM Error: One or more errors occurred during processing of command.
ORA-00936: missing expression:Microsoft OLE DB Provider for Oracle 
     Parameters: None
9/19/2007 1:50:37 PM Error: Must specify value for source.:Common:LogEvent:System 
     Parameters: None
9/19/2007 1:51:29 PM Error: One or more errors occurred during processing of command.
ORA-00936: missing expression:Microsoft OLE DB Provider for Oracle 
     Parameters: None
9/19/2007 1:51:29 PM Error: Must specify value for source.:Common:LogEvent:System 
     Parameters: None
9/19/2007 1:51:38 PM Error: One or more errors occurred during processing of command.
ORA-00936: missing expression:Microsoft OLE DB Provider for Oracle 
     Parameters: None
9/19/2007 1:51:38 PM Error: Must specify value for source.:Common:LogEvent:System 
     Parameters: None
9/19/2007 3:31:50 PM Error: Thread was being aborted.:mscorlib 
     Parameters: None
9/19/2007 3:31:50 PM Error: Must specify value for source.:Common:LogEvent:System 
     Parameters: None
9/19/2007 3:32:04 PM Error: Thread was being aborted.:mscorlib 
     Parameters: None
9/19/2007 3:32:04 PM Error: Must specify value for source.:Common:LogEvent:System 
     Parameters: None
