6/15/2018 12:06:47 AM Error: ORA-12154: TNS:could not resolve the connect identifier specified:OraOLEDB 
     Parameters: None
6/15/2018 12:06:47 AM Error: Must specify value for source.:Common:LogEvent:System 
     Parameters: None
6/15/2018 12:06:47 AM Error: ORA-12154: TNS:could not resolve the connect identifier specified:OraOLEDB 
     Parameters: None
6/15/2018 12:06:47 AM Error: Must specify value for source.:Common:LogEvent:System 
     Parameters: None
6/15/2018 12:06:47 AM Error: ORA-12154: TNS:could not resolve the connect identifier specified:OraOLEDB 
     Parameters: None
6/15/2018 12:06:47 AM Error: Must specify value for source.:Common:LogEvent:System 
     Parameters: None
6/15/2018 12:08:35 AM Error: ORA-12154: TNS:could not resolve the connect identifier specified:OraOLEDB 
     Parameters: None
6/15/2018 12:08:35 AM Error: Must specify value for source.:Common:LogEvent:System 
     Parameters: None
6/15/2018 12:08:35 AM Error: ORA-12154: TNS:could not resolve the connect identifier specified:OraOLEDB 
     Parameters: None
6/15/2018 12:08:35 AM Error: Must specify value for source.:Common:LogEvent:System 
     Parameters: None
6/15/2018 12:08:35 AM Error: ORA-12154: TNS:could not resolve the connect identifier specified:OraOLEDB 
     Parameters: None
6/15/2018 12:08:35 AM Error: Must specify value for source.:Common:LogEvent:System 
     Parameters: None
6/15/2018 12:08:41 AM Error: ORA-12154: TNS:could not resolve the connect identifier specified:OraOLEDB 
     Parameters: None
6/15/2018 12:08:41 AM Error: Must specify value for source.:Common:LogEvent:System 
     Parameters: None
6/15/2018 12:08:41 AM Error: ORA-12154: TNS:could not resolve the connect identifier specified:OraOLEDB 
     Parameters: None
6/15/2018 12:08:41 AM Error: Must specify value for source.:Common:LogEvent:System 
     Parameters: None
6/15/2018 12:08:41 AM Error: ORA-12154: TNS:could not resolve the connect identifier specified:OraOLEDB 
     Parameters: None
6/15/2018 12:08:41 AM Error: Must specify value for source.:Common:LogEvent:System 
     Parameters: None
6/15/2018 12:10:22 AM Error: ORA-12154: TNS:could not resolve the connect identifier specified:OraOLEDB 
     Parameters: None
6/15/2018 12:10:22 AM Error: Must specify value for source.:Common:LogEvent:System 
     Parameters: None
6/15/2018 12:10:22 AM Error: ORA-12154: TNS:could not resolve the connect identifier specified:OraOLEDB 
     Parameters: None
6/15/2018 12:10:22 AM Error: Must specify value for source.:Common:LogEvent:System 
     Parameters: None
6/15/2018 12:10:22 AM Error: ORA-12154: TNS:could not resolve the connect identifier specified:OraOLEDB 
     Parameters: None
6/15/2018 12:10:22 AM Error: Must specify value for source.:Common:LogEvent:System 
     Parameters: None
6/15/2018 12:10:23 AM Error: ORA-12154: TNS:could not resolve the connect identifier specified:OraOLEDB 
     Parameters: None
6/15/2018 12:10:23 AM Error: Must specify value for source.:Common:LogEvent:System 
     Parameters: None
6/15/2018 12:10:23 AM Error: ORA-12154: TNS:could not resolve the connect identifier specified:OraOLEDB 
     Parameters: None
6/15/2018 12:10:23 AM Error: Must specify value for source.:Common:LogEvent:System 
     Parameters: None
6/15/2018 12:10:23 AM Error: ORA-12154: TNS:could not resolve the connect identifier specified:OraOLEDB 
     Parameters: None
6/15/2018 12:10:23 AM Error: Must specify value for source.:Common:LogEvent:System 
     Parameters: None
6/15/2018 12:10:23 AM Error: ORA-12154: TNS:could not resolve the connect identifier specified:OraOLEDB 
     Parameters: None
6/15/2018 12:10:23 AM Error: Must specify value for source.:Common:LogEvent:System 
     Parameters: None
6/15/2018 12:10:23 AM Error: ORA-12154: TNS:could not resolve the connect identifier specified:OraOLEDB 
     Parameters: None
6/15/2018 12:10:23 AM Error: Must specify value for source.:Common:LogEvent:System 
     Parameters: None
6/15/2018 12:10:23 AM Error: ORA-12154: TNS:could not resolve the connect identifier specified:OraOLEDB 
     Parameters: None
6/15/2018 12:10:23 AM Error: Must specify value for source.:Common:LogEvent:System 
     Parameters: None
6/15/2018 12:10:24 AM Error: ORA-12154: TNS:could not resolve the connect identifier specified:OraOLEDB 
     Parameters: None
6/15/2018 12:10:24 AM Error: Must specify value for source.:Common:LogEvent:System 
     Parameters: None
6/15/2018 12:10:24 AM Error: ORA-12154: TNS:could not resolve the connect identifier specified:OraOLEDB 
     Parameters: None
6/15/2018 12:10:24 AM Error: Must specify value for source.:Common:LogEvent:System 
     Parameters: None
6/15/2018 12:10:24 AM Error: ORA-12154: TNS:could not resolve the connect identifier specified:OraOLEDB 
     Parameters: None
6/15/2018 12:10:24 AM Error: Must specify value for source.:Common:LogEvent:System 
     Parameters: None
6/15/2018 12:10:24 AM Error: ORA-12154: TNS:could not resolve the connect identifier specified:OraOLEDB 
     Parameters: None
6/15/2018 12:10:24 AM Error: Must specify value for source.:Common:LogEvent:System 
     Parameters: None
6/15/2018 12:10:24 AM Error: ORA-12154: TNS:could not resolve the connect identifier specified:OraOLEDB 
     Parameters: None
6/15/2018 12:10:24 AM Error: Must specify value for source.:Common:LogEvent:System 
     Parameters: None
6/15/2018 12:10:24 AM Error: ORA-12154: TNS:could not resolve the connect identifier specified:OraOLEDB 
     Parameters: None
6/15/2018 12:10:24 AM Error: Must specify value for source.:Common:LogEvent:System 
     Parameters: None
6/15/2018 12:10:24 AM Error: ORA-12154: TNS:could not resolve the connect identifier specified:OraOLEDB 
     Parameters: None
6/15/2018 12:10:24 AM Error: Must specify value for source.:Common:LogEvent:System 
     Parameters: None
6/15/2018 12:10:24 AM Error: ORA-12154: TNS:could not resolve the connect identifier specified:OraOLEDB 
     Parameters: None
6/15/2018 12:10:24 AM Error: Must specify value for source.:Common:LogEvent:System 
     Parameters: None
6/15/2018 12:10:24 AM Error: ORA-12154: TNS:could not resolve the connect identifier specified:OraOLEDB 
     Parameters: None
6/15/2018 12:10:24 AM Error: Must specify value for source.:Common:LogEvent:System 
     Parameters: None
6/15/2018 12:10:33 AM Error: ORA-12154: TNS:could not resolve the connect identifier specified:OraOLEDB 
     Parameters: None
6/15/2018 12:10:33 AM Error: Must specify value for source.:Common:LogEvent:System 
     Parameters: None
6/15/2018 12:10:33 AM Error: ORA-12154: TNS:could not resolve the connect identifier specified:OraOLEDB 
     Parameters: None
6/15/2018 12:10:33 AM Error: Must specify value for source.:Common:LogEvent:System 
     Parameters: None
6/15/2018 12:10:33 AM Error: ORA-12154: TNS:could not resolve the connect identifier specified:OraOLEDB 
     Parameters: None
6/15/2018 12:10:33 AM Error: Must specify value for source.:Common:LogEvent:System 
     Parameters: None
6/15/2018 12:27:59 AM Error: ORA-12154: TNS:could not resolve the connect identifier specified:OraOLEDB 
     Parameters: None
6/15/2018 12:27:59 AM Error: Must specify value for source.:Common:LogEvent:System 
     Parameters: None
6/15/2018 12:27:59 AM Error: ORA-12154: TNS:could not resolve the connect identifier specified:OraOLEDB 
     Parameters: None
6/15/2018 12:27:59 AM Error: Must specify value for source.:Common:LogEvent:System 
     Parameters: None
6/15/2018 12:27:59 AM Error: ORA-12154: TNS:could not resolve the connect identifier specified:OraOLEDB 
     Parameters: None
6/15/2018 12:27:59 AM Error: Must specify value for source.:Common:LogEvent:System 
     Parameters: None
6/15/2018 12:30:12 AM Error: ORA-12154: TNS:could not resolve the connect identifier specified:OraOLEDB 
     Parameters: None
6/15/2018 12:30:12 AM Error: Must specify value for source.:Common:LogEvent:System 
     Parameters: None
6/15/2018 12:30:12 AM Error: ORA-12154: TNS:could not resolve the connect identifier specified:OraOLEDB 
     Parameters: None
6/15/2018 12:30:12 AM Error: Must specify value for source.:Common:LogEvent:System 
     Parameters: None
6/15/2018 12:30:12 AM Error: ORA-12154: TNS:could not resolve the connect identifier specified:OraOLEDB 
     Parameters: None
6/15/2018 12:30:12 AM Error: Must specify value for source.:Common:LogEvent:System 
     Parameters: None
6/15/2018 12:30:22 AM Error: ORA-12154: TNS:could not resolve the connect identifier specified:OraOLEDB 
     Parameters: None
6/15/2018 12:30:22 AM Error: Must specify value for source.:Common:LogEvent:System 
     Parameters: None
6/15/2018 12:30:22 AM Error: ORA-12154: TNS:could not resolve the connect identifier specified:OraOLEDB 
     Parameters: None
6/15/2018 12:30:22 AM Error: Must specify value for source.:Common:LogEvent:System 
     Parameters: None
6/15/2018 12:30:22 AM Error: ORA-12154: TNS:could not resolve the connect identifier specified:OraOLEDB 
     Parameters: None
6/15/2018 12:30:22 AM Error: Must specify value for source.:Common:LogEvent:System 
     Parameters: None
6/15/2018 12:30:40 AM Error: ORA-12154: TNS:could not resolve the connect identifier specified:OraOLEDB 
     Parameters: None
6/15/2018 12:30:40 AM Error: Must specify value for source.:Common:LogEvent:System 
     Parameters: None
6/15/2018 12:30:40 AM Error: ORA-12154: TNS:could not resolve the connect identifier specified:OraOLEDB 
     Parameters: None
6/15/2018 12:30:40 AM Error: Must specify value for source.:Common:LogEvent:System 
     Parameters: None
6/15/2018 12:30:40 AM Error: ORA-12154: TNS:could not resolve the connect identifier specified:OraOLEDB 
     Parameters: None
6/15/2018 12:30:40 AM Error: Must specify value for source.:Common:LogEvent:System 
     Parameters: None
6/15/2018 12:31:18 AM Error: ORA-12154: TNS:could not resolve the connect identifier specified:OraOLEDB 
     Parameters: None
6/15/2018 12:31:18 AM Error: Must specify value for source.:Common:LogEvent:System 
     Parameters: None
6/15/2018 12:31:18 AM Error: ORA-12154: TNS:could not resolve the connect identifier specified:OraOLEDB 
     Parameters: None
6/15/2018 12:31:18 AM Error: Must specify value for source.:Common:LogEvent:System 
     Parameters: None
6/15/2018 12:31:18 AM Error: ORA-12154: TNS:could not resolve the connect identifier specified:OraOLEDB 
     Parameters: None
6/15/2018 12:31:18 AM Error: Must specify value for source.:Common:LogEvent:System 
     Parameters: None
6/15/2018 12:31:22 AM Error: ORA-12154: TNS:could not resolve the connect identifier specified:OraOLEDB 
     Parameters: None
6/15/2018 12:31:22 AM Error: Must specify value for source.:Common:LogEvent:System 
     Parameters: None
6/15/2018 12:31:22 AM Error: ORA-12154: TNS:could not resolve the connect identifier specified:OraOLEDB 
     Parameters: None
6/15/2018 12:31:22 AM Error: Must specify value for source.:Common:LogEvent:System 
     Parameters: None
6/15/2018 12:31:22 AM Error: ORA-12154: TNS:could not resolve the connect identifier specified:OraOLEDB 
     Parameters: None
6/15/2018 12:31:22 AM Error: Must specify value for source.:Common:LogEvent:System 
     Parameters: None
6/15/2018 12:31:28 AM Error: ORA-12154: TNS:could not resolve the connect identifier specified:OraOLEDB 
     Parameters: None
6/15/2018 12:31:28 AM Error: Must specify value for source.:Common:LogEvent:System 
     Parameters: None
6/15/2018 12:31:28 AM Error: ORA-12154: TNS:could not resolve the connect identifier specified:OraOLEDB 
     Parameters: None
6/15/2018 12:31:28 AM Error: Must specify value for source.:Common:LogEvent:System 
     Parameters: None
6/15/2018 12:31:28 AM Error: ORA-12154: TNS:could not resolve the connect identifier specified:OraOLEDB 
     Parameters: None
6/15/2018 12:31:28 AM Error: Must specify value for source.:Common:LogEvent:System 
     Parameters: None
6/15/2018 12:32:11 AM Error: ORA-12154: TNS:could not resolve the connect identifier specified:OraOLEDB 
     Parameters: None
6/15/2018 12:32:11 AM Error: Must specify value for source.:Common:LogEvent:System 
     Parameters: None
6/15/2018 12:32:11 AM Error: ORA-12154: TNS:could not resolve the connect identifier specified:OraOLEDB 
     Parameters: None
6/15/2018 12:32:11 AM Error: Must specify value for source.:Common:LogEvent:System 
     Parameters: None
6/15/2018 12:32:11 AM Error: ORA-12154: TNS:could not resolve the connect identifier specified:OraOLEDB 
     Parameters: None
6/15/2018 12:32:11 AM Error: Must specify value for source.:Common:LogEvent:System 
     Parameters: None
6/15/2018 8:40:54 AM Error: ORA-12154: TNS:could not resolve the connect identifier specified:OraOLEDB 
     Parameters: None
6/15/2018 8:40:55 AM Error: Must specify value for source.:Common:LogEvent:System 
     Parameters: None
6/15/2018 8:40:55 AM Error: ORA-12154: TNS:could not resolve the connect identifier specified:OraOLEDB 
     Parameters: None
6/15/2018 8:40:55 AM Error: Must specify value for source.:Common:LogEvent:System 
     Parameters: None
6/15/2018 8:40:55 AM Error: ORA-12154: TNS:could not resolve the connect identifier specified:OraOLEDB 
     Parameters: None
6/15/2018 8:40:55 AM Error: Must specify value for source.:Common:LogEvent:System 
     Parameters: None
6/15/2018 9:04:20 AM Error: ORA-12154: TNS:could not resolve the connect identifier specified:OraOLEDB 
     Parameters: None
6/15/2018 9:04:20 AM Error: Must specify value for source.:Common:LogEvent:System 
     Parameters: None
6/15/2018 9:04:20 AM Error: ORA-12154: TNS:could not resolve the connect identifier specified:OraOLEDB 
     Parameters: None
6/15/2018 9:04:20 AM Error: Must specify value for source.:Common:LogEvent:System 
     Parameters: None
6/15/2018 9:04:20 AM Error: ORA-12154: TNS:could not resolve the connect identifier specified:OraOLEDB 
     Parameters: None
6/15/2018 9:04:20 AM Error: Must specify value for source.:Common:LogEvent:System 
     Parameters: None
6/15/2018 9:04:46 AM Error: ORA-12154: TNS:could not resolve the connect identifier specified:OraOLEDB 
     Parameters: None
6/15/2018 9:04:46 AM Error: Must specify value for source.:Common:LogEvent:System 
     Parameters: None
6/15/2018 9:04:46 AM Error: ORA-12154: TNS:could not resolve the connect identifier specified:OraOLEDB 
     Parameters: None
6/15/2018 9:04:46 AM Error: Must specify value for source.:Common:LogEvent:System 
     Parameters: None
6/15/2018 9:04:46 AM Error: ORA-12154: TNS:could not resolve the connect identifier specified:OraOLEDB 
     Parameters: None
6/15/2018 9:04:46 AM Error: Must specify value for source.:Common:LogEvent:System 
     Parameters: None
6/15/2018 9:10:08 AM Error: ORA-12154: TNS:could not resolve the connect identifier specified:OraOLEDB 
     Parameters: None
6/15/2018 9:10:08 AM Error: Must specify value for source.:Common:LogEvent:System 
     Parameters: None
6/15/2018 9:10:08 AM Error: ORA-12154: TNS:could not resolve the connect identifier specified:OraOLEDB 
     Parameters: None
6/15/2018 9:10:08 AM Error: Must specify value for source.:Common:LogEvent:System 
     Parameters: None
6/15/2018 9:10:08 AM Error: ORA-12154: TNS:could not resolve the connect identifier specified:OraOLEDB 
     Parameters: None
6/15/2018 9:10:08 AM Error: Must specify value for source.:Common:LogEvent:System 
     Parameters: None
6/15/2018 9:14:16 AM Error: ORA-12154: TNS:could not resolve the connect identifier specified:OraOLEDB 
     Parameters: None
6/15/2018 9:14:16 AM Error: Must specify value for source.:Common:LogEvent:System 
     Parameters: None
6/15/2018 9:14:16 AM Error: ORA-12154: TNS:could not resolve the connect identifier specified:OraOLEDB 
     Parameters: None
6/15/2018 9:14:16 AM Error: Must specify value for source.:Common:LogEvent:System 
     Parameters: None
6/15/2018 9:14:16 AM Error: ORA-12154: TNS:could not resolve the connect identifier specified:OraOLEDB 
     Parameters: None
6/15/2018 9:14:16 AM Error: Must specify value for source.:Common:LogEvent:System 
     Parameters: None
6/15/2018 9:15:22 AM Error: ORA-12154: TNS:could not resolve the connect identifier specified:OraOLEDB 
     Parameters: None
6/15/2018 9:15:22 AM Error: Must specify value for source.:Common:LogEvent:System 
     Parameters: None
6/15/2018 9:15:22 AM Error: ORA-12154: TNS:could not resolve the connect identifier specified:OraOLEDB 
     Parameters: None
6/15/2018 9:15:22 AM Error: Must specify value for source.:Common:LogEvent:System 
     Parameters: None
6/15/2018 9:15:22 AM Error: ORA-12154: TNS:could not resolve the connect identifier specified:OraOLEDB 
     Parameters: None
6/15/2018 9:15:22 AM Error: Must specify value for source.:Common:LogEvent:System 
     Parameters: None
6/15/2018 9:15:33 AM Error: ORA-12154: TNS:could not resolve the connect identifier specified:OraOLEDB 
     Parameters: None
6/15/2018 9:15:33 AM Error: Must specify value for source.:Common:LogEvent:System 
     Parameters: None
6/15/2018 9:15:33 AM Error: ORA-12154: TNS:could not resolve the connect identifier specified:OraOLEDB 
     Parameters: None
6/15/2018 9:15:33 AM Error: Must specify value for source.:Common:LogEvent:System 
     Parameters: None
6/15/2018 9:15:33 AM Error: ORA-12154: TNS:could not resolve the connect identifier specified:OraOLEDB 
     Parameters: None
6/15/2018 9:15:33 AM Error: Must specify value for source.:Common:LogEvent:System 
     Parameters: None
6/15/2018 9:37:35 AM Error: ORA-12154: TNS:could not resolve the connect identifier specified:OraOLEDB 
     Parameters: None
6/15/2018 9:37:35 AM Error: Must specify value for source.:Common:LogEvent:System 
     Parameters: None
6/15/2018 9:37:35 AM Error: ORA-12154: TNS:could not resolve the connect identifier specified:OraOLEDB 
     Parameters: None
6/15/2018 9:37:35 AM Error: Must specify value for source.:Common:LogEvent:System 
     Parameters: None
6/15/2018 9:37:35 AM Error: ORA-12154: TNS:could not resolve the connect identifier specified:OraOLEDB 
     Parameters: None
6/15/2018 9:37:35 AM Error: Must specify value for source.:Common:LogEvent:System 
     Parameters: None
6/15/2018 3:16:49 PM Error: Thread was being aborted.:mscorlib 
     Parameters: None
6/15/2018 3:16:49 PM Error: Must specify value for source.:Common:LogEvent:System 
     Parameters: None
