3/3/2006 12:26:19 PM Error: ORA-12154: TNS:could not resolve service name:Microsoft OLE DB Provider for Oracle 
     Parameters: None
3/3/2006 12:26:19 PM Error: Must specify value for source.:Common:LogEvent:System 
     Parameters: None
3/3/2006 12:26:19 PM Error: ORA-12154: TNS:could not resolve service name:Microsoft OLE DB Provider for Oracle 
     Parameters: None
3/3/2006 12:26:19 PM Error: Must specify value for source.:Common:LogEvent:System 
     Parameters: None
3/3/2006 12:26:19 PM Error: ORA-12154: TNS:could not resolve service name:Microsoft OLE DB Provider for Oracle 
     Parameters: None
3/3/2006 12:26:19 PM Error: Must specify value for source.:Common:LogEvent:System 
     Parameters: None
3/3/2006 2:11:48 PM Error: Thread was being aborted.:mscorlib 
     Parameters: None
3/3/2006 2:11:48 PM Error: Must specify value for source.:Common:LogEvent:System 
     Parameters: None
3/3/2006 3:10:27 PM Error: ORA-12541: TNS:no listener:Microsoft OLE DB Provider for Oracle 
     Parameters: None
3/3/2006 3:10:27 PM Error: Must specify value for source.:Common:LogEvent:System 
     Parameters: None
3/3/2006 3:10:27 PM Error: ORA-12541: TNS:no listener:Microsoft OLE DB Provider for Oracle 
     Parameters: None
3/3/2006 3:10:27 PM Error: Must specify value for source.:Common:LogEvent:System 
     Parameters: None
3/3/2006 3:10:27 PM Error: ORA-12541: TNS:no listener:Microsoft OLE DB Provider for Oracle 
     Parameters: None
3/3/2006 3:10:27 PM Error: Must specify value for source.:Common:LogEvent:System 
     Parameters: None
3/3/2006 3:12:20 PM Error: ORA-12541: TNS:no listener:Microsoft OLE DB Provider for Oracle 
     Parameters: None
3/3/2006 3:12:20 PM Error: Must specify value for source.:Common:LogEvent:System 
     Parameters: None
